2025-03-13 12:59:55,110 - CircuitSimulator - DEBUG - WorkArea 初始化完成
2025-03-13 12:59:58,056 - CircuitSimulator - DEBUG - 鼠标按下事件: pos=PyQt6.QtCore.QPointF(-84.0, -109.0)
2025-03-13 12:59:58,057 - CircuitSimulator - DEBUG - 点击项类型: <class 'components.Component'>
2025-03-13 12:59:58,057 - CircuitSimulator - DEBUG - 点击组件
2025-03-13 12:59:58,057 - CircuitSimulator - DEBUG - 开关状态改变: True
2025-03-13 12:59:59,232 - CircuitSimulator - DEBUG - 鼠标按下事件: pos=PyQt6.QtCore.QPointF(-67.0, -97.0)
2025-03-13 12:59:59,234 - CircuitSimulator - DEBUG - 点击项类型: <class 'components.Component'>
2025-03-13 12:59:59,236 - CircuitSimulator - DEBUG - 点击组件
2025-03-13 12:59:59,236 - CircuitSimulator - DEBUG - 开关状态改变: False
2025-03-13 13:00:00,135 - CircuitSimulator - DEBUG - 鼠标按下事件: pos=PyQt6.QtCore.QPointF(-78.0, -101.0)
2025-03-13 13:00:00,135 - CircuitSimulator - DEBUG - 点击项类型: <class 'components.Component'>
2025-03-13 13:00:00,135 - CircuitSimulator - DEBUG - 点击组件
2025-03-13 13:00:00,135 - CircuitSimulator - DEBUG - 开关状态改变: True
2025-03-13 13:00:07,760 - CircuitSimulator - DEBUG - 鼠标按下事件: pos=PyQt6.QtCore.QPointF(-73.0, -105.0)
2025-03-13 13:00:07,760 - CircuitSimulator - DEBUG - 点击项类型: <class 'components.Component'>
2025-03-13 13:00:07,760 - CircuitSimulator - DEBUG - 点击组件
2025-03-13 13:00:07,760 - CircuitSimulator - DEBUG - 开关状态改变: False
2025-03-13 13:00:09,055 - CircuitSimulator - DEBUG - 鼠标按下事件: pos=PyQt6.QtCore.QPointF(-37.0, -50.0)
2025-03-13 13:00:09,056 - CircuitSimulator - DEBUG - 点击项类型: <class 'components.ConnectionPoint'>
2025-03-13 13:00:09,056 - CircuitSimulator - DEBUG - 更新导线路径: start=PyQt6.QtCore.QPointF(-34.0, -53.0), end=PyQt6.QtCore.QPointF(-34.0, -53.0)
2025-03-13 13:00:09,056 - CircuitSimulator - DEBUG - 创建新导线: start_pos=PyQt6.QtCore.QPointF(-34.0, -53.0)
2025-03-13 13:00:09,056 - CircuitSimulator - DEBUG - 开始绘制导线: start_pos=PyQt6.QtCore.QPointF(-34.0, -53.0)
2025-03-13 13:00:09,116 - CircuitSimulator - DEBUG - 更新导线路径: start=PyQt6.QtCore.QPointF(-34.0, -53.0), end=PyQt6.QtCore.QPointF(-38.0, -51.0)
2025-03-13 13:00:09,116 - CircuitSimulator - DEBUG - 导线绘制跟随鼠标: pos=PyQt6.QtCore.QPointF(-38.0, -51.0)
2025-03-13 13:00:09,129 - CircuitSimulator - DEBUG - 更新导线路径: start=PyQt6.QtCore.QPointF(-34.0, -53.0), end=PyQt6.QtCore.QPointF(-39.0, -52.0)
2025-03-13 13:00:09,129 - CircuitSimulator - DEBUG - 导线绘制跟随鼠标: pos=PyQt6.QtCore.QPointF(-39.0, -52.0)
2025-03-13 13:00:09,135 - CircuitSimulator - DEBUG - 更新导线路径: start=PyQt6.QtCore.QPointF(-34.0, -53.0), end=PyQt6.QtCore.QPointF(-41.0, -52.0)
2025-03-13 13:00:09,136 - CircuitSimulator - DEBUG - 导线绘制跟随鼠标: pos=PyQt6.QtCore.QPointF(-41.0, -52.0)
2025-03-13 13:00:09,142 - CircuitSimulator - DEBUG - 更新导线路径: start=PyQt6.QtCore.QPointF(-34.0, -53.0), end=PyQt6.QtCore.QPointF(-44.0, -55.0)
2025-03-13 13:00:09,142 - CircuitSimulator - DEBUG - 导线绘制跟随鼠标: pos=PyQt6.QtCore.QPointF(-44.0, -55.0)
2025-03-13 13:00:09,151 - CircuitSimulator - DEBUG - 更新导线路径: start=PyQt6.QtCore.QPointF(-34.0, -53.0), end=PyQt6.QtCore.QPointF(-46.0, -56.0)
2025-03-13 13:00:09,151 - CircuitSimulator - DEBUG - 导线绘制跟随鼠标: pos=PyQt6.QtCore.QPointF(-46.0, -56.0)
2025-03-13 13:00:09,151 - CircuitSimulator - DEBUG - 更新导线路径: start=PyQt6.QtCore.QPointF(-34.0, -53.0), end=PyQt6.QtCore.QPointF(-49.0, -58.0)
2025-03-13 13:00:09,151 - CircuitSimulator - DEBUG - 导线绘制跟随鼠标: pos=PyQt6.QtCore.QPointF(-49.0, -58.0)
2025-03-13 13:00:09,158 - CircuitSimulator - DEBUG - 更新导线路径: start=PyQt6.QtCore.QPointF(-34.0, -53.0), end=PyQt6.QtCore.QPointF(-57.0, -63.0)
2025-03-13 13:00:09,158 - CircuitSimulator - DEBUG - 导线绘制跟随鼠标: pos=PyQt6.QtCore.QPointF(-57.0, -63.0)
2025-03-13 13:00:09,167 - CircuitSimulator - DEBUG - 更新导线路径: start=PyQt6.QtCore.QPointF(-34.0, -53.0), end=PyQt6.QtCore.QPointF(-70.0, -70.0)
2025-03-13 13:00:09,167 - CircuitSimulator - DEBUG - 导线绘制跟随鼠标: pos=PyQt6.QtCore.QPointF(-70.0, -70.0)
2025-03-13 13:00:09,173 - CircuitSimulator - DEBUG - 更新导线路径: start=PyQt6.QtCore.QPointF(-34.0, -53.0), end=PyQt6.QtCore.QPointF(-87.0, -76.0)
2025-03-13 13:00:09,173 - CircuitSimulator - DEBUG - 导线绘制跟随鼠标: pos=PyQt6.QtCore.QPointF(-87.0, -76.0)
2025-03-13 13:00:09,182 - CircuitSimulator - DEBUG - 更新导线路径: start=PyQt6.QtCore.QPointF(-34.0, -53.0), end=PyQt6.QtCore.QPointF(-96.0, -79.0)
2025-03-13 13:00:09,183 - CircuitSimulator - DEBUG - 导线绘制跟随鼠标: pos=PyQt6.QtCore.QPointF(-96.0, -79.0)
2025-03-13 13:00:09,188 - CircuitSimulator - DEBUG - 更新导线路径: start=PyQt6.QtCore.QPointF(-34.0, -53.0), end=PyQt6.QtCore.QPointF(-123.0, -88.0)
2025-03-13 13:00:09,188 - CircuitSimulator - DEBUG - 导线绘制跟随鼠标: pos=PyQt6.QtCore.QPointF(-123.0, -88.0)
2025-03-13 13:00:09,195 - CircuitSimulator - DEBUG - 更新导线路径: start=PyQt6.QtCore.QPointF(-34.0, -53.0), end=PyQt6.QtCore.QPointF(-131.0, -90.0)
2025-03-13 13:00:09,195 - CircuitSimulator - DEBUG - 导线绘制跟随鼠标: pos=PyQt6.QtCore.QPointF(-131.0, -90.0)
2025-03-13 13:00:09,201 - CircuitSimulator - DEBUG - 更新导线路径: start=PyQt6.QtCore.QPointF(-34.0, -53.0), end=PyQt6.QtCore.QPointF(-143.0, -94.0)
2025-03-13 13:00:09,201 - CircuitSimulator - DEBUG - 导线绘制跟随鼠标: pos=PyQt6.QtCore.QPointF(-143.0, -94.0)
2025-03-13 13:00:09,210 - CircuitSimulator - DEBUG - 更新导线路径: start=PyQt6.QtCore.QPointF(-34.0, -53.0), end=PyQt6.QtCore.QPointF(-150.0, -97.0)
2025-03-13 13:00:09,210 - CircuitSimulator - DEBUG - 导线绘制跟随鼠标: pos=PyQt6.QtCore.QPointF(-150.0, -97.0)
2025-03-13 13:00:09,216 - CircuitSimulator - DEBUG - 更新导线路径: start=PyQt6.QtCore.QPointF(-34.0, -53.0), end=PyQt6.QtCore.QPointF(-159.0, -100.0)
2025-03-13 13:00:09,216 - CircuitSimulator - DEBUG - 导线绘制跟随鼠标: pos=PyQt6.QtCore.QPointF(-159.0, -100.0)
2025-03-13 13:00:09,226 - CircuitSimulator - DEBUG - 更新导线路径: start=PyQt6.QtCore.QPointF(-34.0, -53.0), end=PyQt6.QtCore.QPointF(-165.0, -101.0)
2025-03-13 13:00:09,227 - CircuitSimulator - DEBUG - 导线绘制跟随鼠标: pos=PyQt6.QtCore.QPointF(-165.0, -101.0)
2025-03-13 13:00:09,232 - CircuitSimulator - DEBUG - 更新导线路径: start=PyQt6.QtCore.QPointF(-34.0, -53.0), end=PyQt6.QtCore.QPointF(-167.0, -102.0)
2025-03-13 13:00:09,232 - CircuitSimulator - DEBUG - 导线绘制跟随鼠标: pos=PyQt6.QtCore.QPointF(-167.0, -102.0)
2025-03-13 13:00:09,303 - CircuitSimulator - DEBUG - 更新导线路径: start=PyQt6.QtCore.QPointF(-34.0, -53.0), end=PyQt6.QtCore.QPointF(-168.0, -102.0)
2025-03-13 13:00:09,303 - CircuitSimulator - DEBUG - 导线绘制跟随鼠标: pos=PyQt6.QtCore.QPointF(-168.0, -102.0)
2025-03-13 13:00:09,316 - CircuitSimulator - DEBUG - 更新导线路径: start=PyQt6.QtCore.QPointF(-34.0, -53.0), end=PyQt6.QtCore.QPointF(-169.0, -102.0)
2025-03-13 13:00:09,316 - CircuitSimulator - DEBUG - 导线绘制跟随鼠标: pos=PyQt6.QtCore.QPointF(-169.0, -102.0)
2025-03-13 13:00:09,325 - CircuitSimulator - DEBUG - 更新导线路径: start=PyQt6.QtCore.QPointF(-34.0, -53.0), end=PyQt6.QtCore.QPointF(-170.0, -102.0)
2025-03-13 13:00:09,325 - CircuitSimulator - DEBUG - 导线绘制跟随鼠标: pos=PyQt6.QtCore.QPointF(-170.0, -102.0)
2025-03-13 13:00:09,331 - CircuitSimulator - DEBUG - 更新导线路径: start=PyQt6.QtCore.QPointF(-34.0, -53.0), end=PyQt6.QtCore.QPointF(-171.0, -102.0)
2025-03-13 13:00:09,331 - CircuitSimulator - DEBUG - 导线绘制跟随鼠标: pos=PyQt6.QtCore.QPointF(-171.0, -102.0)
2025-03-13 13:00:09,344 - CircuitSimulator - DEBUG - 更新导线路径: start=PyQt6.QtCore.QPointF(-34.0, -53.0), end=PyQt6.QtCore.QPointF(-171.0, -102.0)
2025-03-13 13:00:09,345 - CircuitSimulator - DEBUG - 导线绘制跟随鼠标: pos=PyQt6.QtCore.QPointF(-171.0, -102.0)
2025-03-13 13:00:09,346 - CircuitSimulator - DEBUG - 更新导线路径: start=PyQt6.QtCore.QPointF(-34.0, -53.0), end=PyQt6.QtCore.QPointF(-172.0, -102.0)
2025-03-13 13:00:09,346 - CircuitSimulator - DEBUG - 导线绘制跟随鼠标: pos=PyQt6.QtCore.QPointF(-172.0, -102.0)
2025-03-13 13:00:09,355 - CircuitSimulator - DEBUG - 更新导线路径: start=PyQt6.QtCore.QPointF(-34.0, -53.0), end=PyQt6.QtCore.QPointF(-173.0, -101.0)
2025-03-13 13:00:09,355 - CircuitSimulator - DEBUG - 导线绘制跟随鼠标: pos=PyQt6.QtCore.QPointF(-173.0, -101.0)
2025-03-13 13:00:09,367 - CircuitSimulator - DEBUG - 更新导线路径: start=PyQt6.QtCore.QPointF(-34.0, -53.0), end=PyQt6.QtCore.QPointF(-174.0, -101.0)
2025-03-13 13:00:09,367 - CircuitSimulator - DEBUG - 导线绘制跟随鼠标: pos=PyQt6.QtCore.QPointF(-174.0, -101.0)
2025-03-13 13:00:09,376 - CircuitSimulator - DEBUG - 更新导线路径: start=PyQt6.QtCore.QPointF(-34.0, -53.0), end=PyQt6.QtCore.QPointF(-174.0, -100.0)
2025-03-13 13:00:09,376 - CircuitSimulator - DEBUG - 导线绘制跟随鼠标: pos=PyQt6.QtCore.QPointF(-174.0, -100.0)
2025-03-13 13:00:09,383 - CircuitSimulator - DEBUG - 更新导线路径: start=PyQt6.QtCore.QPointF(-34.0, -53.0), end=PyQt6.QtCore.QPointF(-175.0, -100.0)
2025-03-13 13:00:09,383 - CircuitSimulator - DEBUG - 导线绘制跟随鼠标: pos=PyQt6.QtCore.QPointF(-175.0, -100.0)
2025-03-13 13:00:09,389 - CircuitSimulator - DEBUG - 更新导线路径: start=PyQt6.QtCore.QPointF(-34.0, -53.0), end=PyQt6.QtCore.QPointF(-175.0, -99.0)
2025-03-13 13:00:09,389 - CircuitSimulator - DEBUG - 导线绘制跟随鼠标: pos=PyQt6.QtCore.QPointF(-175.0, -99.0)
2025-03-13 13:00:09,395 - CircuitSimulator - DEBUG - 更新导线路径: start=PyQt6.QtCore.QPointF(-34.0, -53.0), end=PyQt6.QtCore.QPointF(-176.0, -99.0)
2025-03-13 13:00:09,395 - CircuitSimulator - DEBUG - 导线绘制跟随鼠标: pos=PyQt6.QtCore.QPointF(-176.0, -99.0)
2025-03-13 13:00:09,399 - CircuitSimulator - DEBUG - 更新导线路径: start=PyQt6.QtCore.QPointF(-34.0, -53.0), end=PyQt6.QtCore.QPointF(-177.0, -98.0)
2025-03-13 13:00:09,400 - CircuitSimulator - DEBUG - 导线绘制跟随鼠标: pos=PyQt6.QtCore.QPointF(-177.0, -98.0)
2025-03-13 13:00:09,405 - CircuitSimulator - DEBUG - 更新导线路径: start=PyQt6.QtCore.QPointF(-34.0, -53.0), end=PyQt6.QtCore.QPointF(-178.0, -97.0)
2025-03-13 13:00:09,405 - CircuitSimulator - DEBUG - 导线绘制跟随鼠标: pos=PyQt6.QtCore.QPointF(-178.0, -97.0)
2025-03-13 13:00:09,412 - CircuitSimulator - DEBUG - 更新导线路径: start=PyQt6.QtCore.QPointF(-34.0, -53.0), end=PyQt6.QtCore.QPointF(-178.0, -96.0)
2025-03-13 13:00:09,412 - CircuitSimulator - DEBUG - 导线绘制跟随鼠标: pos=PyQt6.QtCore.QPointF(-178.0, -96.0)
2025-03-13 13:00:09,417 - CircuitSimulator - DEBUG - 更新导线路径: start=PyQt6.QtCore.QPointF(-34.0, -53.0), end=PyQt6.QtCore.QPointF(-179.0, -96.0)
2025-03-13 13:00:09,417 - CircuitSimulator - DEBUG - 导线绘制跟随鼠标: pos=PyQt6.QtCore.QPointF(-179.0, -96.0)
2025-03-13 13:00:09,427 - CircuitSimulator - DEBUG - 更新导线路径: start=PyQt6.QtCore.QPointF(-34.0, -53.0), end=PyQt6.QtCore.QPointF(-179.0, -95.0)
2025-03-13 13:00:09,427 - CircuitSimulator - DEBUG - 导线绘制跟随鼠标: pos=PyQt6.QtCore.QPointF(-179.0, -95.0)
2025-03-13 13:00:09,484 - CircuitSimulator - DEBUG - 更新导线路径: start=PyQt6.QtCore.QPointF(-34.0, -53.0), end=PyQt6.QtCore.QPointF(-179.0, -94.0)
2025-03-13 13:00:09,484 - CircuitSimulator - DEBUG - 导线绘制跟随鼠标: pos=PyQt6.QtCore.QPointF(-179.0, -94.0)
2025-03-13 13:00:09,490 - CircuitSimulator - DEBUG - 更新导线路径: start=PyQt6.QtCore.QPointF(-34.0, -53.0), end=PyQt6.QtCore.QPointF(-179.0, -94.0)
2025-03-13 13:00:09,490 - CircuitSimulator - DEBUG - 导线绘制跟随鼠标: pos=PyQt6.QtCore.QPointF(-179.0, -94.0)
2025-03-13 13:00:09,495 - CircuitSimulator - DEBUG - 更新导线路径: start=PyQt6.QtCore.QPointF(-34.0, -53.0), end=PyQt6.QtCore.QPointF(-179.0, -93.0)
2025-03-13 13:00:09,495 - CircuitSimulator - DEBUG - 导线绘制跟随鼠标: pos=PyQt6.QtCore.QPointF(-179.0, -93.0)
2025-03-13 13:00:09,500 - CircuitSimulator - DEBUG - 更新导线路径: start=PyQt6.QtCore.QPointF(-34.0, -53.0), end=PyQt6.QtCore.QPointF(-179.0, -92.0)
2025-03-13 13:00:09,501 - CircuitSimulator - DEBUG - 导线绘制跟随鼠标: pos=PyQt6.QtCore.QPointF(-179.0, -92.0)
2025-03-13 13:00:09,509 - CircuitSimulator - DEBUG - 更新导线路径: start=PyQt6.QtCore.QPointF(-34.0, -53.0), end=PyQt6.QtCore.QPointF(-179.0, -92.0)
2025-03-13 13:00:09,509 - CircuitSimulator - DEBUG - 导线绘制跟随鼠标: pos=PyQt6.QtCore.QPointF(-179.0, -92.0)
2025-03-13 13:00:09,511 - CircuitSimulator - DEBUG - 更新导线路径: start=PyQt6.QtCore.QPointF(-34.0, -53.0), end=PyQt6.QtCore.QPointF(-179.0, -91.0)
2025-03-13 13:00:09,511 - CircuitSimulator - DEBUG - 导线绘制跟随鼠标: pos=PyQt6.QtCore.QPointF(-179.0, -91.0)
2025-03-13 13:00:09,518 - CircuitSimulator - DEBUG - 更新导线路径: start=PyQt6.QtCore.QPointF(-34.0, -53.0), end=PyQt6.QtCore.QPointF(-179.0, -90.0)
2025-03-13 13:00:09,519 - CircuitSimulator - DEBUG - 导线绘制跟随鼠标: pos=PyQt6.QtCore.QPointF(-179.0, -90.0)
2025-03-13 13:00:09,532 - CircuitSimulator - DEBUG - 更新导线路径: start=PyQt6.QtCore.QPointF(-34.0, -53.0), end=PyQt6.QtCore.QPointF(-175.0, -80.0)
2025-03-13 13:00:09,532 - CircuitSimulator - DEBUG - 导线绘制吸附到连接点: pos=PyQt6.QtCore.QPointF(-175.0, -80.0)
2025-03-13 13:00:09,544 - CircuitSimulator - DEBUG - 更新导线路径: start=PyQt6.QtCore.QPointF(-34.0, -53.0), end=PyQt6.QtCore.QPointF(-175.0, -80.0)
2025-03-13 13:00:09,544 - CircuitSimulator - DEBUG - 导线绘制吸附到连接点: pos=PyQt6.QtCore.QPointF(-175.0, -80.0)
2025-03-13 13:00:09,547 - CircuitSimulator - DEBUG - 更新导线路径: start=PyQt6.QtCore.QPointF(-34.0, -53.0), end=PyQt6.QtCore.QPointF(-175.0, -80.0)
2025-03-13 13:00:09,547 - CircuitSimulator - DEBUG - 导线绘制吸附到连接点: pos=PyQt6.QtCore.QPointF(-175.0, -80.0)
2025-03-13 13:00:09,551 - CircuitSimulator - DEBUG - 更新导线路径: start=PyQt6.QtCore.QPointF(-34.0, -53.0), end=PyQt6.QtCore.QPointF(-175.0, -80.0)
2025-03-13 13:00:09,551 - CircuitSimulator - DEBUG - 导线绘制吸附到连接点: pos=PyQt6.QtCore.QPointF(-175.0, -80.0)
2025-03-13 13:00:09,683 - CircuitSimulator - DEBUG - 更新导线路径: start=PyQt6.QtCore.QPointF(-34.0, -53.0), end=PyQt6.QtCore.QPointF(-175.0, -80.0)
2025-03-13 13:00:09,683 - CircuitSimulator - DEBUG - 导线绘制吸附到连接点: pos=PyQt6.QtCore.QPointF(-175.0, -80.0)
2025-03-13 13:00:09,688 - CircuitSimulator - DEBUG - 更新导线路径: start=PyQt6.QtCore.QPointF(-34.0, -53.0), end=PyQt6.QtCore.QPointF(-175.0, -80.0)
2025-03-13 13:00:09,688 - CircuitSimulator - DEBUG - 导线绘制吸附到连接点: pos=PyQt6.QtCore.QPointF(-175.0, -80.0)
2025-03-13 13:00:09,694 - CircuitSimulator - DEBUG - 更新导线路径: start=PyQt6.QtCore.QPointF(-34.0, -53.0), end=PyQt6.QtCore.QPointF(-175.0, -80.0)
2025-03-13 13:00:09,694 - CircuitSimulator - DEBUG - 导线绘制吸附到连接点: pos=PyQt6.QtCore.QPointF(-175.0, -80.0)
2025-03-13 13:00:09,930 - CircuitSimulator - DEBUG - 释放导线: pos=PyQt6.QtCore.QPointF(-173.0, -82.0), 找到目标点=True
2025-03-13 13:00:09,930 - CircuitSimulator - DEBUG - 更新导线路径: start=PyQt6.QtCore.QPointF(-34.0, -53.0), end=PyQt6.QtCore.QPointF(-175.0, -80.0)
2025-03-13 13:00:09,930 - CircuitSimulator - DEBUG - 导线连接完成
2025-03-13 13:00:13,377 - CircuitSimulator - DEBUG - 鼠标按下事件: pos=PyQt6.QtCore.QPointF(-387.0, -60.0)
2025-03-13 13:00:13,377 - CircuitSimulator - DEBUG - 点击项类型: <class 'NoneType'>
2025-03-13 13:00:17,172 - CircuitSimulator - DEBUG - 鼠标按下事件: pos=PyQt6.QtCore.QPointF(-422.0, -61.0)
2025-03-13 13:00:17,172 - CircuitSimulator - DEBUG - 点击项类型: <class 'components.Component'>
2025-03-13 13:00:17,172 - CircuitSimulator - DEBUG - 点击组件
2025-03-13 13:00:18,444 - CircuitSimulator - DEBUG - 鼠标按下事件: pos=PyQt6.QtCore.QPointF(-438.0, -81.0)
2025-03-13 13:00:18,444 - CircuitSimulator - DEBUG - 点击项类型: <class 'components.ConnectionPoint'>
2025-03-13 13:00:18,445 - CircuitSimulator - DEBUG - 更新导线路径: start=PyQt6.QtCore.QPointF(-438.0, -81.0), end=PyQt6.QtCore.QPointF(-438.0, -81.0)
2025-03-13 13:00:18,445 - CircuitSimulator - DEBUG - 创建新导线: start_pos=PyQt6.QtCore.QPointF(-438.0, -81.0)
2025-03-13 13:00:18,445 - CircuitSimulator - DEBUG - 开始绘制导线: start_pos=PyQt6.QtCore.QPointF(-438.0, -81.0)
2025-03-13 13:00:18,553 - CircuitSimulator - DEBUG - 更新导线路径: start=PyQt6.QtCore.QPointF(-438.0, -81.0), end=PyQt6.QtCore.QPointF(-437.0, -81.0)
2025-03-13 13:00:18,553 - CircuitSimulator - DEBUG - 导线绘制跟随鼠标: pos=PyQt6.QtCore.QPointF(-437.0, -81.0)
2025-03-13 13:00:18,553 - CircuitSimulator - DEBUG - 更新导线路径: start=PyQt6.QtCore.QPointF(-438.0, -81.0), end=PyQt6.QtCore.QPointF(-436.0, -81.0)
2025-03-13 13:00:18,553 - CircuitSimulator - DEBUG - 导线绘制跟随鼠标: pos=PyQt6.QtCore.QPointF(-436.0, -81.0)
2025-03-13 13:00:18,561 - CircuitSimulator - DEBUG - 更新导线路径: start=PyQt6.QtCore.QPointF(-438.0, -81.0), end=PyQt6.QtCore.QPointF(-435.0, -81.0)
2025-03-13 13:00:18,561 - CircuitSimulator - DEBUG - 导线绘制跟随鼠标: pos=PyQt6.QtCore.QPointF(-435.0, -81.0)
2025-03-13 13:00:18,561 - CircuitSimulator - DEBUG - 更新导线路径: start=PyQt6.QtCore.QPointF(-438.0, -81.0), end=PyQt6.QtCore.QPointF(-433.0, -81.0)
2025-03-13 13:00:18,561 - CircuitSimulator - DEBUG - 导线绘制跟随鼠标: pos=PyQt6.QtCore.QPointF(-433.0, -81.0)
2025-03-13 13:00:18,568 - CircuitSimulator - DEBUG - 更新导线路径: start=PyQt6.QtCore.QPointF(-438.0, -81.0), end=PyQt6.QtCore.QPointF(-430.0, -81.0)
2025-03-13 13:00:18,568 - CircuitSimulator - DEBUG - 导线绘制跟随鼠标: pos=PyQt6.QtCore.QPointF(-430.0, -81.0)
2025-03-13 13:00:18,578 - CircuitSimulator - DEBUG - 更新导线路径: start=PyQt6.QtCore.QPointF(-438.0, -81.0), end=PyQt6.QtCore.QPointF(-428.0, -80.0)
2025-03-13 13:00:18,578 - CircuitSimulator - DEBUG - 导线绘制跟随鼠标: pos=PyQt6.QtCore.QPointF(-428.0, -80.0)
2025-03-13 13:00:18,587 - CircuitSimulator - DEBUG - 更新导线路径: start=PyQt6.QtCore.QPointF(-438.0, -81.0), end=PyQt6.QtCore.QPointF(-425.0, -80.0)
2025-03-13 13:00:18,587 - CircuitSimulator - DEBUG - 导线绘制跟随鼠标: pos=PyQt6.QtCore.QPointF(-425.0, -80.0)
2025-03-13 13:00:18,592 - CircuitSimulator - DEBUG - 更新导线路径: start=PyQt6.QtCore.QPointF(-438.0, -81.0), end=PyQt6.QtCore.QPointF(-423.0, -80.0)
2025-03-13 13:00:18,592 - CircuitSimulator - DEBUG - 导线绘制跟随鼠标: pos=PyQt6.QtCore.QPointF(-423.0, -80.0)
2025-03-13 13:00:18,603 - CircuitSimulator - DEBUG - 更新导线路径: start=PyQt6.QtCore.QPointF(-438.0, -81.0), end=PyQt6.QtCore.QPointF(-421.0, -80.0)
2025-03-13 13:00:18,603 - CircuitSimulator - DEBUG - 导线绘制跟随鼠标: pos=PyQt6.QtCore.QPointF(-421.0, -80.0)
2025-03-13 13:00:18,609 - CircuitSimulator - DEBUG - 更新导线路径: start=PyQt6.QtCore.QPointF(-438.0, -81.0), end=PyQt6.QtCore.QPointF(-417.0, -80.0)
2025-03-13 13:00:18,609 - CircuitSimulator - DEBUG - 导线绘制跟随鼠标: pos=PyQt6.QtCore.QPointF(-417.0, -80.0)
2025-03-13 13:00:18,617 - CircuitSimulator - DEBUG - 更新导线路径: start=PyQt6.QtCore.QPointF(-438.0, -81.0), end=PyQt6.QtCore.QPointF(-415.0, -80.0)
2025-03-13 13:00:18,617 - CircuitSimulator - DEBUG - 导线绘制跟随鼠标: pos=PyQt6.QtCore.QPointF(-415.0, -80.0)
2025-03-13 13:00:18,623 - CircuitSimulator - DEBUG - 更新导线路径: start=PyQt6.QtCore.QPointF(-438.0, -81.0), end=PyQt6.QtCore.QPointF(-411.0, -80.0)
2025-03-13 13:00:18,623 - CircuitSimulator - DEBUG - 导线绘制跟随鼠标: pos=PyQt6.QtCore.QPointF(-411.0, -80.0)
2025-03-13 13:00:18,631 - CircuitSimulator - DEBUG - 更新导线路径: start=PyQt6.QtCore.QPointF(-438.0, -81.0), end=PyQt6.QtCore.QPointF(-410.0, -79.0)
2025-03-13 13:00:18,631 - CircuitSimulator - DEBUG - 导线绘制跟随鼠标: pos=PyQt6.QtCore.QPointF(-410.0, -79.0)
2025-03-13 13:00:18,637 - CircuitSimulator - DEBUG - 更新导线路径: start=PyQt6.QtCore.QPointF(-438.0, -81.0), end=PyQt6.QtCore.QPointF(-409.0, -79.0)
2025-03-13 13:00:18,637 - CircuitSimulator - DEBUG - 导线绘制跟随鼠标: pos=PyQt6.QtCore.QPointF(-409.0, -79.0)
2025-03-13 13:00:18,645 - CircuitSimulator - DEBUG - 更新导线路径: start=PyQt6.QtCore.QPointF(-438.0, -81.0), end=PyQt6.QtCore.QPointF(-408.0, -79.0)
2025-03-13 13:00:18,645 - CircuitSimulator - DEBUG - 导线绘制跟随鼠标: pos=PyQt6.QtCore.QPointF(-408.0, -79.0)
2025-03-13 13:00:18,653 - CircuitSimulator - DEBUG - 更新导线路径: start=PyQt6.QtCore.QPointF(-438.0, -81.0), end=PyQt6.QtCore.QPointF(-406.0, -78.0)
2025-03-13 13:00:18,653 - CircuitSimulator - DEBUG - 导线绘制跟随鼠标: pos=PyQt6.QtCore.QPointF(-406.0, -78.0)
2025-03-13 13:00:18,663 - CircuitSimulator - DEBUG - 更新导线路径: start=PyQt6.QtCore.QPointF(-438.0, -81.0), end=PyQt6.QtCore.QPointF(-405.0, -78.0)
2025-03-13 13:00:18,663 - CircuitSimulator - DEBUG - 导线绘制跟随鼠标: pos=PyQt6.QtCore.QPointF(-405.0, -78.0)
2025-03-13 13:00:18,672 - CircuitSimulator - DEBUG - 更新导线路径: start=PyQt6.QtCore.QPointF(-438.0, -81.0), end=PyQt6.QtCore.QPointF(-402.0, -78.0)
2025-03-13 13:00:18,672 - CircuitSimulator - DEBUG - 导线绘制跟随鼠标: pos=PyQt6.QtCore.QPointF(-402.0, -78.0)
2025-03-13 13:00:18,681 - CircuitSimulator - DEBUG - 更新导线路径: start=PyQt6.QtCore.QPointF(-438.0, -81.0), end=PyQt6.QtCore.QPointF(-399.0, -77.0)
2025-03-13 13:00:18,681 - CircuitSimulator - DEBUG - 导线绘制跟随鼠标: pos=PyQt6.QtCore.QPointF(-399.0, -77.0)
2025-03-13 13:00:18,688 - CircuitSimulator - DEBUG - 更新导线路径: start=PyQt6.QtCore.QPointF(-438.0, -81.0), end=PyQt6.QtCore.QPointF(-397.0, -77.0)
2025-03-13 13:00:18,688 - CircuitSimulator - DEBUG - 导线绘制跟随鼠标: pos=PyQt6.QtCore.QPointF(-397.0, -77.0)
2025-03-13 13:00:18,699 - CircuitSimulator - DEBUG - 更新导线路径: start=PyQt6.QtCore.QPointF(-438.0, -81.0), end=PyQt6.QtCore.QPointF(-394.0, -76.0)
2025-03-13 13:00:18,699 - CircuitSimulator - DEBUG - 导线绘制跟随鼠标: pos=PyQt6.QtCore.QPointF(-394.0, -76.0)
2025-03-13 13:00:18,710 - CircuitSimulator - DEBUG - 更新导线路径: start=PyQt6.QtCore.QPointF(-438.0, -81.0), end=PyQt6.QtCore.QPointF(-389.0, -76.0)
2025-03-13 13:00:18,710 - CircuitSimulator - DEBUG - 导线绘制跟随鼠标: pos=PyQt6.QtCore.QPointF(-389.0, -76.0)
2025-03-13 13:00:18,717 - CircuitSimulator - DEBUG - 更新导线路径: start=PyQt6.QtCore.QPointF(-438.0, -81.0), end=PyQt6.QtCore.QPointF(-389.0, -76.0)
2025-03-13 13:00:18,717 - CircuitSimulator - DEBUG - 导线绘制跟随鼠标: pos=PyQt6.QtCore.QPointF(-389.0, -76.0)
2025-03-13 13:00:18,718 - CircuitSimulator - DEBUG - 更新导线路径: start=PyQt6.QtCore.QPointF(-438.0, -81.0), end=PyQt6.QtCore.QPointF(-388.0, -76.0)
2025-03-13 13:00:18,718 - CircuitSimulator - DEBUG - 导线绘制跟随鼠标: pos=PyQt6.QtCore.QPointF(-388.0, -76.0)
2025-03-13 13:00:18,729 - CircuitSimulator - DEBUG - 更新导线路径: start=PyQt6.QtCore.QPointF(-438.0, -81.0), end=PyQt6.QtCore.QPointF(-387.0, -75.0)
2025-03-13 13:00:18,730 - CircuitSimulator - DEBUG - 导线绘制跟随鼠标: pos=PyQt6.QtCore.QPointF(-387.0, -75.0)
2025-03-13 13:00:18,743 - CircuitSimulator - DEBUG - 更新导线路径: start=PyQt6.QtCore.QPointF(-438.0, -81.0), end=PyQt6.QtCore.QPointF(-387.0, -74.0)
2025-03-13 13:00:18,743 - CircuitSimulator - DEBUG - 导线绘制跟随鼠标: pos=PyQt6.QtCore.QPointF(-387.0, -74.0)
2025-03-13 13:00:18,755 - CircuitSimulator - DEBUG - 更新导线路径: start=PyQt6.QtCore.QPointF(-438.0, -81.0), end=PyQt6.QtCore.QPointF(-386.0, -74.0)
2025-03-13 13:00:18,755 - CircuitSimulator - DEBUG - 导线绘制跟随鼠标: pos=PyQt6.QtCore.QPointF(-386.0, -74.0)
2025-03-13 13:00:18,762 - CircuitSimulator - DEBUG - 更新导线路径: start=PyQt6.QtCore.QPointF(-438.0, -81.0), end=PyQt6.QtCore.QPointF(-385.0, -74.0)
2025-03-13 13:00:18,762 - CircuitSimulator - DEBUG - 导线绘制跟随鼠标: pos=PyQt6.QtCore.QPointF(-385.0, -74.0)
2025-03-13 13:00:18,769 - CircuitSimulator - DEBUG - 更新导线路径: start=PyQt6.QtCore.QPointF(-438.0, -81.0), end=PyQt6.QtCore.QPointF(-383.0, -74.0)
2025-03-13 13:00:18,769 - CircuitSimulator - DEBUG - 导线绘制跟随鼠标: pos=PyQt6.QtCore.QPointF(-383.0, -74.0)
2025-03-13 13:00:18,775 - CircuitSimulator - DEBUG - 更新导线路径: start=PyQt6.QtCore.QPointF(-438.0, -81.0), end=PyQt6.QtCore.QPointF(-381.0, -74.0)
2025-03-13 13:00:18,775 - CircuitSimulator - DEBUG - 导线绘制跟随鼠标: pos=PyQt6.QtCore.QPointF(-381.0, -74.0)
2025-03-13 13:00:18,784 - CircuitSimulator - DEBUG - 更新导线路径: start=PyQt6.QtCore.QPointF(-438.0, -81.0), end=PyQt6.QtCore.QPointF(-381.0, -73.0)
2025-03-13 13:00:18,784 - CircuitSimulator - DEBUG - 导线绘制跟随鼠标: pos=PyQt6.QtCore.QPointF(-381.0, -73.0)
2025-03-13 13:00:18,784 - CircuitSimulator - DEBUG - 更新导线路径: start=PyQt6.QtCore.QPointF(-438.0, -81.0), end=PyQt6.QtCore.QPointF(-380.0, -73.0)
2025-03-13 13:00:18,784 - CircuitSimulator - DEBUG - 导线绘制跟随鼠标: pos=PyQt6.QtCore.QPointF(-380.0, -73.0)
2025-03-13 13:00:18,791 - CircuitSimulator - DEBUG - 更新导线路径: start=PyQt6.QtCore.QPointF(-438.0, -81.0), end=PyQt6.QtCore.QPointF(-379.0, -73.0)
2025-03-13 13:00:18,792 - CircuitSimulator - DEBUG - 导线绘制跟随鼠标: pos=PyQt6.QtCore.QPointF(-379.0, -73.0)
2025-03-13 13:00:18,798 - CircuitSimulator - DEBUG - 更新导线路径: start=PyQt6.QtCore.QPointF(-438.0, -81.0), end=PyQt6.QtCore.QPointF(-378.0, -73.0)
2025-03-13 13:00:18,798 - CircuitSimulator - DEBUG - 导线绘制跟随鼠标: pos=PyQt6.QtCore.QPointF(-378.0, -73.0)
2025-03-13 13:00:18,805 - CircuitSimulator - DEBUG - 更新导线路径: start=PyQt6.QtCore.QPointF(-438.0, -81.0), end=PyQt6.QtCore.QPointF(-377.0, -73.0)
2025-03-13 13:00:18,805 - CircuitSimulator - DEBUG - 导线绘制跟随鼠标: pos=PyQt6.QtCore.QPointF(-377.0, -73.0)
2025-03-13 13:00:18,815 - CircuitSimulator - DEBUG - 更新导线路径: start=PyQt6.QtCore.QPointF(-438.0, -81.0), end=PyQt6.QtCore.QPointF(-377.0, -73.0)
2025-03-13 13:00:18,815 - CircuitSimulator - DEBUG - 导线绘制跟随鼠标: pos=PyQt6.QtCore.QPointF(-377.0, -73.0)
2025-03-13 13:00:18,852 - CircuitSimulator - DEBUG - 更新导线路径: start=PyQt6.QtCore.QPointF(-438.0, -81.0), end=PyQt6.QtCore.QPointF(-376.0, -73.0)
2025-03-13 13:00:18,852 - CircuitSimulator - DEBUG - 导线绘制跟随鼠标: pos=PyQt6.QtCore.QPointF(-376.0, -73.0)
2025-03-13 13:00:18,861 - CircuitSimulator - DEBUG - 更新导线路径: start=PyQt6.QtCore.QPointF(-438.0, -81.0), end=PyQt6.QtCore.QPointF(-375.0, -73.0)
2025-03-13 13:00:18,862 - CircuitSimulator - DEBUG - 导线绘制跟随鼠标: pos=PyQt6.QtCore.QPointF(-375.0, -73.0)
2025-03-13 13:00:18,870 - CircuitSimulator - DEBUG - 更新导线路径: start=PyQt6.QtCore.QPointF(-438.0, -81.0), end=PyQt6.QtCore.QPointF(-374.0, -73.0)
2025-03-13 13:00:18,870 - CircuitSimulator - DEBUG - 导线绘制跟随鼠标: pos=PyQt6.QtCore.QPointF(-374.0, -73.0)
2025-03-13 13:00:18,881 - CircuitSimulator - DEBUG - 更新导线路径: start=PyQt6.QtCore.QPointF(-438.0, -81.0), end=PyQt6.QtCore.QPointF(-373.0, -73.0)
2025-03-13 13:00:18,881 - CircuitSimulator - DEBUG - 导线绘制跟随鼠标: pos=PyQt6.QtCore.QPointF(-373.0, -73.0)
2025-03-13 13:00:18,892 - CircuitSimulator - DEBUG - 更新导线路径: start=PyQt6.QtCore.QPointF(-438.0, -81.0), end=PyQt6.QtCore.QPointF(-373.0, -73.0)
2025-03-13 13:00:18,892 - CircuitSimulator - DEBUG - 导线绘制跟随鼠标: pos=PyQt6.QtCore.QPointF(-373.0, -73.0)
2025-03-13 13:00:18,892 - CircuitSimulator - DEBUG - 更新导线路径: start=PyQt6.QtCore.QPointF(-438.0, -81.0), end=PyQt6.QtCore.QPointF(-372.0, -73.0)
2025-03-13 13:00:18,892 - CircuitSimulator - DEBUG - 导线绘制跟随鼠标: pos=PyQt6.QtCore.QPointF(-372.0, -73.0)
2025-03-13 13:00:18,903 - CircuitSimulator - DEBUG - 更新导线路径: start=PyQt6.QtCore.QPointF(-438.0, -81.0), end=PyQt6.QtCore.QPointF(-372.0, -74.0)
2025-03-13 13:00:18,903 - CircuitSimulator - DEBUG - 导线绘制跟随鼠标: pos=PyQt6.QtCore.QPointF(-372.0, -74.0)
2025-03-13 13:00:18,912 - CircuitSimulator - DEBUG - 更新导线路径: start=PyQt6.QtCore.QPointF(-438.0, -81.0), end=PyQt6.QtCore.QPointF(-371.0, -74.0)
2025-03-13 13:00:18,912 - CircuitSimulator - DEBUG - 导线绘制跟随鼠标: pos=PyQt6.QtCore.QPointF(-371.0, -74.0)
2025-03-13 13:00:18,923 - CircuitSimulator - DEBUG - 更新导线路径: start=PyQt6.QtCore.QPointF(-438.0, -81.0), end=PyQt6.QtCore.QPointF(-371.0, -74.0)
2025-03-13 13:00:18,924 - CircuitSimulator - DEBUG - 导线绘制跟随鼠标: pos=PyQt6.QtCore.QPointF(-371.0, -74.0)
2025-03-13 13:00:18,935 - CircuitSimulator - DEBUG - 更新导线路径: start=PyQt6.QtCore.QPointF(-438.0, -81.0), end=PyQt6.QtCore.QPointF(-371.0, -74.0)
2025-03-13 13:00:18,935 - CircuitSimulator - DEBUG - 导线绘制跟随鼠标: pos=PyQt6.QtCore.QPointF(-371.0, -74.0)
2025-03-13 13:00:18,943 - CircuitSimulator - DEBUG - 更新导线路径: start=PyQt6.QtCore.QPointF(-438.0, -81.0), end=PyQt6.QtCore.QPointF(-371.0, -75.0)
2025-03-13 13:00:18,943 - CircuitSimulator - DEBUG - 导线绘制跟随鼠标: pos=PyQt6.QtCore.QPointF(-371.0, -75.0)
2025-03-13 13:00:18,955 - CircuitSimulator - DEBUG - 更新导线路径: start=PyQt6.QtCore.QPointF(-438.0, -81.0), end=PyQt6.QtCore.QPointF(-370.0, -75.0)
2025-03-13 13:00:18,955 - CircuitSimulator - DEBUG - 导线绘制跟随鼠标: pos=PyQt6.QtCore.QPointF(-370.0, -75.0)
2025-03-13 13:00:18,987 - CircuitSimulator - DEBUG - 更新导线路径: start=PyQt6.QtCore.QPointF(-438.0, -81.0), end=PyQt6.QtCore.QPointF(-365.0, -80.0)
2025-03-13 13:00:18,987 - CircuitSimulator - DEBUG - 导线绘制吸附到连接点: pos=PyQt6.QtCore.QPointF(-365.0, -80.0)
2025-03-13 13:00:19,009 - CircuitSimulator - DEBUG - 更新导线路径: start=PyQt6.QtCore.QPointF(-438.0, -81.0), end=PyQt6.QtCore.QPointF(-365.0, -80.0)
2025-03-13 13:00:19,009 - CircuitSimulator - DEBUG - 导线绘制吸附到连接点: pos=PyQt6.QtCore.QPointF(-365.0, -80.0)
2025-03-13 13:00:19,019 - CircuitSimulator - DEBUG - 更新导线路径: start=PyQt6.QtCore.QPointF(-438.0, -81.0), end=PyQt6.QtCore.QPointF(-365.0, -80.0)
2025-03-13 13:00:19,019 - CircuitSimulator - DEBUG - 导线绘制吸附到连接点: pos=PyQt6.QtCore.QPointF(-365.0, -80.0)
2025-03-13 13:00:19,044 - CircuitSimulator - DEBUG - 更新导线路径: start=PyQt6.QtCore.QPointF(-438.0, -81.0), end=PyQt6.QtCore.QPointF(-365.0, -80.0)
2025-03-13 13:00:19,044 - CircuitSimulator - DEBUG - 导线绘制吸附到连接点: pos=PyQt6.QtCore.QPointF(-365.0, -80.0)
2025-03-13 13:00:19,047 - CircuitSimulator - DEBUG - 更新导线路径: start=PyQt6.QtCore.QPointF(-438.0, -81.0), end=PyQt6.QtCore.QPointF(-365.0, -80.0)
2025-03-13 13:00:19,047 - CircuitSimulator - DEBUG - 导线绘制吸附到连接点: pos=PyQt6.QtCore.QPointF(-365.0, -80.0)
2025-03-13 13:00:19,051 - CircuitSimulator - DEBUG - 更新导线路径: start=PyQt6.QtCore.QPointF(-438.0, -81.0), end=PyQt6.QtCore.QPointF(-365.0, -80.0)
2025-03-13 13:00:19,051 - CircuitSimulator - DEBUG - 导线绘制吸附到连接点: pos=PyQt6.QtCore.QPointF(-365.0, -80.0)
2025-03-13 13:00:19,060 - CircuitSimulator - DEBUG - 更新导线路径: start=PyQt6.QtCore.QPointF(-438.0, -81.0), end=PyQt6.QtCore.QPointF(-365.0, -80.0)
2025-03-13 13:00:19,060 - CircuitSimulator - DEBUG - 导线绘制吸附到连接点: pos=PyQt6.QtCore.QPointF(-365.0, -80.0)
2025-03-13 13:00:19,063 - CircuitSimulator - DEBUG - 更新导线路径: start=PyQt6.QtCore.QPointF(-438.0, -81.0), end=PyQt6.QtCore.QPointF(-365.0, -80.0)
2025-03-13 13:00:19,063 - CircuitSimulator - DEBUG - 导线绘制吸附到连接点: pos=PyQt6.QtCore.QPointF(-365.0, -80.0)
2025-03-13 13:00:19,076 - CircuitSimulator - DEBUG - 更新导线路径: start=PyQt6.QtCore.QPointF(-438.0, -81.0), end=PyQt6.QtCore.QPointF(-365.0, -80.0)
2025-03-13 13:00:19,076 - CircuitSimulator - DEBUG - 导线绘制吸附到连接点: pos=PyQt6.QtCore.QPointF(-365.0, -80.0)
2025-03-13 13:00:19,327 - CircuitSimulator - DEBUG - 释放导线: pos=PyQt6.QtCore.QPointF(-367.0, -78.0), 找到目标点=True
2025-03-13 13:00:19,327 - CircuitSimulator - DEBUG - 更新导线路径: start=PyQt6.QtCore.QPointF(-438.0, -81.0), end=PyQt6.QtCore.QPointF(-365.0, -80.0)
2025-03-13 13:00:19,327 - CircuitSimulator - DEBUG - 导线连接完成
2025-03-13 13:00:20,214 - CircuitSimulator - DEBUG - 鼠标按下事件: pos=PyQt6.QtCore.QPointF(-311.0, -81.0)
2025-03-13 13:00:20,214 - CircuitSimulator - DEBUG - 点击项类型: <class 'components.ConnectionPoint'>
2025-03-13 13:00:20,214 - CircuitSimulator - DEBUG - 更新导线路径: start=PyQt6.QtCore.QPointF(-315.0, -80.0), end=PyQt6.QtCore.QPointF(-315.0, -80.0)
2025-03-13 13:00:20,214 - CircuitSimulator - DEBUG - 创建新导线: start_pos=PyQt6.QtCore.QPointF(-315.0, -80.0)
2025-03-13 13:00:20,214 - CircuitSimulator - DEBUG - 开始绘制导线: start_pos=PyQt6.QtCore.QPointF(-315.0, -80.0)
2025-03-13 13:00:20,331 - CircuitSimulator - DEBUG - 更新导线路径: start=PyQt6.QtCore.QPointF(-315.0, -80.0), end=PyQt6.QtCore.QPointF(-310.0, -81.0)
2025-03-13 13:00:20,331 - CircuitSimulator - DEBUG - 导线绘制跟随鼠标: pos=PyQt6.QtCore.QPointF(-310.0, -81.0)
2025-03-13 13:00:20,342 - CircuitSimulator - DEBUG - 更新导线路径: start=PyQt6.QtCore.QPointF(-315.0, -80.0), end=PyQt6.QtCore.QPointF(-305.0, -81.0)
2025-03-13 13:00:20,342 - CircuitSimulator - DEBUG - 导线绘制跟随鼠标: pos=PyQt6.QtCore.QPointF(-305.0, -81.0)
2025-03-13 13:00:20,349 - CircuitSimulator - DEBUG - 更新导线路径: start=PyQt6.QtCore.QPointF(-315.0, -80.0), end=PyQt6.QtCore.QPointF(-299.0, -80.0)
2025-03-13 13:00:20,349 - CircuitSimulator - DEBUG - 导线绘制跟随鼠标: pos=PyQt6.QtCore.QPointF(-299.0, -80.0)
2025-03-13 13:00:20,354 - CircuitSimulator - DEBUG - 更新导线路径: start=PyQt6.QtCore.QPointF(-315.0, -80.0), end=PyQt6.QtCore.QPointF(-295.0, -80.0)
2025-03-13 13:00:20,354 - CircuitSimulator - DEBUG - 导线绘制跟随鼠标: pos=PyQt6.QtCore.QPointF(-295.0, -80.0)
2025-03-13 13:00:20,361 - CircuitSimulator - DEBUG - 更新导线路径: start=PyQt6.QtCore.QPointF(-315.0, -80.0), end=PyQt6.QtCore.QPointF(-293.0, -79.0)
2025-03-13 13:00:20,361 - CircuitSimulator - DEBUG - 导线绘制跟随鼠标: pos=PyQt6.QtCore.QPointF(-293.0, -79.0)
2025-03-13 13:00:20,368 - CircuitSimulator - DEBUG - 更新导线路径: start=PyQt6.QtCore.QPointF(-315.0, -80.0), end=PyQt6.QtCore.QPointF(-289.0, -78.0)
2025-03-13 13:00:20,368 - CircuitSimulator - DEBUG - 导线绘制跟随鼠标: pos=PyQt6.QtCore.QPointF(-289.0, -78.0)
2025-03-13 13:00:20,374 - CircuitSimulator - DEBUG - 更新导线路径: start=PyQt6.QtCore.QPointF(-315.0, -80.0), end=PyQt6.QtCore.QPointF(-282.0, -77.0)
2025-03-13 13:00:20,374 - CircuitSimulator - DEBUG - 导线绘制跟随鼠标: pos=PyQt6.QtCore.QPointF(-282.0, -77.0)
2025-03-13 13:00:20,383 - CircuitSimulator - DEBUG - 更新导线路径: start=PyQt6.QtCore.QPointF(-315.0, -80.0), end=PyQt6.QtCore.QPointF(-279.0, -77.0)
2025-03-13 13:00:20,383 - CircuitSimulator - DEBUG - 导线绘制跟随鼠标: pos=PyQt6.QtCore.QPointF(-279.0, -77.0)
2025-03-13 13:00:20,388 - CircuitSimulator - DEBUG - 更新导线路径: start=PyQt6.QtCore.QPointF(-315.0, -80.0), end=PyQt6.QtCore.QPointF(-274.0, -76.0)
2025-03-13 13:00:20,388 - CircuitSimulator - DEBUG - 导线绘制跟随鼠标: pos=PyQt6.QtCore.QPointF(-274.0, -76.0)
2025-03-13 13:00:20,395 - CircuitSimulator - DEBUG - 更新导线路径: start=PyQt6.QtCore.QPointF(-315.0, -80.0), end=PyQt6.QtCore.QPointF(-272.0, -76.0)
2025-03-13 13:00:20,395 - CircuitSimulator - DEBUG - 导线绘制跟随鼠标: pos=PyQt6.QtCore.QPointF(-272.0, -76.0)
2025-03-13 13:00:20,401 - CircuitSimulator - DEBUG - 更新导线路径: start=PyQt6.QtCore.QPointF(-315.0, -80.0), end=PyQt6.QtCore.QPointF(-270.0, -76.0)
2025-03-13 13:00:20,401 - CircuitSimulator - DEBUG - 导线绘制跟随鼠标: pos=PyQt6.QtCore.QPointF(-270.0, -76.0)
2025-03-13 13:00:20,406 - CircuitSimulator - DEBUG - 更新导线路径: start=PyQt6.QtCore.QPointF(-315.0, -80.0), end=PyQt6.QtCore.QPointF(-269.0, -76.0)
2025-03-13 13:00:20,407 - CircuitSimulator - DEBUG - 导线绘制跟随鼠标: pos=PyQt6.QtCore.QPointF(-269.0, -76.0)
2025-03-13 13:00:20,414 - CircuitSimulator - DEBUG - 更新导线路径: start=PyQt6.QtCore.QPointF(-315.0, -80.0), end=PyQt6.QtCore.QPointF(-269.0, -76.0)
2025-03-13 13:00:20,414 - CircuitSimulator - DEBUG - 导线绘制跟随鼠标: pos=PyQt6.QtCore.QPointF(-269.0, -76.0)
2025-03-13 13:00:20,414 - CircuitSimulator - DEBUG - 更新导线路径: start=PyQt6.QtCore.QPointF(-315.0, -80.0), end=PyQt6.QtCore.QPointF(-268.0, -76.0)
2025-03-13 13:00:20,414 - CircuitSimulator - DEBUG - 导线绘制跟随鼠标: pos=PyQt6.QtCore.QPointF(-268.0, -76.0)
2025-03-13 13:00:20,424 - CircuitSimulator - DEBUG - 更新导线路径: start=PyQt6.QtCore.QPointF(-315.0, -80.0), end=PyQt6.QtCore.QPointF(-267.0, -76.0)
2025-03-13 13:00:20,424 - CircuitSimulator - DEBUG - 导线绘制跟随鼠标: pos=PyQt6.QtCore.QPointF(-267.0, -76.0)
2025-03-13 13:00:20,432 - CircuitSimulator - DEBUG - 更新导线路径: start=PyQt6.QtCore.QPointF(-315.0, -80.0), end=PyQt6.QtCore.QPointF(-265.0, -76.0)
2025-03-13 13:00:20,432 - CircuitSimulator - DEBUG - 导线绘制跟随鼠标: pos=PyQt6.QtCore.QPointF(-265.0, -76.0)
2025-03-13 13:00:20,443 - CircuitSimulator - DEBUG - 更新导线路径: start=PyQt6.QtCore.QPointF(-315.0, -80.0), end=PyQt6.QtCore.QPointF(-262.0, -76.0)
2025-03-13 13:00:20,443 - CircuitSimulator - DEBUG - 导线绘制跟随鼠标: pos=PyQt6.QtCore.QPointF(-262.0, -76.0)
2025-03-13 13:00:20,453 - CircuitSimulator - DEBUG - 更新导线路径: start=PyQt6.QtCore.QPointF(-315.0, -80.0), end=PyQt6.QtCore.QPointF(-261.0, -76.0)
2025-03-13 13:00:20,453 - CircuitSimulator - DEBUG - 导线绘制跟随鼠标: pos=PyQt6.QtCore.QPointF(-261.0, -76.0)
2025-03-13 13:00:20,460 - CircuitSimulator - DEBUG - 更新导线路径: start=PyQt6.QtCore.QPointF(-315.0, -80.0), end=PyQt6.QtCore.QPointF(-259.0, -76.0)
2025-03-13 13:00:20,460 - CircuitSimulator - DEBUG - 导线绘制跟随鼠标: pos=PyQt6.QtCore.QPointF(-259.0, -76.0)
2025-03-13 13:00:20,468 - CircuitSimulator - DEBUG - 更新导线路径: start=PyQt6.QtCore.QPointF(-315.0, -80.0), end=PyQt6.QtCore.QPointF(-258.0, -76.0)
2025-03-13 13:00:20,468 - CircuitSimulator - DEBUG - 导线绘制跟随鼠标: pos=PyQt6.QtCore.QPointF(-258.0, -76.0)
2025-03-13 13:00:20,481 - CircuitSimulator - DEBUG - 更新导线路径: start=PyQt6.QtCore.QPointF(-315.0, -80.0), end=PyQt6.QtCore.QPointF(-257.0, -76.0)
2025-03-13 13:00:20,481 - CircuitSimulator - DEBUG - 导线绘制跟随鼠标: pos=PyQt6.QtCore.QPointF(-257.0, -76.0)
2025-03-13 13:00:20,491 - CircuitSimulator - DEBUG - 更新导线路径: start=PyQt6.QtCore.QPointF(-315.0, -80.0), end=PyQt6.QtCore.QPointF(-255.0, -76.0)
2025-03-13 13:00:20,491 - CircuitSimulator - DEBUG - 导线绘制跟随鼠标: pos=PyQt6.QtCore.QPointF(-255.0, -76.0)
2025-03-13 13:00:20,537 - CircuitSimulator - DEBUG - 更新导线路径: start=PyQt6.QtCore.QPointF(-315.0, -80.0), end=PyQt6.QtCore.QPointF(-254.0, -76.0)
2025-03-13 13:00:20,537 - CircuitSimulator - DEBUG - 导线绘制跟随鼠标: pos=PyQt6.QtCore.QPointF(-254.0, -76.0)
2025-03-13 13:00:20,544 - CircuitSimulator - DEBUG - 更新导线路径: start=PyQt6.QtCore.QPointF(-315.0, -80.0), end=PyQt6.QtCore.QPointF(-253.0, -76.0)
2025-03-13 13:00:20,544 - CircuitSimulator - DEBUG - 导线绘制跟随鼠标: pos=PyQt6.QtCore.QPointF(-253.0, -76.0)
2025-03-13 13:00:20,550 - CircuitSimulator - DEBUG - 更新导线路径: start=PyQt6.QtCore.QPointF(-315.0, -80.0), end=PyQt6.QtCore.QPointF(-251.0, -76.0)
2025-03-13 13:00:20,550 - CircuitSimulator - DEBUG - 导线绘制跟随鼠标: pos=PyQt6.QtCore.QPointF(-251.0, -76.0)
2025-03-13 13:00:20,557 - CircuitSimulator - DEBUG - 更新导线路径: start=PyQt6.QtCore.QPointF(-315.0, -80.0), end=PyQt6.QtCore.QPointF(-250.0, -76.0)
2025-03-13 13:00:20,557 - CircuitSimulator - DEBUG - 导线绘制跟随鼠标: pos=PyQt6.QtCore.QPointF(-250.0, -76.0)
2025-03-13 13:00:20,564 - CircuitSimulator - DEBUG - 更新导线路径: start=PyQt6.QtCore.QPointF(-315.0, -80.0), end=PyQt6.QtCore.QPointF(-248.0, -76.0)
2025-03-13 13:00:20,564 - CircuitSimulator - DEBUG - 导线绘制跟随鼠标: pos=PyQt6.QtCore.QPointF(-248.0, -76.0)
2025-03-13 13:00:20,571 - CircuitSimulator - DEBUG - 更新导线路径: start=PyQt6.QtCore.QPointF(-315.0, -80.0), end=PyQt6.QtCore.QPointF(-247.0, -76.0)
2025-03-13 13:00:20,571 - CircuitSimulator - DEBUG - 导线绘制跟随鼠标: pos=PyQt6.QtCore.QPointF(-247.0, -76.0)
2025-03-13 13:00:20,576 - CircuitSimulator - DEBUG - 更新导线路径: start=PyQt6.QtCore.QPointF(-315.0, -80.0), end=PyQt6.QtCore.QPointF(-247.0, -76.0)
2025-03-13 13:00:20,576 - CircuitSimulator - DEBUG - 导线绘制跟随鼠标: pos=PyQt6.QtCore.QPointF(-247.0, -76.0)
2025-03-13 13:00:20,577 - CircuitSimulator - DEBUG - 更新导线路径: start=PyQt6.QtCore.QPointF(-315.0, -80.0), end=PyQt6.QtCore.QPointF(-246.0, -76.0)
2025-03-13 13:00:20,577 - CircuitSimulator - DEBUG - 导线绘制跟随鼠标: pos=PyQt6.QtCore.QPointF(-246.0, -76.0)
2025-03-13 13:00:20,589 - CircuitSimulator - DEBUG - 更新导线路径: start=PyQt6.QtCore.QPointF(-315.0, -80.0), end=PyQt6.QtCore.QPointF(-245.0, -76.0)
2025-03-13 13:00:20,589 - CircuitSimulator - DEBUG - 导线绘制跟随鼠标: pos=PyQt6.QtCore.QPointF(-245.0, -76.0)
2025-03-13 13:00:20,650 - CircuitSimulator - DEBUG - 更新导线路径: start=PyQt6.QtCore.QPointF(-315.0, -80.0), end=PyQt6.QtCore.QPointF(-245.0, -76.0)
2025-03-13 13:00:20,650 - CircuitSimulator - DEBUG - 导线绘制跟随鼠标: pos=PyQt6.QtCore.QPointF(-245.0, -76.0)
2025-03-13 13:00:20,654 - CircuitSimulator - DEBUG - 更新导线路径: start=PyQt6.QtCore.QPointF(-315.0, -80.0), end=PyQt6.QtCore.QPointF(-243.0, -77.0)
2025-03-13 13:00:20,654 - CircuitSimulator - DEBUG - 导线绘制跟随鼠标: pos=PyQt6.QtCore.QPointF(-243.0, -77.0)
2025-03-13 13:00:20,663 - CircuitSimulator - DEBUG - 更新导线路径: start=PyQt6.QtCore.QPointF(-315.0, -80.0), end=PyQt6.QtCore.QPointF(-241.0, -77.0)
2025-03-13 13:00:20,663 - CircuitSimulator - DEBUG - 导线绘制跟随鼠标: pos=PyQt6.QtCore.QPointF(-241.0, -77.0)
2025-03-13 13:00:20,677 - CircuitSimulator - DEBUG - 更新导线路径: start=PyQt6.QtCore.QPointF(-315.0, -80.0), end=PyQt6.QtCore.QPointF(-235.0, -77.0)
2025-03-13 13:00:20,677 - CircuitSimulator - DEBUG - 导线绘制跟随鼠标: pos=PyQt6.QtCore.QPointF(-235.0, -77.0)
2025-03-13 13:00:20,686 - CircuitSimulator - DEBUG - 更新导线路径: start=PyQt6.QtCore.QPointF(-315.0, -80.0), end=PyQt6.QtCore.QPointF(-234.0, -77.0)
2025-03-13 13:00:20,687 - CircuitSimulator - DEBUG - 导线绘制跟随鼠标: pos=PyQt6.QtCore.QPointF(-234.0, -77.0)
2025-03-13 13:00:20,696 - CircuitSimulator - DEBUG - 更新导线路径: start=PyQt6.QtCore.QPointF(-315.0, -80.0), end=PyQt6.QtCore.QPointF(-225.0, -80.0)
2025-03-13 13:00:20,696 - CircuitSimulator - DEBUG - 导线绘制吸附到连接点: pos=PyQt6.QtCore.QPointF(-225.0, -80.0)
2025-03-13 13:00:20,703 - CircuitSimulator - DEBUG - 更新导线路径: start=PyQt6.QtCore.QPointF(-315.0, -80.0), end=PyQt6.QtCore.QPointF(-225.0, -80.0)
2025-03-13 13:00:20,703 - CircuitSimulator - DEBUG - 导线绘制吸附到连接点: pos=PyQt6.QtCore.QPointF(-225.0, -80.0)
2025-03-13 13:00:20,786 - CircuitSimulator - DEBUG - 更新导线路径: start=PyQt6.QtCore.QPointF(-315.0, -80.0), end=PyQt6.QtCore.QPointF(-225.0, -80.0)
2025-03-13 13:00:20,786 - CircuitSimulator - DEBUG - 导线绘制吸附到连接点: pos=PyQt6.QtCore.QPointF(-225.0, -80.0)
2025-03-13 13:00:20,997 - CircuitSimulator - DEBUG - 释放导线: pos=PyQt6.QtCore.QPointF(-228.0, -78.0), 找到目标点=True
2025-03-13 13:00:20,997 - CircuitSimulator - DEBUG - 更新导线路径: start=PyQt6.QtCore.QPointF(-315.0, -80.0), end=PyQt6.QtCore.QPointF(-225.0, -80.0)
2025-03-13 13:00:20,997 - CircuitSimulator - DEBUG - 导线连接完成
2025-03-13 13:00:32,737 - CircuitSimulator - DEBUG - 鼠标按下事件: pos=PyQt6.QtCore.QPointF(-480.0, -1.0)
2025-03-13 13:00:32,738 - CircuitSimulator - DEBUG - 点击项类型: <class 'NoneType'>
2025-03-13 13:00:35,144 - CircuitSimulator - DEBUG - 鼠标按下事件: pos=PyQt6.QtCore.QPointF(-490.0, -83.0)
2025-03-13 13:00:35,145 - CircuitSimulator - DEBUG - 点击项类型: <class 'components.ConnectionPoint'>
2025-03-13 13:00:35,146 - CircuitSimulator - DEBUG - 更新导线路径: start=PyQt6.QtCore.QPointF(-488.0, -81.0), end=PyQt6.QtCore.QPointF(-488.0, -81.0)
2025-03-13 13:00:35,146 - CircuitSimulator - DEBUG - 创建新导线: start_pos=PyQt6.QtCore.QPointF(-488.0, -81.0)
2025-03-13 13:00:35,146 - CircuitSimulator - DEBUG - 开始绘制导线: start_pos=PyQt6.QtCore.QPointF(-488.0, -81.0)
2025-03-13 13:00:35,284 - CircuitSimulator - DEBUG - 更新导线路径: start=PyQt6.QtCore.QPointF(-488.0, -81.0), end=PyQt6.QtCore.QPointF(-491.0, -83.0)
2025-03-13 13:00:35,285 - CircuitSimulator - DEBUG - 导线绘制跟随鼠标: pos=PyQt6.QtCore.QPointF(-491.0, -83.0)
2025-03-13 13:00:35,317 - CircuitSimulator - DEBUG - 更新导线路径: start=PyQt6.QtCore.QPointF(-488.0, -81.0), end=PyQt6.QtCore.QPointF(-493.0, -83.0)
2025-03-13 13:00:35,317 - CircuitSimulator - DEBUG - 导线绘制跟随鼠标: pos=PyQt6.QtCore.QPointF(-493.0, -83.0)
2025-03-13 13:00:35,325 - CircuitSimulator - DEBUG - 更新导线路径: start=PyQt6.QtCore.QPointF(-488.0, -81.0), end=PyQt6.QtCore.QPointF(-495.0, -83.0)
2025-03-13 13:00:35,325 - CircuitSimulator - DEBUG - 导线绘制跟随鼠标: pos=PyQt6.QtCore.QPointF(-495.0, -83.0)
2025-03-13 13:00:35,329 - CircuitSimulator - DEBUG - 更新导线路径: start=PyQt6.QtCore.QPointF(-488.0, -81.0), end=PyQt6.QtCore.QPointF(-497.0, -82.0)
2025-03-13 13:00:35,330 - CircuitSimulator - DEBUG - 导线绘制跟随鼠标: pos=PyQt6.QtCore.QPointF(-497.0, -82.0)
2025-03-13 13:00:35,340 - CircuitSimulator - DEBUG - 更新导线路径: start=PyQt6.QtCore.QPointF(-488.0, -81.0), end=PyQt6.QtCore.QPointF(-498.0, -82.0)
2025-03-13 13:00:35,341 - CircuitSimulator - DEBUG - 导线绘制跟随鼠标: pos=PyQt6.QtCore.QPointF(-498.0, -82.0)
2025-03-13 13:00:35,355 - CircuitSimulator - DEBUG - 更新导线路径: start=PyQt6.QtCore.QPointF(-488.0, -81.0), end=PyQt6.QtCore.QPointF(-500.0, -80.0)
2025-03-13 13:00:35,355 - CircuitSimulator - DEBUG - 导线绘制跟随鼠标: pos=PyQt6.QtCore.QPointF(-500.0, -80.0)
2025-03-13 13:00:35,356 - CircuitSimulator - DEBUG - 更新导线路径: start=PyQt6.QtCore.QPointF(-488.0, -81.0), end=PyQt6.QtCore.QPointF(-501.0, -80.0)
2025-03-13 13:00:35,356 - CircuitSimulator - DEBUG - 导线绘制跟随鼠标: pos=PyQt6.QtCore.QPointF(-501.0, -80.0)
2025-03-13 13:00:35,370 - CircuitSimulator - DEBUG - 更新导线路径: start=PyQt6.QtCore.QPointF(-488.0, -81.0), end=PyQt6.QtCore.QPointF(-504.0, -78.0)
2025-03-13 13:00:35,370 - CircuitSimulator - DEBUG - 导线绘制跟随鼠标: pos=PyQt6.QtCore.QPointF(-504.0, -78.0)
2025-03-13 13:00:35,382 - CircuitSimulator - DEBUG - 更新导线路径: start=PyQt6.QtCore.QPointF(-488.0, -81.0), end=PyQt6.QtCore.QPointF(-506.0, -77.0)
2025-03-13 13:00:35,382 - CircuitSimulator - DEBUG - 导线绘制跟随鼠标: pos=PyQt6.QtCore.QPointF(-506.0, -77.0)
2025-03-13 13:00:35,395 - CircuitSimulator - DEBUG - 更新导线路径: start=PyQt6.QtCore.QPointF(-488.0, -81.0), end=PyQt6.QtCore.QPointF(-509.0, -75.0)
2025-03-13 13:00:35,395 - CircuitSimulator - DEBUG - 导线绘制跟随鼠标: pos=PyQt6.QtCore.QPointF(-509.0, -75.0)
2025-03-13 13:00:35,409 - CircuitSimulator - DEBUG - 更新导线路径: start=PyQt6.QtCore.QPointF(-488.0, -81.0), end=PyQt6.QtCore.QPointF(-514.0, -74.0)
2025-03-13 13:00:35,409 - CircuitSimulator - DEBUG - 导线绘制跟随鼠标: pos=PyQt6.QtCore.QPointF(-514.0, -74.0)
2025-03-13 13:00:35,420 - CircuitSimulator - DEBUG - 更新导线路径: start=PyQt6.QtCore.QPointF(-488.0, -81.0), end=PyQt6.QtCore.QPointF(-518.0, -72.0)
2025-03-13 13:00:35,420 - CircuitSimulator - DEBUG - 导线绘制跟随鼠标: pos=PyQt6.QtCore.QPointF(-518.0, -72.0)
2025-03-13 13:00:35,435 - CircuitSimulator - DEBUG - 更新导线路径: start=PyQt6.QtCore.QPointF(-488.0, -81.0), end=PyQt6.QtCore.QPointF(-522.0, -70.0)
2025-03-13 13:00:35,435 - CircuitSimulator - DEBUG - 导线绘制跟随鼠标: pos=PyQt6.QtCore.QPointF(-522.0, -70.0)
2025-03-13 13:00:35,448 - CircuitSimulator - DEBUG - 更新导线路径: start=PyQt6.QtCore.QPointF(-488.0, -81.0), end=PyQt6.QtCore.QPointF(-526.0, -69.0)
2025-03-13 13:00:35,449 - CircuitSimulator - DEBUG - 导线绘制跟随鼠标: pos=PyQt6.QtCore.QPointF(-526.0, -69.0)
2025-03-13 13:00:35,461 - CircuitSimulator - DEBUG - 更新导线路径: start=PyQt6.QtCore.QPointF(-488.0, -81.0), end=PyQt6.QtCore.QPointF(-531.0, -66.0)
2025-03-13 13:00:35,461 - CircuitSimulator - DEBUG - 导线绘制跟随鼠标: pos=PyQt6.QtCore.QPointF(-531.0, -66.0)
2025-03-13 13:00:35,469 - CircuitSimulator - DEBUG - 更新导线路径: start=PyQt6.QtCore.QPointF(-488.0, -81.0), end=PyQt6.QtCore.QPointF(-536.0, -64.0)
2025-03-13 13:00:35,469 - CircuitSimulator - DEBUG - 导线绘制跟随鼠标: pos=PyQt6.QtCore.QPointF(-536.0, -64.0)
2025-03-13 13:00:35,475 - CircuitSimulator - DEBUG - 更新导线路径: start=PyQt6.QtCore.QPointF(-488.0, -81.0), end=PyQt6.QtCore.QPointF(-540.0, -63.0)
2025-03-13 13:00:35,475 - CircuitSimulator - DEBUG - 导线绘制跟随鼠标: pos=PyQt6.QtCore.QPointF(-540.0, -63.0)
2025-03-13 13:00:35,483 - CircuitSimulator - DEBUG - 更新导线路径: start=PyQt6.QtCore.QPointF(-488.0, -81.0), end=PyQt6.QtCore.QPointF(-543.0, -63.0)
2025-03-13 13:00:35,483 - CircuitSimulator - DEBUG - 导线绘制跟随鼠标: pos=PyQt6.QtCore.QPointF(-543.0, -63.0)
2025-03-13 13:00:35,489 - CircuitSimulator - DEBUG - 更新导线路径: start=PyQt6.QtCore.QPointF(-488.0, -81.0), end=PyQt6.QtCore.QPointF(-545.0, -62.0)
2025-03-13 13:00:35,489 - CircuitSimulator - DEBUG - 导线绘制跟随鼠标: pos=PyQt6.QtCore.QPointF(-545.0, -62.0)
2025-03-13 13:00:35,497 - CircuitSimulator - DEBUG - 更新导线路径: start=PyQt6.QtCore.QPointF(-488.0, -81.0), end=PyQt6.QtCore.QPointF(-546.0, -61.0)
2025-03-13 13:00:35,498 - CircuitSimulator - DEBUG - 导线绘制跟随鼠标: pos=PyQt6.QtCore.QPointF(-546.0, -61.0)
2025-03-13 13:00:35,606 - CircuitSimulator - DEBUG - 更新导线路径: start=PyQt6.QtCore.QPointF(-488.0, -81.0), end=PyQt6.QtCore.QPointF(-546.0, -61.0)
2025-03-13 13:00:35,606 - CircuitSimulator - DEBUG - 导线绘制跟随鼠标: pos=PyQt6.QtCore.QPointF(-546.0, -61.0)
2025-03-13 13:00:35,610 - CircuitSimulator - DEBUG - 更新导线路径: start=PyQt6.QtCore.QPointF(-488.0, -81.0), end=PyQt6.QtCore.QPointF(-546.0, -60.0)
2025-03-13 13:00:35,610 - CircuitSimulator - DEBUG - 导线绘制跟随鼠标: pos=PyQt6.QtCore.QPointF(-546.0, -60.0)
2025-03-13 13:00:35,623 - CircuitSimulator - DEBUG - 更新导线路径: start=PyQt6.QtCore.QPointF(-488.0, -81.0), end=PyQt6.QtCore.QPointF(-546.0, -54.0)
2025-03-13 13:00:35,623 - CircuitSimulator - DEBUG - 导线绘制跟随鼠标: pos=PyQt6.QtCore.QPointF(-546.0, -54.0)
2025-03-13 13:00:35,638 - CircuitSimulator - DEBUG - 更新导线路径: start=PyQt6.QtCore.QPointF(-488.0, -81.0), end=PyQt6.QtCore.QPointF(-544.0, -49.0)
2025-03-13 13:00:35,638 - CircuitSimulator - DEBUG - 导线绘制跟随鼠标: pos=PyQt6.QtCore.QPointF(-544.0, -49.0)
2025-03-13 13:00:35,652 - CircuitSimulator - DEBUG - 更新导线路径: start=PyQt6.QtCore.QPointF(-488.0, -81.0), end=PyQt6.QtCore.QPointF(-540.0, -42.0)
2025-03-13 13:00:35,652 - CircuitSimulator - DEBUG - 导线绘制跟随鼠标: pos=PyQt6.QtCore.QPointF(-540.0, -42.0)
2025-03-13 13:00:35,668 - CircuitSimulator - DEBUG - 更新导线路径: start=PyQt6.QtCore.QPointF(-488.0, -81.0), end=PyQt6.QtCore.QPointF(-537.0, -39.0)
2025-03-13 13:00:35,668 - CircuitSimulator - DEBUG - 导线绘制跟随鼠标: pos=PyQt6.QtCore.QPointF(-537.0, -39.0)
2025-03-13 13:00:35,677 - CircuitSimulator - DEBUG - 更新导线路径: start=PyQt6.QtCore.QPointF(-488.0, -81.0), end=PyQt6.QtCore.QPointF(-536.0, -38.0)
2025-03-13 13:00:35,677 - CircuitSimulator - DEBUG - 导线绘制跟随鼠标: pos=PyQt6.QtCore.QPointF(-536.0, -38.0)
2025-03-13 13:00:35,685 - CircuitSimulator - DEBUG - 更新导线路径: start=PyQt6.QtCore.QPointF(-488.0, -81.0), end=PyQt6.QtCore.QPointF(-534.0, -37.0)
2025-03-13 13:00:35,685 - CircuitSimulator - DEBUG - 导线绘制跟随鼠标: pos=PyQt6.QtCore.QPointF(-534.0, -37.0)
2025-03-13 13:00:35,694 - CircuitSimulator - DEBUG - 更新导线路径: start=PyQt6.QtCore.QPointF(-488.0, -81.0), end=PyQt6.QtCore.QPointF(-534.0, -36.0)
2025-03-13 13:00:35,694 - CircuitSimulator - DEBUG - 导线绘制跟随鼠标: pos=PyQt6.QtCore.QPointF(-534.0, -36.0)
2025-03-13 13:00:35,702 - CircuitSimulator - DEBUG - 更新导线路径: start=PyQt6.QtCore.QPointF(-488.0, -81.0), end=PyQt6.QtCore.QPointF(-531.0, -33.0)
2025-03-13 13:00:35,702 - CircuitSimulator - DEBUG - 导线绘制跟随鼠标: pos=PyQt6.QtCore.QPointF(-531.0, -33.0)
2025-03-13 13:00:35,710 - CircuitSimulator - DEBUG - 更新导线路径: start=PyQt6.QtCore.QPointF(-488.0, -81.0), end=PyQt6.QtCore.QPointF(-529.0, -31.0)
2025-03-13 13:00:35,711 - CircuitSimulator - DEBUG - 导线绘制跟随鼠标: pos=PyQt6.QtCore.QPointF(-529.0, -31.0)
2025-03-13 13:00:35,722 - CircuitSimulator - DEBUG - 更新导线路径: start=PyQt6.QtCore.QPointF(-488.0, -81.0), end=PyQt6.QtCore.QPointF(-526.0, -29.0)
2025-03-13 13:00:35,722 - CircuitSimulator - DEBUG - 导线绘制跟随鼠标: pos=PyQt6.QtCore.QPointF(-526.0, -29.0)
2025-03-13 13:00:35,731 - CircuitSimulator - DEBUG - 更新导线路径: start=PyQt6.QtCore.QPointF(-488.0, -81.0), end=PyQt6.QtCore.QPointF(-522.0, -25.0)
2025-03-13 13:00:35,731 - CircuitSimulator - DEBUG - 导线绘制跟随鼠标: pos=PyQt6.QtCore.QPointF(-522.0, -25.0)
2025-03-13 13:00:35,740 - CircuitSimulator - DEBUG - 更新导线路径: start=PyQt6.QtCore.QPointF(-488.0, -81.0), end=PyQt6.QtCore.QPointF(-516.0, -22.0)
2025-03-13 13:00:35,740 - CircuitSimulator - DEBUG - 导线绘制跟随鼠标: pos=PyQt6.QtCore.QPointF(-516.0, -22.0)
2025-03-13 13:00:35,749 - CircuitSimulator - DEBUG - 更新导线路径: start=PyQt6.QtCore.QPointF(-488.0, -81.0), end=PyQt6.QtCore.QPointF(-508.0, -19.0)
2025-03-13 13:00:35,749 - CircuitSimulator - DEBUG - 导线绘制跟随鼠标: pos=PyQt6.QtCore.QPointF(-508.0, -19.0)
2025-03-13 13:00:35,757 - CircuitSimulator - DEBUG - 更新导线路径: start=PyQt6.QtCore.QPointF(-488.0, -81.0), end=PyQt6.QtCore.QPointF(-500.0, -15.0)
2025-03-13 13:00:35,757 - CircuitSimulator - DEBUG - 导线绘制跟随鼠标: pos=PyQt6.QtCore.QPointF(-500.0, -15.0)
2025-03-13 13:00:35,767 - CircuitSimulator - DEBUG - 更新导线路径: start=PyQt6.QtCore.QPointF(-488.0, -81.0), end=PyQt6.QtCore.QPointF(-492.0, -11.0)
2025-03-13 13:00:35,767 - CircuitSimulator - DEBUG - 导线绘制跟随鼠标: pos=PyQt6.QtCore.QPointF(-492.0, -11.0)
2025-03-13 13:00:35,775 - CircuitSimulator - DEBUG - 更新导线路径: start=PyQt6.QtCore.QPointF(-488.0, -81.0), end=PyQt6.QtCore.QPointF(-480.0, -7.0)
2025-03-13 13:00:35,775 - CircuitSimulator - DEBUG - 导线绘制跟随鼠标: pos=PyQt6.QtCore.QPointF(-480.0, -7.0)
2025-03-13 13:00:35,786 - CircuitSimulator - DEBUG - 更新导线路径: start=PyQt6.QtCore.QPointF(-488.0, -81.0), end=PyQt6.QtCore.QPointF(-474.0, -4.0)
2025-03-13 13:00:35,786 - CircuitSimulator - DEBUG - 导线绘制跟随鼠标: pos=PyQt6.QtCore.QPointF(-474.0, -4.0)
2025-03-13 13:00:35,793 - CircuitSimulator - DEBUG - 更新导线路径: start=PyQt6.QtCore.QPointF(-488.0, -81.0), end=PyQt6.QtCore.QPointF(-469.0, -2.0)
2025-03-13 13:00:35,793 - CircuitSimulator - DEBUG - 导线绘制跟随鼠标: pos=PyQt6.QtCore.QPointF(-469.0, -2.0)
2025-03-13 13:00:35,803 - CircuitSimulator - DEBUG - 更新导线路径: start=PyQt6.QtCore.QPointF(-488.0, -81.0), end=PyQt6.QtCore.QPointF(-465.0, -1.0)
2025-03-13 13:00:35,803 - CircuitSimulator - DEBUG - 导线绘制跟随鼠标: pos=PyQt6.QtCore.QPointF(-465.0, -1.0)
2025-03-13 13:00:35,803 - CircuitSimulator - DEBUG - 更新导线路径: start=PyQt6.QtCore.QPointF(-488.0, -81.0), end=PyQt6.QtCore.QPointF(-463.0, 0.0)
2025-03-13 13:00:35,803 - CircuitSimulator - DEBUG - 导线绘制跟随鼠标: pos=PyQt6.QtCore.QPointF(-463.0, 0.0)
2025-03-13 13:00:35,810 - CircuitSimulator - DEBUG - 更新导线路径: start=PyQt6.QtCore.QPointF(-488.0, -81.0), end=PyQt6.QtCore.QPointF(-460.0, 1.0)
2025-03-13 13:00:35,810 - CircuitSimulator - DEBUG - 导线绘制跟随鼠标: pos=PyQt6.QtCore.QPointF(-460.0, 1.0)
2025-03-13 13:00:35,824 - CircuitSimulator - DEBUG - 更新导线路径: start=PyQt6.QtCore.QPointF(-488.0, -81.0), end=PyQt6.QtCore.QPointF(-458.0, 1.0)
2025-03-13 13:00:35,824 - CircuitSimulator - DEBUG - 导线绘制跟随鼠标: pos=PyQt6.QtCore.QPointF(-458.0, 1.0)
2025-03-13 13:00:35,824 - CircuitSimulator - DEBUG - 更新导线路径: start=PyQt6.QtCore.QPointF(-488.0, -81.0), end=PyQt6.QtCore.QPointF(-458.0, 1.0)
2025-03-13 13:00:35,824 - CircuitSimulator - DEBUG - 导线绘制跟随鼠标: pos=PyQt6.QtCore.QPointF(-458.0, 1.0)
2025-03-13 13:00:35,838 - CircuitSimulator - DEBUG - 更新导线路径: start=PyQt6.QtCore.QPointF(-488.0, -81.0), end=PyQt6.QtCore.QPointF(-456.0, 2.0)
2025-03-13 13:00:35,838 - CircuitSimulator - DEBUG - 导线绘制跟随鼠标: pos=PyQt6.QtCore.QPointF(-456.0, 2.0)
2025-03-13 13:00:35,951 - CircuitSimulator - DEBUG - 更新导线路径: start=PyQt6.QtCore.QPointF(-488.0, -81.0), end=PyQt6.QtCore.QPointF(-455.0, 2.0)
2025-03-13 13:00:35,952 - CircuitSimulator - DEBUG - 导线绘制跟随鼠标: pos=PyQt6.QtCore.QPointF(-455.0, 2.0)
2025-03-13 13:00:35,962 - CircuitSimulator - DEBUG - 更新导线路径: start=PyQt6.QtCore.QPointF(-488.0, -81.0), end=PyQt6.QtCore.QPointF(-454.0, 2.0)
2025-03-13 13:00:35,962 - CircuitSimulator - DEBUG - 导线绘制跟随鼠标: pos=PyQt6.QtCore.QPointF(-454.0, 2.0)
2025-03-13 13:00:35,970 - CircuitSimulator - DEBUG - 更新导线路径: start=PyQt6.QtCore.QPointF(-488.0, -81.0), end=PyQt6.QtCore.QPointF(-454.0, 3.0)
2025-03-13 13:00:35,970 - CircuitSimulator - DEBUG - 导线绘制跟随鼠标: pos=PyQt6.QtCore.QPointF(-454.0, 3.0)
2025-03-13 13:00:35,979 - CircuitSimulator - DEBUG - 更新导线路径: start=PyQt6.QtCore.QPointF(-488.0, -81.0), end=PyQt6.QtCore.QPointF(-453.0, 4.0)
2025-03-13 13:00:35,979 - CircuitSimulator - DEBUG - 导线绘制跟随鼠标: pos=PyQt6.QtCore.QPointF(-453.0, 4.0)
2025-03-13 13:00:35,990 - CircuitSimulator - DEBUG - 更新导线路径: start=PyQt6.QtCore.QPointF(-488.0, -81.0), end=PyQt6.QtCore.QPointF(-452.0, 5.0)
2025-03-13 13:00:35,990 - CircuitSimulator - DEBUG - 导线绘制跟随鼠标: pos=PyQt6.QtCore.QPointF(-452.0, 5.0)
2025-03-13 13:00:35,999 - CircuitSimulator - DEBUG - 更新导线路径: start=PyQt6.QtCore.QPointF(-488.0, -81.0), end=PyQt6.QtCore.QPointF(-451.0, 5.0)
2025-03-13 13:00:35,999 - CircuitSimulator - DEBUG - 导线绘制跟随鼠标: pos=PyQt6.QtCore.QPointF(-451.0, 5.0)
2025-03-13 13:00:36,007 - CircuitSimulator - DEBUG - 更新导线路径: start=PyQt6.QtCore.QPointF(-488.0, -81.0), end=PyQt6.QtCore.QPointF(-450.0, 6.0)
2025-03-13 13:00:36,007 - CircuitSimulator - DEBUG - 导线绘制跟随鼠标: pos=PyQt6.QtCore.QPointF(-450.0, 6.0)
2025-03-13 13:00:36,019 - CircuitSimulator - DEBUG - 更新导线路径: start=PyQt6.QtCore.QPointF(-488.0, -81.0), end=PyQt6.QtCore.QPointF(-448.0, 7.0)
2025-03-13 13:00:36,019 - CircuitSimulator - DEBUG - 导线绘制跟随鼠标: pos=PyQt6.QtCore.QPointF(-448.0, 7.0)
2025-03-13 13:00:36,035 - CircuitSimulator - DEBUG - 更新导线路径: start=PyQt6.QtCore.QPointF(-488.0, -81.0), end=PyQt6.QtCore.QPointF(-447.0, 9.0)
2025-03-13 13:00:36,035 - CircuitSimulator - DEBUG - 导线绘制跟随鼠标: pos=PyQt6.QtCore.QPointF(-447.0, 9.0)
2025-03-13 13:00:36,049 - CircuitSimulator - DEBUG - 更新导线路径: start=PyQt6.QtCore.QPointF(-488.0, -81.0), end=PyQt6.QtCore.QPointF(-446.0, 10.0)
2025-03-13 13:00:36,049 - CircuitSimulator - DEBUG - 导线绘制跟随鼠标: pos=PyQt6.QtCore.QPointF(-446.0, 10.0)
2025-03-13 13:00:36,060 - CircuitSimulator - DEBUG - 更新导线路径: start=PyQt6.QtCore.QPointF(-488.0, -81.0), end=PyQt6.QtCore.QPointF(-446.0, 11.0)
2025-03-13 13:00:36,061 - CircuitSimulator - DEBUG - 导线绘制跟随鼠标: pos=PyQt6.QtCore.QPointF(-446.0, 11.0)
2025-03-13 13:00:36,075 - CircuitSimulator - DEBUG - 更新导线路径: start=PyQt6.QtCore.QPointF(-488.0, -81.0), end=PyQt6.QtCore.QPointF(-445.0, 11.0)
2025-03-13 13:00:36,075 - CircuitSimulator - DEBUG - 导线绘制跟随鼠标: pos=PyQt6.QtCore.QPointF(-445.0, 11.0)
2025-03-13 13:00:36,091 - CircuitSimulator - DEBUG - 更新导线路径: start=PyQt6.QtCore.QPointF(-488.0, -81.0), end=PyQt6.QtCore.QPointF(-444.0, 12.0)
2025-03-13 13:00:36,092 - CircuitSimulator - DEBUG - 导线绘制跟随鼠标: pos=PyQt6.QtCore.QPointF(-444.0, 12.0)
2025-03-13 13:00:36,105 - CircuitSimulator - DEBUG - 更新导线路径: start=PyQt6.QtCore.QPointF(-488.0, -81.0), end=PyQt6.QtCore.QPointF(-444.0, 13.0)
2025-03-13 13:00:36,105 - CircuitSimulator - DEBUG - 导线绘制跟随鼠标: pos=PyQt6.QtCore.QPointF(-444.0, 13.0)
2025-03-13 13:00:36,118 - CircuitSimulator - DEBUG - 更新导线路径: start=PyQt6.QtCore.QPointF(-488.0, -81.0), end=PyQt6.QtCore.QPointF(-444.0, 14.0)
2025-03-13 13:00:36,118 - CircuitSimulator - DEBUG - 导线绘制跟随鼠标: pos=PyQt6.QtCore.QPointF(-444.0, 14.0)
2025-03-13 13:00:36,118 - CircuitSimulator - DEBUG - 更新导线路径: start=PyQt6.QtCore.QPointF(-488.0, -81.0), end=PyQt6.QtCore.QPointF(-444.0, 15.0)
2025-03-13 13:00:36,118 - CircuitSimulator - DEBUG - 导线绘制跟随鼠标: pos=PyQt6.QtCore.QPointF(-444.0, 15.0)
2025-03-13 13:00:36,129 - CircuitSimulator - DEBUG - 更新导线路径: start=PyQt6.QtCore.QPointF(-488.0, -81.0), end=PyQt6.QtCore.QPointF(-444.0, 17.0)
2025-03-13 13:00:36,130 - CircuitSimulator - DEBUG - 导线绘制跟随鼠标: pos=PyQt6.QtCore.QPointF(-444.0, 17.0)
2025-03-13 13:00:36,137 - CircuitSimulator - DEBUG - 更新导线路径: start=PyQt6.QtCore.QPointF(-488.0, -81.0), end=PyQt6.QtCore.QPointF(-443.0, 19.0)
2025-03-13 13:00:36,137 - CircuitSimulator - DEBUG - 导线绘制跟随鼠标: pos=PyQt6.QtCore.QPointF(-443.0, 19.0)
2025-03-13 13:00:36,147 - CircuitSimulator - DEBUG - 更新导线路径: start=PyQt6.QtCore.QPointF(-488.0, -81.0), end=PyQt6.QtCore.QPointF(-443.0, 20.0)
2025-03-13 13:00:36,147 - CircuitSimulator - DEBUG - 导线绘制跟随鼠标: pos=PyQt6.QtCore.QPointF(-443.0, 20.0)
2025-03-13 13:00:36,147 - CircuitSimulator - DEBUG - 更新导线路径: start=PyQt6.QtCore.QPointF(-488.0, -81.0), end=PyQt6.QtCore.QPointF(-442.0, 21.0)
2025-03-13 13:00:36,147 - CircuitSimulator - DEBUG - 导线绘制跟随鼠标: pos=PyQt6.QtCore.QPointF(-442.0, 21.0)
2025-03-13 13:00:36,156 - CircuitSimulator - DEBUG - 更新导线路径: start=PyQt6.QtCore.QPointF(-488.0, -81.0), end=PyQt6.QtCore.QPointF(-442.0, 21.0)
2025-03-13 13:00:36,156 - CircuitSimulator - DEBUG - 导线绘制跟随鼠标: pos=PyQt6.QtCore.QPointF(-442.0, 21.0)
2025-03-13 13:00:36,156 - CircuitSimulator - DEBUG - 更新导线路径: start=PyQt6.QtCore.QPointF(-488.0, -81.0), end=PyQt6.QtCore.QPointF(-442.0, 22.0)
2025-03-13 13:00:36,156 - CircuitSimulator - DEBUG - 导线绘制跟随鼠标: pos=PyQt6.QtCore.QPointF(-442.0, 22.0)
2025-03-13 13:00:36,166 - CircuitSimulator - DEBUG - 更新导线路径: start=PyQt6.QtCore.QPointF(-488.0, -81.0), end=PyQt6.QtCore.QPointF(-442.0, 23.0)
2025-03-13 13:00:36,166 - CircuitSimulator - DEBUG - 导线绘制跟随鼠标: pos=PyQt6.QtCore.QPointF(-442.0, 23.0)
2025-03-13 13:00:36,178 - CircuitSimulator - DEBUG - 更新导线路径: start=PyQt6.QtCore.QPointF(-488.0, -81.0), end=PyQt6.QtCore.QPointF(-442.0, 23.0)
2025-03-13 13:00:36,178 - CircuitSimulator - DEBUG - 导线绘制跟随鼠标: pos=PyQt6.QtCore.QPointF(-442.0, 23.0)
2025-03-13 13:00:36,182 - CircuitSimulator - DEBUG - 更新导线路径: start=PyQt6.QtCore.QPointF(-488.0, -81.0), end=PyQt6.QtCore.QPointF(-442.0, 24.0)
2025-03-13 13:00:36,182 - CircuitSimulator - DEBUG - 导线绘制跟随鼠标: pos=PyQt6.QtCore.QPointF(-442.0, 24.0)
2025-03-13 13:00:36,192 - CircuitSimulator - DEBUG - 更新导线路径: start=PyQt6.QtCore.QPointF(-488.0, -81.0), end=PyQt6.QtCore.QPointF(-442.0, 25.0)
2025-03-13 13:00:36,192 - CircuitSimulator - DEBUG - 导线绘制跟随鼠标: pos=PyQt6.QtCore.QPointF(-442.0, 25.0)
2025-03-13 13:00:36,201 - CircuitSimulator - DEBUG - 更新导线路径: start=PyQt6.QtCore.QPointF(-488.0, -81.0), end=PyQt6.QtCore.QPointF(-441.0, 25.0)
2025-03-13 13:00:36,202 - CircuitSimulator - DEBUG - 导线绘制跟随鼠标: pos=PyQt6.QtCore.QPointF(-441.0, 25.0)
2025-03-13 13:00:36,211 - CircuitSimulator - DEBUG - 更新导线路径: start=PyQt6.QtCore.QPointF(-488.0, -81.0), end=PyQt6.QtCore.QPointF(-440.0, 27.0)
2025-03-13 13:00:36,211 - CircuitSimulator - DEBUG - 导线绘制跟随鼠标: pos=PyQt6.QtCore.QPointF(-440.0, 27.0)
2025-03-13 13:00:36,220 - CircuitSimulator - DEBUG - 更新导线路径: start=PyQt6.QtCore.QPointF(-488.0, -81.0), end=PyQt6.QtCore.QPointF(-440.0, 28.0)
2025-03-13 13:00:36,220 - CircuitSimulator - DEBUG - 导线绘制跟随鼠标: pos=PyQt6.QtCore.QPointF(-440.0, 28.0)
2025-03-13 13:00:36,235 - CircuitSimulator - DEBUG - 更新导线路径: start=PyQt6.QtCore.QPointF(-488.0, -81.0), end=PyQt6.QtCore.QPointF(-438.0, 31.0)
2025-03-13 13:00:36,235 - CircuitSimulator - DEBUG - 导线绘制跟随鼠标: pos=PyQt6.QtCore.QPointF(-438.0, 31.0)
2025-03-13 13:00:36,247 - CircuitSimulator - DEBUG - 更新导线路径: start=PyQt6.QtCore.QPointF(-488.0, -81.0), end=PyQt6.QtCore.QPointF(-438.0, 31.0)
2025-03-13 13:00:36,247 - CircuitSimulator - DEBUG - 导线绘制跟随鼠标: pos=PyQt6.QtCore.QPointF(-438.0, 31.0)
2025-03-13 13:00:36,248 - CircuitSimulator - DEBUG - 更新导线路径: start=PyQt6.QtCore.QPointF(-488.0, -81.0), end=PyQt6.QtCore.QPointF(-436.0, 33.0)
2025-03-13 13:00:36,248 - CircuitSimulator - DEBUG - 导线绘制跟随鼠标: pos=PyQt6.QtCore.QPointF(-436.0, 33.0)
2025-03-13 13:00:36,266 - CircuitSimulator - DEBUG - 更新导线路径: start=PyQt6.QtCore.QPointF(-488.0, -81.0), end=PyQt6.QtCore.QPointF(-435.0, 35.0)
2025-03-13 13:00:36,266 - CircuitSimulator - DEBUG - 导线绘制跟随鼠标: pos=PyQt6.QtCore.QPointF(-435.0, 35.0)
2025-03-13 13:00:36,280 - CircuitSimulator - DEBUG - 更新导线路径: start=PyQt6.QtCore.QPointF(-488.0, -81.0), end=PyQt6.QtCore.QPointF(-434.0, 35.0)
2025-03-13 13:00:36,280 - CircuitSimulator - DEBUG - 导线绘制跟随鼠标: pos=PyQt6.QtCore.QPointF(-434.0, 35.0)
2025-03-13 13:00:36,294 - CircuitSimulator - DEBUG - 更新导线路径: start=PyQt6.QtCore.QPointF(-488.0, -81.0), end=PyQt6.QtCore.QPointF(-434.0, 37.0)
2025-03-13 13:00:36,294 - CircuitSimulator - DEBUG - 导线绘制跟随鼠标: pos=PyQt6.QtCore.QPointF(-434.0, 37.0)
2025-03-13 13:00:36,307 - CircuitSimulator - DEBUG - 更新导线路径: start=PyQt6.QtCore.QPointF(-488.0, -81.0), end=PyQt6.QtCore.QPointF(-433.0, 37.0)
2025-03-13 13:00:36,307 - CircuitSimulator - DEBUG - 导线绘制跟随鼠标: pos=PyQt6.QtCore.QPointF(-433.0, 37.0)
2025-03-13 13:00:36,323 - CircuitSimulator - DEBUG - 更新导线路径: start=PyQt6.QtCore.QPointF(-488.0, -81.0), end=PyQt6.QtCore.QPointF(-432.0, 37.0)
2025-03-13 13:00:36,323 - CircuitSimulator - DEBUG - 导线绘制跟随鼠标: pos=PyQt6.QtCore.QPointF(-432.0, 37.0)
2025-03-13 13:00:36,378 - CircuitSimulator - DEBUG - 更新导线路径: start=PyQt6.QtCore.QPointF(-488.0, -81.0), end=PyQt6.QtCore.QPointF(-432.0, 38.0)
2025-03-13 13:00:36,378 - CircuitSimulator - DEBUG - 导线绘制跟随鼠标: pos=PyQt6.QtCore.QPointF(-432.0, 38.0)
2025-03-13 13:00:36,398 - CircuitSimulator - DEBUG - 更新导线路径: start=PyQt6.QtCore.QPointF(-488.0, -81.0), end=PyQt6.QtCore.QPointF(-432.0, 39.0)
2025-03-13 13:00:36,398 - CircuitSimulator - DEBUG - 导线绘制跟随鼠标: pos=PyQt6.QtCore.QPointF(-432.0, 39.0)
2025-03-13 13:00:36,926 - CircuitSimulator - DEBUG - 更新导线路径: start=PyQt6.QtCore.QPointF(-488.0, -81.0), end=PyQt6.QtCore.QPointF(-431.0, 39.0)
2025-03-13 13:00:36,926 - CircuitSimulator - DEBUG - 导线绘制跟随鼠标: pos=PyQt6.QtCore.QPointF(-431.0, 39.0)
2025-03-13 13:00:36,938 - CircuitSimulator - DEBUG - 更新导线路径: start=PyQt6.QtCore.QPointF(-488.0, -81.0), end=PyQt6.QtCore.QPointF(-431.0, 38.0)
2025-03-13 13:00:36,938 - CircuitSimulator - DEBUG - 导线绘制跟随鼠标: pos=PyQt6.QtCore.QPointF(-431.0, 38.0)
2025-03-13 13:00:36,945 - CircuitSimulator - DEBUG - 更新导线路径: start=PyQt6.QtCore.QPointF(-488.0, -81.0), end=PyQt6.QtCore.QPointF(-430.0, 38.0)
2025-03-13 13:00:36,946 - CircuitSimulator - DEBUG - 导线绘制跟随鼠标: pos=PyQt6.QtCore.QPointF(-430.0, 38.0)
2025-03-13 13:00:36,955 - CircuitSimulator - DEBUG - 更新导线路径: start=PyQt6.QtCore.QPointF(-488.0, -81.0), end=PyQt6.QtCore.QPointF(-430.0, 37.0)
2025-03-13 13:00:36,955 - CircuitSimulator - DEBUG - 导线绘制跟随鼠标: pos=PyQt6.QtCore.QPointF(-430.0, 37.0)
2025-03-13 13:00:36,967 - CircuitSimulator - DEBUG - 更新导线路径: start=PyQt6.QtCore.QPointF(-488.0, -81.0), end=PyQt6.QtCore.QPointF(-429.0, 37.0)
2025-03-13 13:00:36,967 - CircuitSimulator - DEBUG - 导线绘制跟随鼠标: pos=PyQt6.QtCore.QPointF(-429.0, 37.0)
2025-03-13 13:00:36,974 - CircuitSimulator - DEBUG - 更新导线路径: start=PyQt6.QtCore.QPointF(-488.0, -81.0), end=PyQt6.QtCore.QPointF(-429.0, 37.0)
2025-03-13 13:00:36,974 - CircuitSimulator - DEBUG - 导线绘制跟随鼠标: pos=PyQt6.QtCore.QPointF(-429.0, 37.0)
2025-03-13 13:00:36,974 - CircuitSimulator - DEBUG - 更新导线路径: start=PyQt6.QtCore.QPointF(-488.0, -81.0), end=PyQt6.QtCore.QPointF(-429.0, 36.0)
2025-03-13 13:00:36,974 - CircuitSimulator - DEBUG - 导线绘制跟随鼠标: pos=PyQt6.QtCore.QPointF(-429.0, 36.0)
2025-03-13 13:00:36,984 - CircuitSimulator - DEBUG - 更新导线路径: start=PyQt6.QtCore.QPointF(-488.0, -81.0), end=PyQt6.QtCore.QPointF(-428.0, 36.0)
2025-03-13 13:00:36,984 - CircuitSimulator - DEBUG - 导线绘制跟随鼠标: pos=PyQt6.QtCore.QPointF(-428.0, 36.0)
2025-03-13 13:00:36,992 - CircuitSimulator - DEBUG - 更新导线路径: start=PyQt6.QtCore.QPointF(-488.0, -81.0), end=PyQt6.QtCore.QPointF(-428.0, 36.0)
2025-03-13 13:00:36,992 - CircuitSimulator - DEBUG - 导线绘制跟随鼠标: pos=PyQt6.QtCore.QPointF(-428.0, 36.0)
2025-03-13 13:00:37,002 - CircuitSimulator - DEBUG - 更新导线路径: start=PyQt6.QtCore.QPointF(-488.0, -81.0), end=PyQt6.QtCore.QPointF(-427.0, 36.0)
2025-03-13 13:00:37,002 - CircuitSimulator - DEBUG - 导线绘制跟随鼠标: pos=PyQt6.QtCore.QPointF(-427.0, 36.0)
2025-03-13 13:00:37,362 - CircuitSimulator - DEBUG - 更新导线路径: start=PyQt6.QtCore.QPointF(-488.0, -81.0), end=PyQt6.QtCore.QPointF(-427.0, 35.0)
2025-03-13 13:00:37,363 - CircuitSimulator - DEBUG - 导线绘制跟随鼠标: pos=PyQt6.QtCore.QPointF(-427.0, 35.0)
2025-03-13 13:00:37,570 - CircuitSimulator - DEBUG - 更新导线路径: start=PyQt6.QtCore.QPointF(-488.0, -81.0), end=PyQt6.QtCore.QPointF(-426.0, 35.0)
2025-03-13 13:00:37,570 - CircuitSimulator - DEBUG - 导线绘制跟随鼠标: pos=PyQt6.QtCore.QPointF(-426.0, 35.0)
2025-03-13 13:00:37,730 - CircuitSimulator - DEBUG - 更新导线路径: start=PyQt6.QtCore.QPointF(-488.0, -81.0), end=PyQt6.QtCore.QPointF(-426.0, 35.0)
2025-03-13 13:00:37,731 - CircuitSimulator - DEBUG - 导线绘制跟随鼠标: pos=PyQt6.QtCore.QPointF(-426.0, 35.0)
2025-03-13 13:00:37,741 - CircuitSimulator - DEBUG - 更新导线路径: start=PyQt6.QtCore.QPointF(-488.0, -81.0), end=PyQt6.QtCore.QPointF(-425.0, 35.0)
2025-03-13 13:00:37,742 - CircuitSimulator - DEBUG - 导线绘制跟随鼠标: pos=PyQt6.QtCore.QPointF(-425.0, 35.0)
2025-03-13 13:00:37,754 - CircuitSimulator - DEBUG - 更新导线路径: start=PyQt6.QtCore.QPointF(-488.0, -81.0), end=PyQt6.QtCore.QPointF(-424.0, 34.0)
2025-03-13 13:00:37,754 - CircuitSimulator - DEBUG - 导线绘制跟随鼠标: pos=PyQt6.QtCore.QPointF(-424.0, 34.0)
2025-03-13 13:00:37,761 - CircuitSimulator - DEBUG - 更新导线路径: start=PyQt6.QtCore.QPointF(-488.0, -81.0), end=PyQt6.QtCore.QPointF(-424.0, 34.0)
2025-03-13 13:00:37,761 - CircuitSimulator - DEBUG - 导线绘制跟随鼠标: pos=PyQt6.QtCore.QPointF(-424.0, 34.0)
2025-03-13 13:00:37,762 - CircuitSimulator - DEBUG - 更新导线路径: start=PyQt6.QtCore.QPointF(-488.0, -81.0), end=PyQt6.QtCore.QPointF(-424.0, 33.0)
2025-03-13 13:00:37,762 - CircuitSimulator - DEBUG - 导线绘制跟随鼠标: pos=PyQt6.QtCore.QPointF(-424.0, 33.0)
2025-03-13 13:00:37,770 - CircuitSimulator - DEBUG - 更新导线路径: start=PyQt6.QtCore.QPointF(-488.0, -81.0), end=PyQt6.QtCore.QPointF(-423.0, 33.0)
2025-03-13 13:00:37,770 - CircuitSimulator - DEBUG - 导线绘制跟随鼠标: pos=PyQt6.QtCore.QPointF(-423.0, 33.0)
2025-03-13 13:00:37,780 - CircuitSimulator - DEBUG - 更新导线路径: start=PyQt6.QtCore.QPointF(-488.0, -81.0), end=PyQt6.QtCore.QPointF(-423.0, 33.0)
2025-03-13 13:00:37,780 - CircuitSimulator - DEBUG - 导线绘制跟随鼠标: pos=PyQt6.QtCore.QPointF(-423.0, 33.0)
2025-03-13 13:00:37,784 - CircuitSimulator - DEBUG - 更新导线路径: start=PyQt6.QtCore.QPointF(-488.0, -81.0), end=PyQt6.QtCore.QPointF(-422.0, 31.0)
2025-03-13 13:00:37,784 - CircuitSimulator - DEBUG - 导线绘制跟随鼠标: pos=PyQt6.QtCore.QPointF(-422.0, 31.0)
2025-03-13 13:00:37,796 - CircuitSimulator - DEBUG - 更新导线路径: start=PyQt6.QtCore.QPointF(-488.0, -81.0), end=PyQt6.QtCore.QPointF(-422.0, 31.0)
2025-03-13 13:00:37,797 - CircuitSimulator - DEBUG - 导线绘制跟随鼠标: pos=PyQt6.QtCore.QPointF(-422.0, 31.0)
2025-03-13 13:00:37,797 - CircuitSimulator - DEBUG - 更新导线路径: start=PyQt6.QtCore.QPointF(-488.0, -81.0), end=PyQt6.QtCore.QPointF(-421.0, 31.0)
2025-03-13 13:00:37,797 - CircuitSimulator - DEBUG - 导线绘制跟随鼠标: pos=PyQt6.QtCore.QPointF(-421.0, 31.0)
2025-03-13 13:00:39,170 - CircuitSimulator - DEBUG - 更新导线路径: start=PyQt6.QtCore.QPointF(-488.0, -81.0), end=PyQt6.QtCore.QPointF(-421.0, 31.0)
2025-03-13 13:00:39,170 - CircuitSimulator - DEBUG - 导线绘制跟随鼠标: pos=PyQt6.QtCore.QPointF(-421.0, 31.0)
2025-03-13 13:00:39,183 - CircuitSimulator - DEBUG - 更新导线路径: start=PyQt6.QtCore.QPointF(-488.0, -81.0), end=PyQt6.QtCore.QPointF(-421.0, 30.0)
2025-03-13 13:00:39,183 - CircuitSimulator - DEBUG - 导线绘制跟随鼠标: pos=PyQt6.QtCore.QPointF(-421.0, 30.0)
2025-03-13 13:00:39,194 - CircuitSimulator - DEBUG - 更新导线路径: start=PyQt6.QtCore.QPointF(-488.0, -81.0), end=PyQt6.QtCore.QPointF(-421.0, 29.0)
2025-03-13 13:00:39,194 - CircuitSimulator - DEBUG - 导线绘制跟随鼠标: pos=PyQt6.QtCore.QPointF(-421.0, 29.0)
2025-03-13 13:00:39,222 - CircuitSimulator - DEBUG - 更新导线路径: start=PyQt6.QtCore.QPointF(-488.0, -81.0), end=PyQt6.QtCore.QPointF(-421.0, 29.0)
2025-03-13 13:00:39,222 - CircuitSimulator - DEBUG - 导线绘制跟随鼠标: pos=PyQt6.QtCore.QPointF(-421.0, 29.0)
2025-03-13 13:00:39,225 - CircuitSimulator - DEBUG - 更新导线路径: start=PyQt6.QtCore.QPointF(-488.0, -81.0), end=PyQt6.QtCore.QPointF(-421.0, 28.0)
2025-03-13 13:00:39,225 - CircuitSimulator - DEBUG - 导线绘制跟随鼠标: pos=PyQt6.QtCore.QPointF(-421.0, 28.0)
2025-03-13 13:00:39,234 - CircuitSimulator - DEBUG - 更新导线路径: start=PyQt6.QtCore.QPointF(-488.0, -81.0), end=PyQt6.QtCore.QPointF(-421.0, 27.0)
2025-03-13 13:00:39,234 - CircuitSimulator - DEBUG - 导线绘制跟随鼠标: pos=PyQt6.QtCore.QPointF(-421.0, 27.0)
2025-03-13 13:00:39,250 - CircuitSimulator - DEBUG - 更新导线路径: start=PyQt6.QtCore.QPointF(-488.0, -81.0), end=PyQt6.QtCore.QPointF(-421.0, 27.0)
2025-03-13 13:00:39,250 - CircuitSimulator - DEBUG - 导线绘制跟随鼠标: pos=PyQt6.QtCore.QPointF(-421.0, 27.0)
2025-03-13 13:00:39,253 - CircuitSimulator - DEBUG - 更新导线路径: start=PyQt6.QtCore.QPointF(-488.0, -81.0), end=PyQt6.QtCore.QPointF(-422.0, 27.0)
2025-03-13 13:00:39,254 - CircuitSimulator - DEBUG - 导线绘制跟随鼠标: pos=PyQt6.QtCore.QPointF(-422.0, 27.0)
2025-03-13 13:00:39,261 - CircuitSimulator - DEBUG - 更新导线路径: start=PyQt6.QtCore.QPointF(-488.0, -81.0), end=PyQt6.QtCore.QPointF(-422.0, 26.0)
2025-03-13 13:00:39,261 - CircuitSimulator - DEBUG - 导线绘制跟随鼠标: pos=PyQt6.QtCore.QPointF(-422.0, 26.0)
2025-03-13 13:00:39,277 - CircuitSimulator - DEBUG - 更新导线路径: start=PyQt6.QtCore.QPointF(-488.0, -81.0), end=PyQt6.QtCore.QPointF(-422.0, 25.0)
2025-03-13 13:00:39,277 - CircuitSimulator - DEBUG - 导线绘制跟随鼠标: pos=PyQt6.QtCore.QPointF(-422.0, 25.0)
2025-03-13 13:00:39,410 - CircuitSimulator - DEBUG - 更新导线路径: start=PyQt6.QtCore.QPointF(-488.0, -81.0), end=PyQt6.QtCore.QPointF(-422.0, 25.0)
2025-03-13 13:00:39,410 - CircuitSimulator - DEBUG - 导线绘制跟随鼠标: pos=PyQt6.QtCore.QPointF(-422.0, 25.0)
2025-03-13 13:00:39,419 - CircuitSimulator - DEBUG - 更新导线路径: start=PyQt6.QtCore.QPointF(-488.0, -81.0), end=PyQt6.QtCore.QPointF(-422.0, 25.0)
2025-03-13 13:00:39,419 - CircuitSimulator - DEBUG - 导线绘制跟随鼠标: pos=PyQt6.QtCore.QPointF(-422.0, 25.0)
2025-03-13 13:00:39,426 - CircuitSimulator - DEBUG - 更新导线路径: start=PyQt6.QtCore.QPointF(-488.0, -81.0), end=PyQt6.QtCore.QPointF(-423.0, 24.0)
2025-03-13 13:00:39,426 - CircuitSimulator - DEBUG - 导线绘制跟随鼠标: pos=PyQt6.QtCore.QPointF(-423.0, 24.0)
2025-03-13 13:00:39,440 - CircuitSimulator - DEBUG - 更新导线路径: start=PyQt6.QtCore.QPointF(-488.0, -81.0), end=PyQt6.QtCore.QPointF(-424.0, 23.0)
2025-03-13 13:00:39,440 - CircuitSimulator - DEBUG - 导线绘制跟随鼠标: pos=PyQt6.QtCore.QPointF(-424.0, 23.0)
2025-03-13 13:00:39,453 - CircuitSimulator - DEBUG - 更新导线路径: start=PyQt6.QtCore.QPointF(-488.0, -81.0), end=PyQt6.QtCore.QPointF(-426.0, 22.0)
2025-03-13 13:00:39,453 - CircuitSimulator - DEBUG - 导线绘制跟随鼠标: pos=PyQt6.QtCore.QPointF(-426.0, 22.0)
2025-03-13 13:00:39,472 - CircuitSimulator - DEBUG - 更新导线路径: start=PyQt6.QtCore.QPointF(-488.0, -81.0), end=PyQt6.QtCore.QPointF(-427.0, 21.0)
2025-03-13 13:00:39,472 - CircuitSimulator - DEBUG - 导线绘制跟随鼠标: pos=PyQt6.QtCore.QPointF(-427.0, 21.0)
2025-03-13 13:00:39,485 - CircuitSimulator - DEBUG - 更新导线路径: start=PyQt6.QtCore.QPointF(-488.0, -81.0), end=PyQt6.QtCore.QPointF(-428.0, 21.0)
2025-03-13 13:00:39,485 - CircuitSimulator - DEBUG - 导线绘制跟随鼠标: pos=PyQt6.QtCore.QPointF(-428.0, 21.0)
2025-03-13 13:00:39,498 - CircuitSimulator - DEBUG - 更新导线路径: start=PyQt6.QtCore.QPointF(-488.0, -81.0), end=PyQt6.QtCore.QPointF(-428.0, 20.0)
2025-03-13 13:00:39,498 - CircuitSimulator - DEBUG - 导线绘制跟随鼠标: pos=PyQt6.QtCore.QPointF(-428.0, 20.0)
2025-03-13 13:00:39,508 - CircuitSimulator - DEBUG - 更新导线路径: start=PyQt6.QtCore.QPointF(-488.0, -81.0), end=PyQt6.QtCore.QPointF(-428.0, 19.0)
2025-03-13 13:00:39,508 - CircuitSimulator - DEBUG - 导线绘制跟随鼠标: pos=PyQt6.QtCore.QPointF(-428.0, 19.0)
2025-03-13 13:00:39,518 - CircuitSimulator - DEBUG - 更新导线路径: start=PyQt6.QtCore.QPointF(-488.0, -81.0), end=PyQt6.QtCore.QPointF(-430.0, 18.0)
2025-03-13 13:00:39,519 - CircuitSimulator - DEBUG - 导线绘制跟随鼠标: pos=PyQt6.QtCore.QPointF(-430.0, 18.0)
2025-03-13 13:00:39,530 - CircuitSimulator - DEBUG - 更新导线路径: start=PyQt6.QtCore.QPointF(-488.0, -81.0), end=PyQt6.QtCore.QPointF(-430.0, 18.0)
2025-03-13 13:00:39,530 - CircuitSimulator - DEBUG - 导线绘制跟随鼠标: pos=PyQt6.QtCore.QPointF(-430.0, 18.0)
2025-03-13 13:00:39,530 - CircuitSimulator - DEBUG - 更新导线路径: start=PyQt6.QtCore.QPointF(-488.0, -81.0), end=PyQt6.QtCore.QPointF(-431.0, 17.0)
2025-03-13 13:00:39,530 - CircuitSimulator - DEBUG - 导线绘制跟随鼠标: pos=PyQt6.QtCore.QPointF(-431.0, 17.0)
2025-03-13 13:00:39,543 - CircuitSimulator - DEBUG - 更新导线路径: start=PyQt6.QtCore.QPointF(-488.0, -81.0), end=PyQt6.QtCore.QPointF(-432.0, 17.0)
2025-03-13 13:00:39,543 - CircuitSimulator - DEBUG - 导线绘制跟随鼠标: pos=PyQt6.QtCore.QPointF(-432.0, 17.0)
2025-03-13 13:00:39,551 - CircuitSimulator - DEBUG - 更新导线路径: start=PyQt6.QtCore.QPointF(-488.0, -81.0), end=PyQt6.QtCore.QPointF(-433.0, 16.0)
2025-03-13 13:00:39,551 - CircuitSimulator - DEBUG - 导线绘制跟随鼠标: pos=PyQt6.QtCore.QPointF(-433.0, 16.0)
2025-03-13 13:00:39,560 - CircuitSimulator - DEBUG - 更新导线路径: start=PyQt6.QtCore.QPointF(-488.0, -81.0), end=PyQt6.QtCore.QPointF(-434.0, 15.0)
2025-03-13 13:00:39,561 - CircuitSimulator - DEBUG - 导线绘制跟随鼠标: pos=PyQt6.QtCore.QPointF(-434.0, 15.0)
2025-03-13 13:00:39,570 - CircuitSimulator - DEBUG - 更新导线路径: start=PyQt6.QtCore.QPointF(-488.0, -81.0), end=PyQt6.QtCore.QPointF(-435.0, 15.0)
2025-03-13 13:00:39,570 - CircuitSimulator - DEBUG - 导线绘制跟随鼠标: pos=PyQt6.QtCore.QPointF(-435.0, 15.0)
2025-03-13 13:00:39,582 - CircuitSimulator - DEBUG - 更新导线路径: start=PyQt6.QtCore.QPointF(-488.0, -81.0), end=PyQt6.QtCore.QPointF(-436.0, 15.0)
2025-03-13 13:00:39,582 - CircuitSimulator - DEBUG - 导线绘制跟随鼠标: pos=PyQt6.QtCore.QPointF(-436.0, 15.0)
2025-03-13 13:00:39,591 - CircuitSimulator - DEBUG - 更新导线路径: start=PyQt6.QtCore.QPointF(-488.0, -81.0), end=PyQt6.QtCore.QPointF(-438.0, 14.0)
2025-03-13 13:00:39,591 - CircuitSimulator - DEBUG - 导线绘制跟随鼠标: pos=PyQt6.QtCore.QPointF(-438.0, 14.0)
2025-03-13 13:00:39,601 - CircuitSimulator - DEBUG - 更新导线路径: start=PyQt6.QtCore.QPointF(-488.0, -81.0), end=PyQt6.QtCore.QPointF(-439.0, 13.0)
2025-03-13 13:00:39,601 - CircuitSimulator - DEBUG - 导线绘制跟随鼠标: pos=PyQt6.QtCore.QPointF(-439.0, 13.0)
2025-03-13 13:00:39,613 - CircuitSimulator - DEBUG - 更新导线路径: start=PyQt6.QtCore.QPointF(-488.0, -81.0), end=PyQt6.QtCore.QPointF(-441.0, 13.0)
2025-03-13 13:00:39,613 - CircuitSimulator - DEBUG - 导线绘制跟随鼠标: pos=PyQt6.QtCore.QPointF(-441.0, 13.0)
2025-03-13 13:00:39,626 - CircuitSimulator - DEBUG - 更新导线路径: start=PyQt6.QtCore.QPointF(-488.0, -81.0), end=PyQt6.QtCore.QPointF(-444.0, 11.0)
2025-03-13 13:00:39,626 - CircuitSimulator - DEBUG - 导线绘制跟随鼠标: pos=PyQt6.QtCore.QPointF(-444.0, 11.0)
2025-03-13 13:00:39,645 - CircuitSimulator - DEBUG - 更新导线路径: start=PyQt6.QtCore.QPointF(-488.0, -81.0), end=PyQt6.QtCore.QPointF(-448.0, 10.0)
2025-03-13 13:00:39,645 - CircuitSimulator - DEBUG - 导线绘制跟随鼠标: pos=PyQt6.QtCore.QPointF(-448.0, 10.0)
2025-03-13 13:00:39,663 - CircuitSimulator - DEBUG - 更新导线路径: start=PyQt6.QtCore.QPointF(-488.0, -81.0), end=PyQt6.QtCore.QPointF(-456.0, 7.0)
2025-03-13 13:00:39,663 - CircuitSimulator - DEBUG - 导线绘制跟随鼠标: pos=PyQt6.QtCore.QPointF(-456.0, 7.0)
2025-03-13 13:00:39,663 - CircuitSimulator - DEBUG - 更新导线路径: start=PyQt6.QtCore.QPointF(-488.0, -81.0), end=PyQt6.QtCore.QPointF(-458.0, 6.0)
2025-03-13 13:00:39,663 - CircuitSimulator - DEBUG - 导线绘制跟随鼠标: pos=PyQt6.QtCore.QPointF(-458.0, 6.0)
2025-03-13 13:00:39,684 - CircuitSimulator - DEBUG - 更新导线路径: start=PyQt6.QtCore.QPointF(-488.0, -81.0), end=PyQt6.QtCore.QPointF(-466.0, 3.0)
2025-03-13 13:00:39,684 - CircuitSimulator - DEBUG - 导线绘制跟随鼠标: pos=PyQt6.QtCore.QPointF(-466.0, 3.0)
2025-03-13 13:00:39,701 - CircuitSimulator - DEBUG - 更新导线路径: start=PyQt6.QtCore.QPointF(-488.0, -81.0), end=PyQt6.QtCore.QPointF(-477.0, 1.0)
2025-03-13 13:00:39,702 - CircuitSimulator - DEBUG - 导线绘制跟随鼠标: pos=PyQt6.QtCore.QPointF(-477.0, 1.0)
2025-03-13 13:00:39,722 - CircuitSimulator - DEBUG - 更新导线路径: start=PyQt6.QtCore.QPointF(-488.0, -81.0), end=PyQt6.QtCore.QPointF(-488.0, -3.0)
2025-03-13 13:00:39,722 - CircuitSimulator - DEBUG - 导线绘制跟随鼠标: pos=PyQt6.QtCore.QPointF(-488.0, -3.0)
2025-03-13 13:00:39,735 - CircuitSimulator - DEBUG - 更新导线路径: start=PyQt6.QtCore.QPointF(-488.0, -81.0), end=PyQt6.QtCore.QPointF(-496.0, -5.0)
2025-03-13 13:00:39,735 - CircuitSimulator - DEBUG - 导线绘制跟随鼠标: pos=PyQt6.QtCore.QPointF(-496.0, -5.0)
2025-03-13 13:00:39,748 - CircuitSimulator - DEBUG - 更新导线路径: start=PyQt6.QtCore.QPointF(-488.0, -81.0), end=PyQt6.QtCore.QPointF(-499.0, -7.0)
2025-03-13 13:00:39,748 - CircuitSimulator - DEBUG - 导线绘制跟随鼠标: pos=PyQt6.QtCore.QPointF(-499.0, -7.0)
2025-03-13 13:00:39,763 - CircuitSimulator - DEBUG - 更新导线路径: start=PyQt6.QtCore.QPointF(-488.0, -81.0), end=PyQt6.QtCore.QPointF(-500.0, -7.0)
2025-03-13 13:00:39,763 - CircuitSimulator - DEBUG - 导线绘制跟随鼠标: pos=PyQt6.QtCore.QPointF(-500.0, -7.0)
2025-03-13 13:00:39,776 - CircuitSimulator - DEBUG - 更新导线路径: start=PyQt6.QtCore.QPointF(-488.0, -81.0), end=PyQt6.QtCore.QPointF(-501.0, -8.0)
2025-03-13 13:00:39,776 - CircuitSimulator - DEBUG - 导线绘制跟随鼠标: pos=PyQt6.QtCore.QPointF(-501.0, -8.0)
2025-03-13 13:00:39,786 - CircuitSimulator - DEBUG - 更新导线路径: start=PyQt6.QtCore.QPointF(-488.0, -81.0), end=PyQt6.QtCore.QPointF(-504.0, -9.0)
2025-03-13 13:00:39,786 - CircuitSimulator - DEBUG - 导线绘制跟随鼠标: pos=PyQt6.QtCore.QPointF(-504.0, -9.0)
2025-03-13 13:00:39,794 - CircuitSimulator - DEBUG - 更新导线路径: start=PyQt6.QtCore.QPointF(-488.0, -81.0), end=PyQt6.QtCore.QPointF(-507.0, -11.0)
2025-03-13 13:00:39,794 - CircuitSimulator - DEBUG - 导线绘制跟随鼠标: pos=PyQt6.QtCore.QPointF(-507.0, -11.0)
2025-03-13 13:00:39,806 - CircuitSimulator - DEBUG - 更新导线路径: start=PyQt6.QtCore.QPointF(-488.0, -81.0), end=PyQt6.QtCore.QPointF(-510.0, -13.0)
2025-03-13 13:00:39,806 - CircuitSimulator - DEBUG - 导线绘制跟随鼠标: pos=PyQt6.QtCore.QPointF(-510.0, -13.0)
2025-03-13 13:00:39,815 - CircuitSimulator - DEBUG - 更新导线路径: start=PyQt6.QtCore.QPointF(-488.0, -81.0), end=PyQt6.QtCore.QPointF(-513.0, -14.0)
2025-03-13 13:00:39,816 - CircuitSimulator - DEBUG - 导线绘制跟随鼠标: pos=PyQt6.QtCore.QPointF(-513.0, -14.0)
2025-03-13 13:00:39,823 - CircuitSimulator - DEBUG - 更新导线路径: start=PyQt6.QtCore.QPointF(-488.0, -81.0), end=PyQt6.QtCore.QPointF(-516.0, -16.0)
2025-03-13 13:00:39,824 - CircuitSimulator - DEBUG - 导线绘制跟随鼠标: pos=PyQt6.QtCore.QPointF(-516.0, -16.0)
2025-03-13 13:00:39,838 - CircuitSimulator - DEBUG - 更新导线路径: start=PyQt6.QtCore.QPointF(-488.0, -81.0), end=PyQt6.QtCore.QPointF(-518.0, -17.0)
2025-03-13 13:00:39,838 - CircuitSimulator - DEBUG - 导线绘制跟随鼠标: pos=PyQt6.QtCore.QPointF(-518.0, -17.0)
2025-03-13 13:00:39,854 - CircuitSimulator - DEBUG - 更新导线路径: start=PyQt6.QtCore.QPointF(-488.0, -81.0), end=PyQt6.QtCore.QPointF(-520.0, -20.0)
2025-03-13 13:00:39,854 - CircuitSimulator - DEBUG - 导线绘制跟随鼠标: pos=PyQt6.QtCore.QPointF(-520.0, -20.0)
2025-03-13 13:00:39,871 - CircuitSimulator - DEBUG - 更新导线路径: start=PyQt6.QtCore.QPointF(-488.0, -81.0), end=PyQt6.QtCore.QPointF(-522.0, -23.0)
2025-03-13 13:00:39,871 - CircuitSimulator - DEBUG - 导线绘制跟随鼠标: pos=PyQt6.QtCore.QPointF(-522.0, -23.0)
2025-03-13 13:00:39,885 - CircuitSimulator - DEBUG - 更新导线路径: start=PyQt6.QtCore.QPointF(-488.0, -81.0), end=PyQt6.QtCore.QPointF(-523.0, -25.0)
2025-03-13 13:00:39,885 - CircuitSimulator - DEBUG - 导线绘制跟随鼠标: pos=PyQt6.QtCore.QPointF(-523.0, -25.0)
2025-03-13 13:00:39,899 - CircuitSimulator - DEBUG - 更新导线路径: start=PyQt6.QtCore.QPointF(-488.0, -81.0), end=PyQt6.QtCore.QPointF(-524.0, -26.0)
2025-03-13 13:00:39,900 - CircuitSimulator - DEBUG - 导线绘制跟随鼠标: pos=PyQt6.QtCore.QPointF(-524.0, -26.0)
2025-03-13 13:00:39,913 - CircuitSimulator - DEBUG - 更新导线路径: start=PyQt6.QtCore.QPointF(-488.0, -81.0), end=PyQt6.QtCore.QPointF(-524.0, -28.0)
2025-03-13 13:00:39,913 - CircuitSimulator - DEBUG - 导线绘制跟随鼠标: pos=PyQt6.QtCore.QPointF(-524.0, -28.0)
2025-03-13 13:00:39,924 - CircuitSimulator - DEBUG - 更新导线路径: start=PyQt6.QtCore.QPointF(-488.0, -81.0), end=PyQt6.QtCore.QPointF(-524.0, -31.0)
2025-03-13 13:00:39,925 - CircuitSimulator - DEBUG - 导线绘制跟随鼠标: pos=PyQt6.QtCore.QPointF(-524.0, -31.0)
2025-03-13 13:00:39,937 - CircuitSimulator - DEBUG - 更新导线路径: start=PyQt6.QtCore.QPointF(-488.0, -81.0), end=PyQt6.QtCore.QPointF(-524.0, -32.0)
2025-03-13 13:00:39,937 - CircuitSimulator - DEBUG - 导线绘制跟随鼠标: pos=PyQt6.QtCore.QPointF(-524.0, -32.0)
2025-03-13 13:00:39,937 - CircuitSimulator - DEBUG - 更新导线路径: start=PyQt6.QtCore.QPointF(-488.0, -81.0), end=PyQt6.QtCore.QPointF(-524.0, -33.0)
2025-03-13 13:00:39,937 - CircuitSimulator - DEBUG - 导线绘制跟随鼠标: pos=PyQt6.QtCore.QPointF(-524.0, -33.0)
2025-03-13 13:00:39,948 - CircuitSimulator - DEBUG - 更新导线路径: start=PyQt6.QtCore.QPointF(-488.0, -81.0), end=PyQt6.QtCore.QPointF(-524.0, -35.0)
2025-03-13 13:00:39,948 - CircuitSimulator - DEBUG - 导线绘制跟随鼠标: pos=PyQt6.QtCore.QPointF(-524.0, -35.0)
2025-03-13 13:00:39,948 - CircuitSimulator - DEBUG - 更新导线路径: start=PyQt6.QtCore.QPointF(-488.0, -81.0), end=PyQt6.QtCore.QPointF(-525.0, -36.0)
2025-03-13 13:00:39,948 - CircuitSimulator - DEBUG - 导线绘制跟随鼠标: pos=PyQt6.QtCore.QPointF(-525.0, -36.0)
2025-03-13 13:00:39,958 - CircuitSimulator - DEBUG - 更新导线路径: start=PyQt6.QtCore.QPointF(-488.0, -81.0), end=PyQt6.QtCore.QPointF(-525.0, -37.0)
2025-03-13 13:00:39,959 - CircuitSimulator - DEBUG - 导线绘制跟随鼠标: pos=PyQt6.QtCore.QPointF(-525.0, -37.0)
2025-03-13 13:00:39,967 - CircuitSimulator - DEBUG - 更新导线路径: start=PyQt6.QtCore.QPointF(-488.0, -81.0), end=PyQt6.QtCore.QPointF(-526.0, -40.0)
2025-03-13 13:00:39,967 - CircuitSimulator - DEBUG - 导线绘制跟随鼠标: pos=PyQt6.QtCore.QPointF(-526.0, -40.0)
2025-03-13 13:00:39,978 - CircuitSimulator - DEBUG - 更新导线路径: start=PyQt6.QtCore.QPointF(-488.0, -81.0), end=PyQt6.QtCore.QPointF(-526.0, -41.0)
2025-03-13 13:00:39,978 - CircuitSimulator - DEBUG - 导线绘制跟随鼠标: pos=PyQt6.QtCore.QPointF(-526.0, -41.0)
2025-03-13 13:00:39,987 - CircuitSimulator - DEBUG - 更新导线路径: start=PyQt6.QtCore.QPointF(-488.0, -81.0), end=PyQt6.QtCore.QPointF(-526.0, -43.0)
2025-03-13 13:00:39,987 - CircuitSimulator - DEBUG - 导线绘制跟随鼠标: pos=PyQt6.QtCore.QPointF(-526.0, -43.0)
2025-03-13 13:00:39,996 - CircuitSimulator - DEBUG - 更新导线路径: start=PyQt6.QtCore.QPointF(-488.0, -81.0), end=PyQt6.QtCore.QPointF(-527.0, -45.0)
2025-03-13 13:00:39,996 - CircuitSimulator - DEBUG - 导线绘制跟随鼠标: pos=PyQt6.QtCore.QPointF(-527.0, -45.0)
2025-03-13 13:00:40,005 - CircuitSimulator - DEBUG - 更新导线路径: start=PyQt6.QtCore.QPointF(-488.0, -81.0), end=PyQt6.QtCore.QPointF(-528.0, -45.0)
2025-03-13 13:00:40,006 - CircuitSimulator - DEBUG - 导线绘制跟随鼠标: pos=PyQt6.QtCore.QPointF(-528.0, -45.0)
2025-03-13 13:00:40,014 - CircuitSimulator - DEBUG - 更新导线路径: start=PyQt6.QtCore.QPointF(-488.0, -81.0), end=PyQt6.QtCore.QPointF(-528.0, -47.0)
2025-03-13 13:00:40,014 - CircuitSimulator - DEBUG - 导线绘制跟随鼠标: pos=PyQt6.QtCore.QPointF(-528.0, -47.0)
2025-03-13 13:00:40,023 - CircuitSimulator - DEBUG - 更新导线路径: start=PyQt6.QtCore.QPointF(-488.0, -81.0), end=PyQt6.QtCore.QPointF(-528.0, -47.0)
2025-03-13 13:00:40,023 - CircuitSimulator - DEBUG - 导线绘制跟随鼠标: pos=PyQt6.QtCore.QPointF(-528.0, -47.0)
2025-03-13 13:00:40,041 - CircuitSimulator - DEBUG - 更新导线路径: start=PyQt6.QtCore.QPointF(-488.0, -81.0), end=PyQt6.QtCore.QPointF(-528.0, -48.0)
2025-03-13 13:00:40,041 - CircuitSimulator - DEBUG - 导线绘制跟随鼠标: pos=PyQt6.QtCore.QPointF(-528.0, -48.0)
2025-03-13 13:00:40,053 - CircuitSimulator - DEBUG - 更新导线路径: start=PyQt6.QtCore.QPointF(-488.0, -81.0), end=PyQt6.QtCore.QPointF(-528.0, -49.0)
2025-03-13 13:00:40,054 - CircuitSimulator - DEBUG - 导线绘制跟随鼠标: pos=PyQt6.QtCore.QPointF(-528.0, -49.0)
2025-03-13 13:00:40,054 - CircuitSimulator - DEBUG - 更新导线路径: start=PyQt6.QtCore.QPointF(-488.0, -81.0), end=PyQt6.QtCore.QPointF(-528.0, -49.0)
2025-03-13 13:00:40,054 - CircuitSimulator - DEBUG - 导线绘制跟随鼠标: pos=PyQt6.QtCore.QPointF(-528.0, -49.0)
2025-03-13 13:00:40,069 - CircuitSimulator - DEBUG - 更新导线路径: start=PyQt6.QtCore.QPointF(-488.0, -81.0), end=PyQt6.QtCore.QPointF(-528.0, -50.0)
2025-03-13 13:00:40,069 - CircuitSimulator - DEBUG - 导线绘制跟随鼠标: pos=PyQt6.QtCore.QPointF(-528.0, -50.0)
2025-03-13 13:00:40,082 - CircuitSimulator - DEBUG - 更新导线路径: start=PyQt6.QtCore.QPointF(-488.0, -81.0), end=PyQt6.QtCore.QPointF(-528.0, -51.0)
2025-03-13 13:00:40,082 - CircuitSimulator - DEBUG - 导线绘制跟随鼠标: pos=PyQt6.QtCore.QPointF(-528.0, -51.0)
2025-03-13 13:00:40,094 - CircuitSimulator - DEBUG - 更新导线路径: start=PyQt6.QtCore.QPointF(-488.0, -81.0), end=PyQt6.QtCore.QPointF(-528.0, -52.0)
2025-03-13 13:00:40,094 - CircuitSimulator - DEBUG - 导线绘制跟随鼠标: pos=PyQt6.QtCore.QPointF(-528.0, -52.0)
2025-03-13 13:00:40,107 - CircuitSimulator - DEBUG - 更新导线路径: start=PyQt6.QtCore.QPointF(-488.0, -81.0), end=PyQt6.QtCore.QPointF(-528.0, -53.0)
2025-03-13 13:00:40,107 - CircuitSimulator - DEBUG - 导线绘制跟随鼠标: pos=PyQt6.QtCore.QPointF(-528.0, -53.0)
2025-03-13 13:00:40,121 - CircuitSimulator - DEBUG - 更新导线路径: start=PyQt6.QtCore.QPointF(-488.0, -81.0), end=PyQt6.QtCore.QPointF(-528.0, -54.0)
2025-03-13 13:00:40,121 - CircuitSimulator - DEBUG - 导线绘制跟随鼠标: pos=PyQt6.QtCore.QPointF(-528.0, -54.0)
2025-03-13 13:00:40,133 - CircuitSimulator - DEBUG - 更新导线路径: start=PyQt6.QtCore.QPointF(-488.0, -81.0), end=PyQt6.QtCore.QPointF(-528.0, -55.0)
2025-03-13 13:00:40,133 - CircuitSimulator - DEBUG - 导线绘制跟随鼠标: pos=PyQt6.QtCore.QPointF(-528.0, -55.0)
2025-03-13 13:00:40,142 - CircuitSimulator - DEBUG - 更新导线路径: start=PyQt6.QtCore.QPointF(-488.0, -81.0), end=PyQt6.QtCore.QPointF(-528.0, -56.0)
2025-03-13 13:00:40,142 - CircuitSimulator - DEBUG - 导线绘制跟随鼠标: pos=PyQt6.QtCore.QPointF(-528.0, -56.0)
2025-03-13 13:00:40,151 - CircuitSimulator - DEBUG - 更新导线路径: start=PyQt6.QtCore.QPointF(-488.0, -81.0), end=PyQt6.QtCore.QPointF(-528.0, -57.0)
2025-03-13 13:00:40,151 - CircuitSimulator - DEBUG - 导线绘制跟随鼠标: pos=PyQt6.QtCore.QPointF(-528.0, -57.0)
2025-03-13 13:00:40,164 - CircuitSimulator - DEBUG - 更新导线路径: start=PyQt6.QtCore.QPointF(-488.0, -81.0), end=PyQt6.QtCore.QPointF(-528.0, -59.0)
2025-03-13 13:00:40,164 - CircuitSimulator - DEBUG - 导线绘制跟随鼠标: pos=PyQt6.QtCore.QPointF(-528.0, -59.0)
2025-03-13 13:00:40,173 - CircuitSimulator - DEBUG - 更新导线路径: start=PyQt6.QtCore.QPointF(-488.0, -81.0), end=PyQt6.QtCore.QPointF(-528.0, -61.0)
2025-03-13 13:00:40,173 - CircuitSimulator - DEBUG - 导线绘制跟随鼠标: pos=PyQt6.QtCore.QPointF(-528.0, -61.0)
2025-03-13 13:00:40,181 - CircuitSimulator - DEBUG - 更新导线路径: start=PyQt6.QtCore.QPointF(-488.0, -81.0), end=PyQt6.QtCore.QPointF(-527.0, -61.0)
2025-03-13 13:00:40,181 - CircuitSimulator - DEBUG - 导线绘制跟随鼠标: pos=PyQt6.QtCore.QPointF(-527.0, -61.0)
2025-03-13 13:00:40,191 - CircuitSimulator - DEBUG - 更新导线路径: start=PyQt6.QtCore.QPointF(-488.0, -81.0), end=PyQt6.QtCore.QPointF(-526.0, -62.0)
2025-03-13 13:00:40,191 - CircuitSimulator - DEBUG - 导线绘制跟随鼠标: pos=PyQt6.QtCore.QPointF(-526.0, -62.0)
2025-03-13 13:00:40,278 - CircuitSimulator - DEBUG - 更新导线路径: start=PyQt6.QtCore.QPointF(-488.0, -81.0), end=PyQt6.QtCore.QPointF(-526.0, -63.0)
2025-03-13 13:00:40,278 - CircuitSimulator - DEBUG - 导线绘制跟随鼠标: pos=PyQt6.QtCore.QPointF(-526.0, -63.0)
2025-03-13 13:00:40,291 - CircuitSimulator - DEBUG - 更新导线路径: start=PyQt6.QtCore.QPointF(-488.0, -81.0), end=PyQt6.QtCore.QPointF(-526.0, -63.0)
2025-03-13 13:00:40,291 - CircuitSimulator - DEBUG - 导线绘制跟随鼠标: pos=PyQt6.QtCore.QPointF(-526.0, -63.0)
2025-03-13 13:00:40,307 - CircuitSimulator - DEBUG - 更新导线路径: start=PyQt6.QtCore.QPointF(-488.0, -81.0), end=PyQt6.QtCore.QPointF(-526.0, -64.0)
2025-03-13 13:00:40,307 - CircuitSimulator - DEBUG - 导线绘制跟随鼠标: pos=PyQt6.QtCore.QPointF(-526.0, -64.0)
2025-03-13 13:00:40,321 - CircuitSimulator - DEBUG - 更新导线路径: start=PyQt6.QtCore.QPointF(-488.0, -81.0), end=PyQt6.QtCore.QPointF(-526.0, -64.0)
2025-03-13 13:00:40,321 - CircuitSimulator - DEBUG - 导线绘制跟随鼠标: pos=PyQt6.QtCore.QPointF(-526.0, -64.0)
2025-03-13 13:00:40,330 - CircuitSimulator - DEBUG - 更新导线路径: start=PyQt6.QtCore.QPointF(-488.0, -81.0), end=PyQt6.QtCore.QPointF(-526.0, -65.0)
2025-03-13 13:00:40,330 - CircuitSimulator - DEBUG - 导线绘制跟随鼠标: pos=PyQt6.QtCore.QPointF(-526.0, -65.0)
2025-03-13 13:00:40,341 - CircuitSimulator - DEBUG - 更新导线路径: start=PyQt6.QtCore.QPointF(-488.0, -81.0), end=PyQt6.QtCore.QPointF(-526.0, -65.0)
2025-03-13 13:00:40,341 - CircuitSimulator - DEBUG - 导线绘制跟随鼠标: pos=PyQt6.QtCore.QPointF(-526.0, -65.0)
2025-03-13 13:00:40,354 - CircuitSimulator - DEBUG - 更新导线路径: start=PyQt6.QtCore.QPointF(-488.0, -81.0), end=PyQt6.QtCore.QPointF(-525.0, -65.0)
2025-03-13 13:00:40,354 - CircuitSimulator - DEBUG - 导线绘制跟随鼠标: pos=PyQt6.QtCore.QPointF(-525.0, -65.0)
2025-03-13 13:00:40,458 - CircuitSimulator - DEBUG - 更新导线路径: start=PyQt6.QtCore.QPointF(-488.0, -81.0), end=PyQt6.QtCore.QPointF(-525.0, -66.0)
2025-03-13 13:00:40,458 - CircuitSimulator - DEBUG - 导线绘制跟随鼠标: pos=PyQt6.QtCore.QPointF(-525.0, -66.0)
2025-03-13 13:00:40,467 - CircuitSimulator - DEBUG - 更新导线路径: start=PyQt6.QtCore.QPointF(-488.0, -81.0), end=PyQt6.QtCore.QPointF(-525.0, -67.0)
2025-03-13 13:00:40,467 - CircuitSimulator - DEBUG - 导线绘制跟随鼠标: pos=PyQt6.QtCore.QPointF(-525.0, -67.0)
2025-03-13 13:00:40,475 - CircuitSimulator - DEBUG - 更新导线路径: start=PyQt6.QtCore.QPointF(-488.0, -81.0), end=PyQt6.QtCore.QPointF(-524.0, -67.0)
2025-03-13 13:00:40,476 - CircuitSimulator - DEBUG - 导线绘制跟随鼠标: pos=PyQt6.QtCore.QPointF(-524.0, -67.0)
2025-03-13 13:00:40,485 - CircuitSimulator - DEBUG - 更新导线路径: start=PyQt6.QtCore.QPointF(-488.0, -81.0), end=PyQt6.QtCore.QPointF(-524.0, -67.0)
2025-03-13 13:00:40,485 - CircuitSimulator - DEBUG - 导线绘制跟随鼠标: pos=PyQt6.QtCore.QPointF(-524.0, -67.0)
2025-03-13 13:00:40,489 - CircuitSimulator - DEBUG - 更新导线路径: start=PyQt6.QtCore.QPointF(-488.0, -81.0), end=PyQt6.QtCore.QPointF(-524.0, -68.0)
2025-03-13 13:00:40,490 - CircuitSimulator - DEBUG - 导线绘制跟随鼠标: pos=PyQt6.QtCore.QPointF(-524.0, -68.0)
2025-03-13 13:00:40,507 - CircuitSimulator - DEBUG - 更新导线路径: start=PyQt6.QtCore.QPointF(-488.0, -81.0), end=PyQt6.QtCore.QPointF(-523.0, -69.0)
2025-03-13 13:00:40,507 - CircuitSimulator - DEBUG - 导线绘制跟随鼠标: pos=PyQt6.QtCore.QPointF(-523.0, -69.0)
2025-03-13 13:00:40,520 - CircuitSimulator - DEBUG - 更新导线路径: start=PyQt6.QtCore.QPointF(-488.0, -81.0), end=PyQt6.QtCore.QPointF(-522.0, -70.0)
2025-03-13 13:00:40,520 - CircuitSimulator - DEBUG - 导线绘制跟随鼠标: pos=PyQt6.QtCore.QPointF(-522.0, -70.0)
2025-03-13 13:00:40,538 - CircuitSimulator - DEBUG - 更新导线路径: start=PyQt6.QtCore.QPointF(-488.0, -81.0), end=PyQt6.QtCore.QPointF(-520.0, -71.0)
2025-03-13 13:00:40,538 - CircuitSimulator - DEBUG - 导线绘制跟随鼠标: pos=PyQt6.QtCore.QPointF(-520.0, -71.0)
2025-03-13 13:00:40,539 - CircuitSimulator - DEBUG - 更新导线路径: start=PyQt6.QtCore.QPointF(-488.0, -81.0), end=PyQt6.QtCore.QPointF(-520.0, -71.0)
2025-03-13 13:00:40,539 - CircuitSimulator - DEBUG - 导线绘制跟随鼠标: pos=PyQt6.QtCore.QPointF(-520.0, -71.0)
2025-03-13 13:00:40,559 - CircuitSimulator - DEBUG - 更新导线路径: start=PyQt6.QtCore.QPointF(-488.0, -81.0), end=PyQt6.QtCore.QPointF(-520.0, -71.0)
2025-03-13 13:00:40,559 - CircuitSimulator - DEBUG - 导线绘制跟随鼠标: pos=PyQt6.QtCore.QPointF(-520.0, -71.0)
2025-03-13 13:00:40,614 - CircuitSimulator - DEBUG - 更新导线路径: start=PyQt6.QtCore.QPointF(-488.0, -81.0), end=PyQt6.QtCore.QPointF(-519.0, -72.0)
2025-03-13 13:00:40,614 - CircuitSimulator - DEBUG - 导线绘制跟随鼠标: pos=PyQt6.QtCore.QPointF(-519.0, -72.0)
2025-03-13 13:00:40,625 - CircuitSimulator - DEBUG - 更新导线路径: start=PyQt6.QtCore.QPointF(-488.0, -81.0), end=PyQt6.QtCore.QPointF(-518.0, -72.0)
2025-03-13 13:00:40,625 - CircuitSimulator - DEBUG - 导线绘制跟随鼠标: pos=PyQt6.QtCore.QPointF(-518.0, -72.0)
2025-03-13 13:00:40,636 - CircuitSimulator - DEBUG - 更新导线路径: start=PyQt6.QtCore.QPointF(-488.0, -81.0), end=PyQt6.QtCore.QPointF(-518.0, -73.0)
2025-03-13 13:00:40,636 - CircuitSimulator - DEBUG - 导线绘制跟随鼠标: pos=PyQt6.QtCore.QPointF(-518.0, -73.0)
2025-03-13 13:00:40,647 - CircuitSimulator - DEBUG - 更新导线路径: start=PyQt6.QtCore.QPointF(-488.0, -81.0), end=PyQt6.QtCore.QPointF(-517.0, -73.0)
2025-03-13 13:00:40,647 - CircuitSimulator - DEBUG - 导线绘制跟随鼠标: pos=PyQt6.QtCore.QPointF(-517.0, -73.0)
2025-03-13 13:00:40,657 - CircuitSimulator - DEBUG - 更新导线路径: start=PyQt6.QtCore.QPointF(-488.0, -81.0), end=PyQt6.QtCore.QPointF(-516.0, -73.0)
2025-03-13 13:00:40,658 - CircuitSimulator - DEBUG - 导线绘制跟随鼠标: pos=PyQt6.QtCore.QPointF(-516.0, -73.0)
2025-03-13 13:00:40,667 - CircuitSimulator - DEBUG - 更新导线路径: start=PyQt6.QtCore.QPointF(-488.0, -81.0), end=PyQt6.QtCore.QPointF(-516.0, -73.0)
2025-03-13 13:00:40,667 - CircuitSimulator - DEBUG - 导线绘制跟随鼠标: pos=PyQt6.QtCore.QPointF(-516.0, -73.0)
2025-03-13 13:00:40,667 - CircuitSimulator - DEBUG - 更新导线路径: start=PyQt6.QtCore.QPointF(-488.0, -81.0), end=PyQt6.QtCore.QPointF(-515.0, -73.0)
2025-03-13 13:00:40,667 - CircuitSimulator - DEBUG - 导线绘制跟随鼠标: pos=PyQt6.QtCore.QPointF(-515.0, -73.0)
2025-03-13 13:00:40,683 - CircuitSimulator - DEBUG - 更新导线路径: start=PyQt6.QtCore.QPointF(-488.0, -81.0), end=PyQt6.QtCore.QPointF(-515.0, -74.0)
2025-03-13 13:00:40,683 - CircuitSimulator - DEBUG - 导线绘制跟随鼠标: pos=PyQt6.QtCore.QPointF(-515.0, -74.0)
2025-03-13 13:00:40,697 - CircuitSimulator - DEBUG - 更新导线路径: start=PyQt6.QtCore.QPointF(-488.0, -81.0), end=PyQt6.QtCore.QPointF(-514.0, -74.0)
2025-03-13 13:00:40,698 - CircuitSimulator - DEBUG - 导线绘制跟随鼠标: pos=PyQt6.QtCore.QPointF(-514.0, -74.0)
2025-03-13 13:00:40,710 - CircuitSimulator - DEBUG - 更新导线路径: start=PyQt6.QtCore.QPointF(-488.0, -81.0), end=PyQt6.QtCore.QPointF(-512.0, -74.0)
2025-03-13 13:00:40,710 - CircuitSimulator - DEBUG - 导线绘制跟随鼠标: pos=PyQt6.QtCore.QPointF(-512.0, -74.0)
2025-03-13 13:00:40,724 - CircuitSimulator - DEBUG - 更新导线路径: start=PyQt6.QtCore.QPointF(-488.0, -81.0), end=PyQt6.QtCore.QPointF(-510.0, -75.0)
2025-03-13 13:00:40,724 - CircuitSimulator - DEBUG - 导线绘制跟随鼠标: pos=PyQt6.QtCore.QPointF(-510.0, -75.0)
2025-03-13 13:00:40,737 - CircuitSimulator - DEBUG - 更新导线路径: start=PyQt6.QtCore.QPointF(-488.0, -81.0), end=PyQt6.QtCore.QPointF(-510.0, -75.0)
2025-03-13 13:00:40,737 - CircuitSimulator - DEBUG - 导线绘制跟随鼠标: pos=PyQt6.QtCore.QPointF(-510.0, -75.0)
2025-03-13 13:00:40,741 - CircuitSimulator - DEBUG - 更新导线路径: start=PyQt6.QtCore.QPointF(-488.0, -81.0), end=PyQt6.QtCore.QPointF(-510.0, -75.0)
2025-03-13 13:00:40,742 - CircuitSimulator - DEBUG - 导线绘制跟随鼠标: pos=PyQt6.QtCore.QPointF(-510.0, -75.0)
2025-03-13 13:00:42,145 - CircuitSimulator - DEBUG - 更新导线路径: start=PyQt6.QtCore.QPointF(-488.0, -81.0), end=PyQt6.QtCore.QPointF(-509.0, -75.0)
2025-03-13 13:00:42,145 - CircuitSimulator - DEBUG - 导线绘制跟随鼠标: pos=PyQt6.QtCore.QPointF(-509.0, -75.0)
2025-03-13 13:00:43,604 - CircuitSimulator - DEBUG - 释放导线: pos=PyQt6.QtCore.QPointF(-509.0, -75.0), 找到目标点=False
2025-03-13 13:00:43,604 - CircuitSimulator - DEBUG - 未找到目标连接点，删除导线
