2025-04-21 19:53:47,907 - CircuitSimulator - INFO - 成功加载了 10 个实验
2025-04-21 19:53:47,941 - CircuitSimulator - DEBUG - WorkArea初始化完成
2025-04-21 19:53:51,594 - CircuitSimulator - DEBUG - 已放置组件: 电源 在位置 (150, 150)
2025-04-21 19:53:51,594 - CircuitSimulator - DEBUG - 已放置组件: 灯泡 在位置 (300, 150)
2025-04-21 19:53:51,594 - CircuitSimulator - DEBUG - 已放置组件: 开关 在位置 (150, 250)
2025-04-21 19:53:51,595 - CircuitSimulator - DEBUG - 创建新导线: start_pos=PyQt6.QtCore.QPointF(178.0, 150.0)
2025-04-21 19:53:51,595 - CircuitSimulator - DEBUG - 导线起点连接到: 电源
2025-04-21 19:53:51,595 - CircuitSimulator - DEBUG - 导线终点连接到: 开关
2025-04-21 19:53:51,595 - CircuitSimulator - DEBUG - 已创建导线连接: 电源 -> 开关
2025-04-21 19:53:51,596 - CircuitSimulator - ERROR - 无效的连接点索引: 1, 0
2025-04-21 19:53:56,787 - CircuitSimulator - DEBUG - 已放置组件: 电源 在位置 (150, 150)
2025-04-21 19:53:56,787 - CircuitSimulator - DEBUG - 已放置组件: 灯泡 在位置 (400, 150)
2025-04-21 19:53:56,788 - CircuitSimulator - DEBUG - 已放置组件: 开关 在位置 (250, 250)
2025-04-21 19:53:56,788 - CircuitSimulator - DEBUG - 创建新导线: start_pos=PyQt6.QtCore.QPointF(178.0, 150.0)
2025-04-21 19:53:56,788 - CircuitSimulator - DEBUG - 导线起点连接到: 电源
2025-04-21 19:53:56,788 - CircuitSimulator - DEBUG - 导线终点连接到: 开关
2025-04-21 19:53:56,788 - CircuitSimulator - DEBUG - 已创建导线连接: 电源 -> 开关
2025-04-21 19:53:56,788 - CircuitSimulator - ERROR - 无效的连接点索引: 1, 0
2025-04-21 19:53:56,788 - CircuitSimulator - WARNING - 连接点已被占用，跳过连接
2025-04-21 19:53:56,788 - CircuitSimulator - ERROR - 创建环路失败: 无法连接 电源 到 开关
2025-04-21 19:53:56,788 - CircuitSimulator - WARNING - 创建闭合电路环路失败
2025-04-21 19:54:00,461 - CircuitSimulator - DEBUG - 已放置组件: 电源 在位置 (150, 180)
2025-04-21 19:54:00,461 - CircuitSimulator - DEBUG - 已放置组件: 定值电阻 在位置 (300, 120)
2025-04-21 19:54:00,461 - CircuitSimulator - DEBUG - 已放置组件: 定值电阻 在位置 (300, 240)
2025-04-21 19:54:00,464 - CircuitSimulator - DEBUG - 已放置组件: 电压表 在位置 (450, 120)
2025-04-21 19:54:00,464 - CircuitSimulator - DEBUG - 已放置组件: 电流表 在位置 (450, 240)
2025-04-21 19:54:03,324 - CircuitSimulator - DEBUG - 已放置组件: 电源 在位置 (150, 200)
2025-04-21 19:54:03,324 - CircuitSimulator - DEBUG - 已放置组件: 灯泡 在位置 (300, 150)
2025-04-21 19:54:03,324 - CircuitSimulator - DEBUG - 已放置组件: 灯泡 在位置 (300, 250)
2025-04-21 19:54:03,324 - CircuitSimulator - ERROR - 无效的连接点索引: 0, 0
2025-04-21 19:54:03,324 - CircuitSimulator - ERROR - 无效的连接点索引: 0, 0
