2025-03-18 14:51:16,546 - CircuitSimulator - DEBUG - WorkArea初始化完成
2025-03-18 14:51:26,702 - CircuitSimulator - DEBUG - 更新导线路径: start=PyQt6.QtCore.QPointF(125.0, -80.0), end=PyQt6.QtCore.QPointF(125.0, -80.0), points=4
2025-03-18 14:51:26,703 - CircuitSimulator - DEBUG - 创建新导线: start_pos=PyQt6.QtCore.QPointF(125.0, -80.0)
2025-03-18 14:51:26,703 - CircuitSimulator - DEBUG - 导线起点连接到: 电源
2025-03-18 14:51:26,871 - CircuitSimulator - DEBUG - 更新导线路径: start=PyQt6.QtCore.QPointF(125.0, -80.0), end=PyQt6.QtCore.QPointF(134.0, -78.0), points=4
2025-03-18 14:51:26,879 - CircuitSimulator - DEBUG - 更新导线路径: start=PyQt6.QtCore.QPointF(125.0, -80.0), end=PyQt6.QtCore.QPointF(145.0, -75.0), points=4
2025-03-18 14:51:26,884 - CircuitSimulator - DEBUG - 更新导线路径: start=PyQt6.QtCore.QPointF(125.0, -80.0), end=PyQt6.QtCore.QPointF(153.0, -73.0), points=4
2025-03-18 14:51:26,897 - CircuitSimulator - DEBUG - 更新导线路径: start=PyQt6.QtCore.QPointF(125.0, -80.0), end=PyQt6.QtCore.QPointF(161.0, -71.0), points=4
2025-03-18 14:51:26,898 - CircuitSimulator - DEBUG - 更新导线路径: start=PyQt6.QtCore.QPointF(125.0, -80.0), end=PyQt6.QtCore.QPointF(167.0, -69.0), points=4
2025-03-18 14:51:26,906 - CircuitSimulator - DEBUG - 更新导线路径: start=PyQt6.QtCore.QPointF(125.0, -80.0), end=PyQt6.QtCore.QPointF(176.0, -66.0), points=4
2025-03-18 14:51:26,913 - CircuitSimulator - DEBUG - 更新导线路径: start=PyQt6.QtCore.QPointF(125.0, -80.0), end=PyQt6.QtCore.QPointF(183.0, -65.0), points=4
2025-03-18 14:51:26,923 - CircuitSimulator - DEBUG - 更新导线路径: start=PyQt6.QtCore.QPointF(125.0, -80.0), end=PyQt6.QtCore.QPointF(188.0, -63.0), points=4
2025-03-18 14:51:26,927 - CircuitSimulator - DEBUG - 更新导线路径: start=PyQt6.QtCore.QPointF(125.0, -80.0), end=PyQt6.QtCore.QPointF(192.0, -63.0), points=4
2025-03-18 14:51:26,936 - CircuitSimulator - DEBUG - 更新导线路径: start=PyQt6.QtCore.QPointF(125.0, -80.0), end=PyQt6.QtCore.QPointF(195.0, -63.0), points=4
2025-03-18 14:51:26,942 - CircuitSimulator - DEBUG - 更新导线路径: start=PyQt6.QtCore.QPointF(125.0, -80.0), end=PyQt6.QtCore.QPointF(198.0, -63.0), points=4
2025-03-18 14:51:26,946 - CircuitSimulator - DEBUG - 更新导线路径: start=PyQt6.QtCore.QPointF(125.0, -80.0), end=PyQt6.QtCore.QPointF(200.0, -63.0), points=4
2025-03-18 14:51:26,955 - CircuitSimulator - DEBUG - 更新导线路径: start=PyQt6.QtCore.QPointF(125.0, -80.0), end=PyQt6.QtCore.QPointF(201.0, -63.0), points=4
2025-03-18 14:51:26,959 - CircuitSimulator - DEBUG - 更新导线路径: start=PyQt6.QtCore.QPointF(125.0, -80.0), end=PyQt6.QtCore.QPointF(203.0, -63.0), points=4
2025-03-18 14:51:26,966 - CircuitSimulator - DEBUG - 更新导线路径: start=PyQt6.QtCore.QPointF(125.0, -80.0), end=PyQt6.QtCore.QPointF(203.0, -62.0), points=4
2025-03-18 14:51:26,973 - CircuitSimulator - DEBUG - 更新导线路径: start=PyQt6.QtCore.QPointF(125.0, -80.0), end=PyQt6.QtCore.QPointF(203.0, -62.0), points=4
2025-03-18 14:51:26,981 - CircuitSimulator - DEBUG - 更新导线路径: start=PyQt6.QtCore.QPointF(125.0, -80.0), end=PyQt6.QtCore.QPointF(204.0, -62.0), points=4
2025-03-18 14:51:27,007 - CircuitSimulator - DEBUG - 更新导线路径: start=PyQt6.QtCore.QPointF(125.0, -80.0), end=PyQt6.QtCore.QPointF(205.0, -62.0), points=4
2025-03-18 14:51:27,013 - CircuitSimulator - DEBUG - 更新导线路径: start=PyQt6.QtCore.QPointF(125.0, -80.0), end=PyQt6.QtCore.QPointF(205.0, -62.0), points=4
2025-03-18 14:51:27,020 - CircuitSimulator - DEBUG - 更新导线路径: start=PyQt6.QtCore.QPointF(125.0, -80.0), end=PyQt6.QtCore.QPointF(207.0, -62.0), points=4
2025-03-18 14:51:27,030 - CircuitSimulator - DEBUG - 更新导线路径: start=PyQt6.QtCore.QPointF(125.0, -80.0), end=PyQt6.QtCore.QPointF(207.0, -61.0), points=4
2025-03-18 14:51:27,034 - CircuitSimulator - DEBUG - 更新导线路径: start=PyQt6.QtCore.QPointF(125.0, -80.0), end=PyQt6.QtCore.QPointF(208.0, -61.0), points=4
2025-03-18 14:51:27,040 - CircuitSimulator - DEBUG - 更新导线路径: start=PyQt6.QtCore.QPointF(125.0, -80.0), end=PyQt6.QtCore.QPointF(211.0, -61.0), points=4
2025-03-18 14:51:27,047 - CircuitSimulator - DEBUG - 更新导线路径: start=PyQt6.QtCore.QPointF(125.0, -80.0), end=PyQt6.QtCore.QPointF(213.0, -61.0), points=4
2025-03-18 14:51:27,054 - CircuitSimulator - DEBUG - 更新导线路径: start=PyQt6.QtCore.QPointF(125.0, -80.0), end=PyQt6.QtCore.QPointF(214.0, -61.0), points=4
2025-03-18 14:51:27,061 - CircuitSimulator - DEBUG - 更新导线路径: start=PyQt6.QtCore.QPointF(125.0, -80.0), end=PyQt6.QtCore.QPointF(216.0, -60.0), points=4
2025-03-18 14:51:27,067 - CircuitSimulator - DEBUG - 更新导线路径: start=PyQt6.QtCore.QPointF(125.0, -80.0), end=PyQt6.QtCore.QPointF(218.0, -60.0), points=4
2025-03-18 14:51:27,076 - CircuitSimulator - DEBUG - 更新导线路径: start=PyQt6.QtCore.QPointF(125.0, -80.0), end=PyQt6.QtCore.QPointF(219.0, -60.0), points=4
2025-03-18 14:51:27,084 - CircuitSimulator - DEBUG - 更新导线路径: start=PyQt6.QtCore.QPointF(125.0, -80.0), end=PyQt6.QtCore.QPointF(221.0, -59.0), points=4
2025-03-18 14:51:27,090 - CircuitSimulator - DEBUG - 更新导线路径: start=PyQt6.QtCore.QPointF(125.0, -80.0), end=PyQt6.QtCore.QPointF(223.0, -58.0), points=4
2025-03-18 14:51:27,095 - CircuitSimulator - DEBUG - 更新导线路径: start=PyQt6.QtCore.QPointF(125.0, -80.0), end=PyQt6.QtCore.QPointF(225.0, -57.0), points=4
2025-03-18 14:51:27,102 - CircuitSimulator - DEBUG - 更新导线路径: start=PyQt6.QtCore.QPointF(125.0, -80.0), end=PyQt6.QtCore.QPointF(225.0, -57.0), points=4
2025-03-18 14:51:27,110 - CircuitSimulator - DEBUG - 更新导线路径: start=PyQt6.QtCore.QPointF(125.0, -80.0), end=PyQt6.QtCore.QPointF(226.0, -57.0), points=4
2025-03-18 14:51:27,124 - CircuitSimulator - DEBUG - 更新导线路径: start=PyQt6.QtCore.QPointF(125.0, -80.0), end=PyQt6.QtCore.QPointF(227.0, -58.0), points=4
2025-03-18 14:51:27,130 - CircuitSimulator - DEBUG - 更新导线路径: start=PyQt6.QtCore.QPointF(125.0, -80.0), end=PyQt6.QtCore.QPointF(227.0, -59.0), points=4
2025-03-18 14:51:27,136 - CircuitSimulator - DEBUG - 更新导线路径: start=PyQt6.QtCore.QPointF(125.0, -80.0), end=PyQt6.QtCore.QPointF(229.0, -59.0), points=4
2025-03-18 14:51:27,142 - CircuitSimulator - DEBUG - 更新导线路径: start=PyQt6.QtCore.QPointF(125.0, -80.0), end=PyQt6.QtCore.QPointF(230.0, -61.0), points=4
2025-03-18 14:51:27,157 - CircuitSimulator - DEBUG - 更新导线路径: start=PyQt6.QtCore.QPointF(125.0, -80.0), end=PyQt6.QtCore.QPointF(231.0, -61.0), points=4
2025-03-18 14:51:27,163 - CircuitSimulator - DEBUG - 更新导线路径: start=PyQt6.QtCore.QPointF(125.0, -80.0), end=PyQt6.QtCore.QPointF(232.0, -61.0), points=4
2025-03-18 14:51:27,171 - CircuitSimulator - DEBUG - 更新导线路径: start=PyQt6.QtCore.QPointF(125.0, -80.0), end=PyQt6.QtCore.QPointF(233.0, -61.0), points=4
2025-03-18 14:51:27,181 - CircuitSimulator - DEBUG - 更新导线路径: start=PyQt6.QtCore.QPointF(125.0, -80.0), end=PyQt6.QtCore.QPointF(234.0, -61.0), points=4
2025-03-18 14:51:27,188 - CircuitSimulator - DEBUG - 更新导线路径: start=PyQt6.QtCore.QPointF(125.0, -80.0), end=PyQt6.QtCore.QPointF(236.0, -61.0), points=4
2025-03-18 14:51:27,194 - CircuitSimulator - DEBUG - 更新导线路径: start=PyQt6.QtCore.QPointF(125.0, -80.0), end=PyQt6.QtCore.QPointF(237.0, -61.0), points=4
2025-03-18 14:51:27,201 - CircuitSimulator - DEBUG - 更新导线路径: start=PyQt6.QtCore.QPointF(125.0, -80.0), end=PyQt6.QtCore.QPointF(239.0, -61.0), points=4
2025-03-18 14:51:27,204 - CircuitSimulator - DEBUG - 更新导线路径: start=PyQt6.QtCore.QPointF(125.0, -80.0), end=PyQt6.QtCore.QPointF(240.0, -60.0), points=4
2025-03-18 14:51:27,210 - CircuitSimulator - DEBUG - 更新导线路径: start=PyQt6.QtCore.QPointF(125.0, -80.0), end=PyQt6.QtCore.QPointF(241.0, -60.0), points=4
2025-03-18 14:51:27,219 - CircuitSimulator - DEBUG - 更新导线路径: start=PyQt6.QtCore.QPointF(125.0, -80.0), end=PyQt6.QtCore.QPointF(242.0, -61.0), points=4
2025-03-18 14:51:27,232 - CircuitSimulator - DEBUG - 更新导线路径: start=PyQt6.QtCore.QPointF(125.0, -80.0), end=PyQt6.QtCore.QPointF(245.0, -61.0), points=4
2025-03-18 14:51:27,239 - CircuitSimulator - DEBUG - 更新导线路径: start=PyQt6.QtCore.QPointF(125.0, -80.0), end=PyQt6.QtCore.QPointF(245.0, -61.0), points=4
2025-03-18 14:51:27,245 - CircuitSimulator - DEBUG - 更新导线路径: start=PyQt6.QtCore.QPointF(125.0, -80.0), end=PyQt6.QtCore.QPointF(246.0, -61.0), points=4
2025-03-18 14:51:27,251 - CircuitSimulator - DEBUG - 更新导线路径: start=PyQt6.QtCore.QPointF(125.0, -80.0), end=PyQt6.QtCore.QPointF(255.0, -60.0), points=4
2025-03-18 14:51:27,257 - CircuitSimulator - DEBUG - 更新导线路径: start=PyQt6.QtCore.QPointF(125.0, -80.0), end=PyQt6.QtCore.QPointF(255.0, -60.0), points=4
2025-03-18 14:51:27,288 - CircuitSimulator - DEBUG - 更新导线路径: start=PyQt6.QtCore.QPointF(125.0, -80.0), end=PyQt6.QtCore.QPointF(255.0, -60.0), points=4
2025-03-18 14:51:27,328 - CircuitSimulator - DEBUG - 更新导线路径: start=PyQt6.QtCore.QPointF(125.0, -80.0), end=PyQt6.QtCore.QPointF(255.0, -60.0), points=4
2025-03-18 14:51:27,334 - CircuitSimulator - DEBUG - 更新导线路径: start=PyQt6.QtCore.QPointF(125.0, -80.0), end=PyQt6.QtCore.QPointF(255.0, -60.0), points=4
2025-03-18 14:51:27,347 - CircuitSimulator - DEBUG - 更新导线路径: start=PyQt6.QtCore.QPointF(125.0, -80.0), end=PyQt6.QtCore.QPointF(255.0, -60.0), points=4
2025-03-18 14:51:27,370 - CircuitSimulator - DEBUG - 更新导线路径: start=PyQt6.QtCore.QPointF(125.0, -80.0), end=PyQt6.QtCore.QPointF(255.0, -60.0), points=4
2025-03-18 14:51:27,389 - CircuitSimulator - DEBUG - 更新导线路径: start=PyQt6.QtCore.QPointF(125.0, -80.0), end=PyQt6.QtCore.QPointF(255.0, -60.0), points=4
2025-03-18 14:51:27,409 - CircuitSimulator - DEBUG - 更新导线路径: start=PyQt6.QtCore.QPointF(125.0, -80.0), end=PyQt6.QtCore.QPointF(255.0, -60.0), points=4
2025-03-18 14:51:27,445 - CircuitSimulator - DEBUG - 更新导线路径: start=PyQt6.QtCore.QPointF(125.0, -80.0), end=PyQt6.QtCore.QPointF(255.0, -60.0), points=4
2025-03-18 14:51:27,449 - CircuitSimulator - DEBUG - 更新导线路径: start=PyQt6.QtCore.QPointF(125.0, -80.0), end=PyQt6.QtCore.QPointF(255.0, -60.0), points=4
2025-03-18 14:51:27,484 - CircuitSimulator - DEBUG - 更新导线路径: start=PyQt6.QtCore.QPointF(125.0, -80.0), end=PyQt6.QtCore.QPointF(255.0, -60.0), points=4
2025-03-18 14:51:27,585 - CircuitSimulator - DEBUG - 更新导线路径: start=PyQt6.QtCore.QPointF(125.0, -80.0), end=PyQt6.QtCore.QPointF(255.0, -60.0), points=4
2025-03-18 14:51:27,640 - CircuitSimulator - DEBUG - 更新导线路径: start=PyQt6.QtCore.QPointF(125.0, -80.0), end=PyQt6.QtCore.QPointF(255.0, -60.0), points=4
2025-03-18 14:51:27,673 - CircuitSimulator - DEBUG - 更新导线路径: start=PyQt6.QtCore.QPointF(125.0, -80.0), end=PyQt6.QtCore.QPointF(255.0, -60.0), points=4
2025-03-18 14:51:27,716 - CircuitSimulator - DEBUG - 更新导线路径: start=PyQt6.QtCore.QPointF(125.0, -80.0), end=PyQt6.QtCore.QPointF(255.0, -60.0), points=4
2025-03-18 14:51:27,817 - CircuitSimulator - DEBUG - 更新导线路径: start=PyQt6.QtCore.QPointF(125.0, -80.0), end=PyQt6.QtCore.QPointF(255.0, -60.0), points=4
2025-03-18 14:51:27,902 - CircuitSimulator - DEBUG - 更新导线路径: start=PyQt6.QtCore.QPointF(125.0, -80.0), end=PyQt6.QtCore.QPointF(255.0, -60.0), points=4
2025-03-18 14:51:28,152 - CircuitSimulator - DEBUG - 更新导线路径: start=PyQt6.QtCore.QPointF(125.0, -80.0), end=PyQt6.QtCore.QPointF(275.0, -73.0), points=4
2025-03-18 14:51:28,158 - CircuitSimulator - DEBUG - 更新导线路径: start=PyQt6.QtCore.QPointF(125.0, -80.0), end=PyQt6.QtCore.QPointF(313.0, -95.0), points=4
2025-03-18 14:51:28,184 - CircuitSimulator - DEBUG - 更新导线路径: start=PyQt6.QtCore.QPointF(125.0, -80.0), end=PyQt6.QtCore.QPointF(428.0, -150.0), points=4
2025-03-18 14:51:28,185 - CircuitSimulator - DEBUG - 更新导线路径: start=PyQt6.QtCore.QPointF(125.0, -80.0), end=PyQt6.QtCore.QPointF(514.0, -185.0), points=4
2025-03-18 14:51:28,209 - CircuitSimulator - DEBUG - 更新导线路径: start=PyQt6.QtCore.QPointF(125.0, -80.0), end=PyQt6.QtCore.QPointF(612.0, -238.0), points=4
2025-03-18 14:51:28,224 - CircuitSimulator - DEBUG - 更新导线路径: start=PyQt6.QtCore.QPointF(125.0, -80.0), end=PyQt6.QtCore.QPointF(682.0, -281.0), points=4
2025-03-18 14:51:28,240 - CircuitSimulator - DEBUG - 更新导线路径: start=PyQt6.QtCore.QPointF(125.0, -80.0), end=PyQt6.QtCore.QPointF(723.0, -310.0), points=4
2025-03-18 14:51:28,252 - CircuitSimulator - DEBUG - 更新导线路径: start=PyQt6.QtCore.QPointF(125.0, -80.0), end=PyQt6.QtCore.QPointF(744.0, -326.0), points=4
2025-03-18 14:51:28,271 - CircuitSimulator - DEBUG - 更新导线路径: start=PyQt6.QtCore.QPointF(125.0, -80.0), end=PyQt6.QtCore.QPointF(754.0, -336.0), points=4
2025-03-18 14:51:28,271 - CircuitSimulator - DEBUG - 更新导线路径: start=PyQt6.QtCore.QPointF(125.0, -80.0), end=PyQt6.QtCore.QPointF(759.0, -343.0), points=4
2025-03-18 14:51:28,284 - CircuitSimulator - DEBUG - 更新导线路径: start=PyQt6.QtCore.QPointF(125.0, -80.0), end=PyQt6.QtCore.QPointF(757.0, -350.0), points=4
2025-03-18 14:51:28,304 - CircuitSimulator - DEBUG - 更新导线路径: start=PyQt6.QtCore.QPointF(125.0, -80.0), end=PyQt6.QtCore.QPointF(743.0, -356.0), points=4
2025-03-18 14:51:28,305 - CircuitSimulator - DEBUG - 更新导线路径: start=PyQt6.QtCore.QPointF(125.0, -80.0), end=PyQt6.QtCore.QPointF(734.0, -356.0), points=4
2025-03-18 14:51:28,316 - CircuitSimulator - DEBUG - 更新导线路径: start=PyQt6.QtCore.QPointF(125.0, -80.0), end=PyQt6.QtCore.QPointF(709.0, -359.0), points=4
2025-03-18 14:51:28,328 - CircuitSimulator - DEBUG - 更新导线路径: start=PyQt6.QtCore.QPointF(125.0, -80.0), end=PyQt6.QtCore.QPointF(679.0, -362.0), points=4
2025-03-18 14:51:28,342 - CircuitSimulator - DEBUG - 更新导线路径: start=PyQt6.QtCore.QPointF(125.0, -80.0), end=PyQt6.QtCore.QPointF(657.0, -365.0), points=4
2025-03-18 14:51:28,362 - CircuitSimulator - DEBUG - 更新导线路径: start=PyQt6.QtCore.QPointF(125.0, -80.0), end=PyQt6.QtCore.QPointF(638.0, -367.0), points=4
2025-03-18 14:51:28,363 - CircuitSimulator - DEBUG - 更新导线路径: start=PyQt6.QtCore.QPointF(125.0, -80.0), end=PyQt6.QtCore.QPointF(630.0, -370.0), points=4
2025-03-18 14:51:28,383 - CircuitSimulator - DEBUG - 更新导线路径: start=PyQt6.QtCore.QPointF(125.0, -80.0), end=PyQt6.QtCore.QPointF(612.0, -374.0), points=4
2025-03-18 14:51:28,406 - CircuitSimulator - DEBUG - 更新导线路径: start=PyQt6.QtCore.QPointF(125.0, -80.0), end=PyQt6.QtCore.QPointF(605.0, -379.0), points=4
2025-03-18 14:51:28,421 - CircuitSimulator - DEBUG - 更新导线路径: start=PyQt6.QtCore.QPointF(125.0, -80.0), end=PyQt6.QtCore.QPointF(603.0, -381.0), points=4
2025-03-18 14:51:28,440 - CircuitSimulator - DEBUG - 更新导线路径: start=PyQt6.QtCore.QPointF(125.0, -80.0), end=PyQt6.QtCore.QPointF(603.0, -383.0), points=4
2025-03-18 14:51:28,478 - CircuitSimulator - DEBUG - 更新导线路径: start=PyQt6.QtCore.QPointF(125.0, -80.0), end=PyQt6.QtCore.QPointF(602.0, -384.0), points=4
2025-03-18 14:51:28,518 - CircuitSimulator - DEBUG - 更新导线路径: start=PyQt6.QtCore.QPointF(125.0, -80.0), end=PyQt6.QtCore.QPointF(601.0, -385.0), points=4
2025-03-18 14:51:28,534 - CircuitSimulator - DEBUG - 更新导线路径: start=PyQt6.QtCore.QPointF(125.0, -80.0), end=PyQt6.QtCore.QPointF(600.0, -384.0), points=4
2025-03-18 14:51:28,541 - CircuitSimulator - DEBUG - 更新导线路径: start=PyQt6.QtCore.QPointF(125.0, -80.0), end=PyQt6.QtCore.QPointF(598.0, -382.0), points=4
2025-03-18 14:51:28,545 - CircuitSimulator - DEBUG - 更新导线路径: start=PyQt6.QtCore.QPointF(125.0, -80.0), end=PyQt6.QtCore.QPointF(594.0, -379.0), points=4
2025-03-18 14:51:28,552 - CircuitSimulator - DEBUG - 更新导线路径: start=PyQt6.QtCore.QPointF(125.0, -80.0), end=PyQt6.QtCore.QPointF(587.0, -373.0), points=4
2025-03-18 14:51:28,558 - CircuitSimulator - DEBUG - 更新导线路径: start=PyQt6.QtCore.QPointF(125.0, -80.0), end=PyQt6.QtCore.QPointF(579.0, -366.0), points=4
2025-03-18 14:51:28,566 - CircuitSimulator - DEBUG - 更新导线路径: start=PyQt6.QtCore.QPointF(125.0, -80.0), end=PyQt6.QtCore.QPointF(571.0, -359.0), points=4
2025-03-18 14:51:28,576 - CircuitSimulator - DEBUG - 更新导线路径: start=PyQt6.QtCore.QPointF(125.0, -80.0), end=PyQt6.QtCore.QPointF(563.0, -352.0), points=4
2025-03-18 14:51:28,588 - CircuitSimulator - DEBUG - 更新导线路径: start=PyQt6.QtCore.QPointF(125.0, -80.0), end=PyQt6.QtCore.QPointF(553.0, -345.0), points=4
2025-03-18 14:51:28,590 - CircuitSimulator - DEBUG - 更新导线路径: start=PyQt6.QtCore.QPointF(125.0, -80.0), end=PyQt6.QtCore.QPointF(544.0, -336.0), points=4
2025-03-18 14:51:28,594 - CircuitSimulator - DEBUG - 更新导线路径: start=PyQt6.QtCore.QPointF(125.0, -80.0), end=PyQt6.QtCore.QPointF(537.0, -329.0), points=4
2025-03-18 14:51:28,602 - CircuitSimulator - DEBUG - 更新导线路径: start=PyQt6.QtCore.QPointF(125.0, -80.0), end=PyQt6.QtCore.QPointF(531.0, -324.0), points=4
2025-03-18 14:51:28,607 - CircuitSimulator - DEBUG - 更新导线路径: start=PyQt6.QtCore.QPointF(125.0, -80.0), end=PyQt6.QtCore.QPointF(526.0, -321.0), points=4
2025-03-18 14:51:28,615 - CircuitSimulator - DEBUG - 更新导线路径: start=PyQt6.QtCore.QPointF(125.0, -80.0), end=PyQt6.QtCore.QPointF(524.0, -319.0), points=4
2025-03-18 14:51:28,628 - CircuitSimulator - DEBUG - 更新导线路径: start=PyQt6.QtCore.QPointF(125.0, -80.0), end=PyQt6.QtCore.QPointF(522.0, -319.0), points=4
2025-03-18 14:51:28,637 - CircuitSimulator - DEBUG - 更新导线路径: start=PyQt6.QtCore.QPointF(125.0, -80.0), end=PyQt6.QtCore.QPointF(521.0, -317.0), points=4
2025-03-18 14:51:28,639 - CircuitSimulator - DEBUG - 更新导线路径: start=PyQt6.QtCore.QPointF(125.0, -80.0), end=PyQt6.QtCore.QPointF(519.0, -313.0), points=4
2025-03-18 14:51:28,643 - CircuitSimulator - DEBUG - 更新导线路径: start=PyQt6.QtCore.QPointF(125.0, -80.0), end=PyQt6.QtCore.QPointF(517.0, -311.0), points=4
2025-03-18 14:51:28,647 - CircuitSimulator - DEBUG - 更新导线路径: start=PyQt6.QtCore.QPointF(125.0, -80.0), end=PyQt6.QtCore.QPointF(512.0, -308.0), points=4
2025-03-18 14:51:28,654 - CircuitSimulator - DEBUG - 更新导线路径: start=PyQt6.QtCore.QPointF(125.0, -80.0), end=PyQt6.QtCore.QPointF(507.0, -305.0), points=4
2025-03-18 14:51:28,663 - CircuitSimulator - DEBUG - 更新导线路径: start=PyQt6.QtCore.QPointF(125.0, -80.0), end=PyQt6.QtCore.QPointF(499.0, -300.0), points=4
2025-03-18 14:51:28,677 - CircuitSimulator - DEBUG - 更新导线路径: start=PyQt6.QtCore.QPointF(125.0, -80.0), end=PyQt6.QtCore.QPointF(491.0, -296.0), points=4
2025-03-18 14:51:28,687 - CircuitSimulator - DEBUG - 更新导线路径: start=PyQt6.QtCore.QPointF(125.0, -80.0), end=PyQt6.QtCore.QPointF(483.0, -292.0), points=4
2025-03-18 14:51:28,688 - CircuitSimulator - DEBUG - 更新导线路径: start=PyQt6.QtCore.QPointF(125.0, -80.0), end=PyQt6.QtCore.QPointF(474.0, -288.0), points=4
2025-03-18 14:51:28,697 - CircuitSimulator - DEBUG - 更新导线路径: start=PyQt6.QtCore.QPointF(125.0, -80.0), end=PyQt6.QtCore.QPointF(466.0, -284.0), points=4
2025-03-18 14:51:28,698 - CircuitSimulator - DEBUG - 更新导线路径: start=PyQt6.QtCore.QPointF(125.0, -80.0), end=PyQt6.QtCore.QPointF(457.0, -278.0), points=4
2025-03-18 14:51:28,704 - CircuitSimulator - DEBUG - 更新导线路径: start=PyQt6.QtCore.QPointF(125.0, -80.0), end=PyQt6.QtCore.QPointF(449.0, -271.0), points=4
2025-03-18 14:51:28,710 - CircuitSimulator - DEBUG - 更新导线路径: start=PyQt6.QtCore.QPointF(125.0, -80.0), end=PyQt6.QtCore.QPointF(439.0, -265.0), points=4
2025-03-18 14:51:28,718 - CircuitSimulator - DEBUG - 更新导线路径: start=PyQt6.QtCore.QPointF(125.0, -80.0), end=PyQt6.QtCore.QPointF(429.0, -258.0), points=4
2025-03-18 14:51:28,726 - CircuitSimulator - DEBUG - 更新导线路径: start=PyQt6.QtCore.QPointF(125.0, -80.0), end=PyQt6.QtCore.QPointF(418.0, -251.0), points=4
2025-03-18 14:51:28,731 - CircuitSimulator - DEBUG - 更新导线路径: start=PyQt6.QtCore.QPointF(125.0, -80.0), end=PyQt6.QtCore.QPointF(409.0, -242.0), points=4
2025-03-18 14:51:28,736 - CircuitSimulator - DEBUG - 更新导线路径: start=PyQt6.QtCore.QPointF(125.0, -80.0), end=PyQt6.QtCore.QPointF(399.0, -236.0), points=4
2025-03-18 14:51:28,744 - CircuitSimulator - DEBUG - 更新导线路径: start=PyQt6.QtCore.QPointF(125.0, -80.0), end=PyQt6.QtCore.QPointF(393.0, -231.0), points=4
2025-03-18 14:51:28,750 - CircuitSimulator - DEBUG - 更新导线路径: start=PyQt6.QtCore.QPointF(125.0, -80.0), end=PyQt6.QtCore.QPointF(386.0, -227.0), points=4
2025-03-18 14:51:28,757 - CircuitSimulator - DEBUG - 更新导线路径: start=PyQt6.QtCore.QPointF(125.0, -80.0), end=PyQt6.QtCore.QPointF(381.0, -223.0), points=4
2025-03-18 14:51:28,766 - CircuitSimulator - DEBUG - 更新导线路径: start=PyQt6.QtCore.QPointF(125.0, -80.0), end=PyQt6.QtCore.QPointF(378.0, -220.0), points=4
2025-03-18 14:51:28,771 - CircuitSimulator - DEBUG - 更新导线路径: start=PyQt6.QtCore.QPointF(125.0, -80.0), end=PyQt6.QtCore.QPointF(373.0, -216.0), points=4
2025-03-18 14:51:28,778 - CircuitSimulator - DEBUG - 更新导线路径: start=PyQt6.QtCore.QPointF(125.0, -80.0), end=PyQt6.QtCore.QPointF(371.0, -213.0), points=4
2025-03-18 14:51:28,785 - CircuitSimulator - DEBUG - 更新导线路径: start=PyQt6.QtCore.QPointF(125.0, -80.0), end=PyQt6.QtCore.QPointF(368.0, -211.0), points=4
2025-03-18 14:51:28,791 - CircuitSimulator - DEBUG - 更新导线路径: start=PyQt6.QtCore.QPointF(125.0, -80.0), end=PyQt6.QtCore.QPointF(366.0, -210.0), points=4
2025-03-18 14:51:28,799 - CircuitSimulator - DEBUG - 更新导线路径: start=PyQt6.QtCore.QPointF(125.0, -80.0), end=PyQt6.QtCore.QPointF(365.0, -209.0), points=4
2025-03-18 14:51:28,809 - CircuitSimulator - DEBUG - 更新导线路径: start=PyQt6.QtCore.QPointF(125.0, -80.0), end=PyQt6.QtCore.QPointF(365.0, -207.0), points=4
2025-03-18 14:51:28,815 - CircuitSimulator - DEBUG - 更新导线路径: start=PyQt6.QtCore.QPointF(125.0, -80.0), end=PyQt6.QtCore.QPointF(365.0, -207.0), points=4
2025-03-18 14:51:28,818 - CircuitSimulator - DEBUG - 更新导线路径: start=PyQt6.QtCore.QPointF(125.0, -80.0), end=PyQt6.QtCore.QPointF(363.0, -206.0), points=4
2025-03-18 14:51:28,825 - CircuitSimulator - DEBUG - 更新导线路径: start=PyQt6.QtCore.QPointF(125.0, -80.0), end=PyQt6.QtCore.QPointF(363.0, -203.0), points=4
2025-03-18 14:51:28,831 - CircuitSimulator - DEBUG - 更新导线路径: start=PyQt6.QtCore.QPointF(125.0, -80.0), end=PyQt6.QtCore.QPointF(361.0, -200.0), points=4
2025-03-18 14:51:28,839 - CircuitSimulator - DEBUG - 更新导线路径: start=PyQt6.QtCore.QPointF(125.0, -80.0), end=PyQt6.QtCore.QPointF(361.0, -194.0), points=4
2025-03-18 14:51:28,845 - CircuitSimulator - DEBUG - 更新导线路径: start=PyQt6.QtCore.QPointF(125.0, -80.0), end=PyQt6.QtCore.QPointF(359.0, -188.0), points=4
2025-03-18 14:51:28,853 - CircuitSimulator - DEBUG - 更新导线路径: start=PyQt6.QtCore.QPointF(125.0, -80.0), end=PyQt6.QtCore.QPointF(357.0, -177.0), points=4
2025-03-18 14:51:28,859 - CircuitSimulator - DEBUG - 更新导线路径: start=PyQt6.QtCore.QPointF(125.0, -80.0), end=PyQt6.QtCore.QPointF(353.0, -165.0), points=4
2025-03-18 14:51:28,865 - CircuitSimulator - DEBUG - 更新导线路径: start=PyQt6.QtCore.QPointF(125.0, -80.0), end=PyQt6.QtCore.QPointF(352.0, -155.0), points=4
2025-03-18 14:51:28,873 - CircuitSimulator - DEBUG - 更新导线路径: start=PyQt6.QtCore.QPointF(125.0, -80.0), end=PyQt6.QtCore.QPointF(349.0, -147.0), points=4
2025-03-18 14:51:28,879 - CircuitSimulator - DEBUG - 更新导线路径: start=PyQt6.QtCore.QPointF(125.0, -80.0), end=PyQt6.QtCore.QPointF(348.0, -143.0), points=4
2025-03-18 14:51:28,888 - CircuitSimulator - DEBUG - 更新导线路径: start=PyQt6.QtCore.QPointF(125.0, -80.0), end=PyQt6.QtCore.QPointF(346.0, -138.0), points=4
2025-03-18 14:51:28,894 - CircuitSimulator - DEBUG - 更新导线路径: start=PyQt6.QtCore.QPointF(125.0, -80.0), end=PyQt6.QtCore.QPointF(346.0, -133.0), points=4
2025-03-18 14:51:28,902 - CircuitSimulator - DEBUG - 更新导线路径: start=PyQt6.QtCore.QPointF(125.0, -80.0), end=PyQt6.QtCore.QPointF(343.0, -126.0), points=4
2025-03-18 14:51:28,906 - CircuitSimulator - DEBUG - 更新导线路径: start=PyQt6.QtCore.QPointF(125.0, -80.0), end=PyQt6.QtCore.QPointF(343.0, -122.0), points=4
2025-03-18 14:51:28,913 - CircuitSimulator - DEBUG - 更新导线路径: start=PyQt6.QtCore.QPointF(125.0, -80.0), end=PyQt6.QtCore.QPointF(341.0, -119.0), points=4
2025-03-18 14:51:28,920 - CircuitSimulator - DEBUG - 更新导线路径: start=PyQt6.QtCore.QPointF(125.0, -80.0), end=PyQt6.QtCore.QPointF(340.0, -115.0), points=4
2025-03-18 14:51:28,926 - CircuitSimulator - DEBUG - 更新导线路径: start=PyQt6.QtCore.QPointF(125.0, -80.0), end=PyQt6.QtCore.QPointF(338.0, -111.0), points=4
2025-03-18 14:51:28,934 - CircuitSimulator - DEBUG - 更新导线路径: start=PyQt6.QtCore.QPointF(125.0, -80.0), end=PyQt6.QtCore.QPointF(338.0, -109.0), points=4
2025-03-18 14:51:28,940 - CircuitSimulator - DEBUG - 更新导线路径: start=PyQt6.QtCore.QPointF(125.0, -80.0), end=PyQt6.QtCore.QPointF(336.0, -107.0), points=4
2025-03-18 14:51:28,949 - CircuitSimulator - DEBUG - 更新导线路径: start=PyQt6.QtCore.QPointF(125.0, -80.0), end=PyQt6.QtCore.QPointF(335.0, -105.0), points=4
2025-03-18 14:51:28,953 - CircuitSimulator - DEBUG - 更新导线路径: start=PyQt6.QtCore.QPointF(125.0, -80.0), end=PyQt6.QtCore.QPointF(333.0, -103.0), points=4
2025-03-18 14:51:28,961 - CircuitSimulator - DEBUG - 更新导线路径: start=PyQt6.QtCore.QPointF(125.0, -80.0), end=PyQt6.QtCore.QPointF(332.0, -102.0), points=4
2025-03-18 14:51:28,969 - CircuitSimulator - DEBUG - 更新导线路径: start=PyQt6.QtCore.QPointF(125.0, -80.0), end=PyQt6.QtCore.QPointF(331.0, -101.0), points=4
2025-03-18 14:51:28,974 - CircuitSimulator - DEBUG - 更新导线路径: start=PyQt6.QtCore.QPointF(125.0, -80.0), end=PyQt6.QtCore.QPointF(329.0, -99.0), points=4
2025-03-18 14:51:28,982 - CircuitSimulator - DEBUG - 更新导线路径: start=PyQt6.QtCore.QPointF(125.0, -80.0), end=PyQt6.QtCore.QPointF(327.0, -98.0), points=4
2025-03-18 14:51:28,988 - CircuitSimulator - DEBUG - 更新导线路径: start=PyQt6.QtCore.QPointF(125.0, -80.0), end=PyQt6.QtCore.QPointF(326.0, -96.0), points=4
2025-03-18 14:51:28,997 - CircuitSimulator - DEBUG - 更新导线路径: start=PyQt6.QtCore.QPointF(125.0, -80.0), end=PyQt6.QtCore.QPointF(323.0, -95.0), points=4
2025-03-18 14:51:29,004 - CircuitSimulator - DEBUG - 更新导线路径: start=PyQt6.QtCore.QPointF(125.0, -80.0), end=PyQt6.QtCore.QPointF(321.0, -94.0), points=4
2025-03-18 14:51:29,013 - CircuitSimulator - DEBUG - 更新导线路径: start=PyQt6.QtCore.QPointF(125.0, -80.0), end=PyQt6.QtCore.QPointF(319.0, -92.0), points=4
2025-03-18 14:51:29,020 - CircuitSimulator - DEBUG - 更新导线路径: start=PyQt6.QtCore.QPointF(125.0, -80.0), end=PyQt6.QtCore.QPointF(317.0, -91.0), points=4
2025-03-18 14:51:29,025 - CircuitSimulator - DEBUG - 更新导线路径: start=PyQt6.QtCore.QPointF(125.0, -80.0), end=PyQt6.QtCore.QPointF(314.0, -88.0), points=4
2025-03-18 14:51:29,040 - CircuitSimulator - DEBUG - 更新导线路径: start=PyQt6.QtCore.QPointF(125.0, -80.0), end=PyQt6.QtCore.QPointF(309.0, -85.0), points=4
2025-03-18 14:51:29,047 - CircuitSimulator - DEBUG - 更新导线路径: start=PyQt6.QtCore.QPointF(125.0, -80.0), end=PyQt6.QtCore.QPointF(305.0, -81.0), points=4
2025-03-18 14:51:29,057 - CircuitSimulator - DEBUG - 更新导线路径: start=PyQt6.QtCore.QPointF(125.0, -80.0), end=PyQt6.QtCore.QPointF(299.0, -73.0), points=4
2025-03-18 14:51:29,066 - CircuitSimulator - DEBUG - 更新导线路径: start=PyQt6.QtCore.QPointF(125.0, -80.0), end=PyQt6.QtCore.QPointF(297.0, -71.0), points=4
2025-03-18 14:51:29,084 - CircuitSimulator - DEBUG - 更新导线路径: start=PyQt6.QtCore.QPointF(125.0, -80.0), end=PyQt6.QtCore.QPointF(294.0, -69.0), points=4
2025-03-18 14:51:29,097 - CircuitSimulator - DEBUG - 更新导线路径: start=PyQt6.QtCore.QPointF(125.0, -80.0), end=PyQt6.QtCore.QPointF(292.0, -69.0), points=4
2025-03-18 14:51:29,097 - CircuitSimulator - DEBUG - 更新导线路径: start=PyQt6.QtCore.QPointF(125.0, -80.0), end=PyQt6.QtCore.QPointF(291.0, -69.0), points=4
2025-03-18 14:51:29,106 - CircuitSimulator - DEBUG - 更新导线路径: start=PyQt6.QtCore.QPointF(125.0, -80.0), end=PyQt6.QtCore.QPointF(291.0, -69.0), points=4
2025-03-18 14:51:29,109 - CircuitSimulator - DEBUG - 更新导线路径: start=PyQt6.QtCore.QPointF(125.0, -80.0), end=PyQt6.QtCore.QPointF(290.0, -70.0), points=4
2025-03-18 14:51:29,114 - CircuitSimulator - DEBUG - 更新导线路径: start=PyQt6.QtCore.QPointF(125.0, -80.0), end=PyQt6.QtCore.QPointF(289.0, -70.0), points=4
2025-03-18 14:51:29,119 - CircuitSimulator - DEBUG - 更新导线路径: start=PyQt6.QtCore.QPointF(125.0, -80.0), end=PyQt6.QtCore.QPointF(287.0, -70.0), points=4
2025-03-18 14:51:29,124 - CircuitSimulator - DEBUG - 更新导线路径: start=PyQt6.QtCore.QPointF(125.0, -80.0), end=PyQt6.QtCore.QPointF(287.0, -70.0), points=4
2025-03-18 14:51:29,130 - CircuitSimulator - DEBUG - 更新导线路径: start=PyQt6.QtCore.QPointF(125.0, -80.0), end=PyQt6.QtCore.QPointF(285.0, -70.0), points=4
2025-03-18 14:51:29,144 - CircuitSimulator - DEBUG - 更新导线路径: start=PyQt6.QtCore.QPointF(125.0, -80.0), end=PyQt6.QtCore.QPointF(284.0, -70.0), points=4
2025-03-18 14:51:29,147 - CircuitSimulator - DEBUG - 更新导线路径: start=PyQt6.QtCore.QPointF(125.0, -80.0), end=PyQt6.QtCore.QPointF(282.0, -70.0), points=4
2025-03-18 14:51:29,154 - CircuitSimulator - DEBUG - 更新导线路径: start=PyQt6.QtCore.QPointF(125.0, -80.0), end=PyQt6.QtCore.QPointF(281.0, -70.0), points=4
2025-03-18 14:51:29,160 - CircuitSimulator - DEBUG - 更新导线路径: start=PyQt6.QtCore.QPointF(125.0, -80.0), end=PyQt6.QtCore.QPointF(279.0, -70.0), points=4
2025-03-18 14:51:29,165 - CircuitSimulator - DEBUG - 更新导线路径: start=PyQt6.QtCore.QPointF(125.0, -80.0), end=PyQt6.QtCore.QPointF(277.0, -70.0), points=4
2025-03-18 14:51:29,173 - CircuitSimulator - DEBUG - 更新导线路径: start=PyQt6.QtCore.QPointF(125.0, -80.0), end=PyQt6.QtCore.QPointF(275.0, -70.0), points=4
2025-03-18 14:51:29,179 - CircuitSimulator - DEBUG - 更新导线路径: start=PyQt6.QtCore.QPointF(125.0, -80.0), end=PyQt6.QtCore.QPointF(273.0, -70.0), points=4
2025-03-18 14:51:29,192 - CircuitSimulator - DEBUG - 更新导线路径: start=PyQt6.QtCore.QPointF(125.0, -80.0), end=PyQt6.QtCore.QPointF(271.0, -70.0), points=4
2025-03-18 14:51:29,195 - CircuitSimulator - DEBUG - 更新导线路径: start=PyQt6.QtCore.QPointF(125.0, -80.0), end=PyQt6.QtCore.QPointF(271.0, -70.0), points=4
2025-03-18 14:51:29,201 - CircuitSimulator - DEBUG - 更新导线路径: start=PyQt6.QtCore.QPointF(125.0, -80.0), end=PyQt6.QtCore.QPointF(269.0, -70.0), points=4
2025-03-18 14:51:29,207 - CircuitSimulator - DEBUG - 更新导线路径: start=PyQt6.QtCore.QPointF(125.0, -80.0), end=PyQt6.QtCore.QPointF(268.0, -69.0), points=4
2025-03-18 14:51:29,219 - CircuitSimulator - DEBUG - 更新导线路径: start=PyQt6.QtCore.QPointF(125.0, -80.0), end=PyQt6.QtCore.QPointF(267.0, -69.0), points=4
2025-03-18 14:51:29,220 - CircuitSimulator - DEBUG - 更新导线路径: start=PyQt6.QtCore.QPointF(125.0, -80.0), end=PyQt6.QtCore.QPointF(267.0, -69.0), points=4
2025-03-18 14:51:29,235 - CircuitSimulator - DEBUG - 更新导线路径: start=PyQt6.QtCore.QPointF(125.0, -80.0), end=PyQt6.QtCore.QPointF(266.0, -69.0), points=4
2025-03-18 14:51:29,240 - CircuitSimulator - DEBUG - 更新导线路径: start=PyQt6.QtCore.QPointF(125.0, -80.0), end=PyQt6.QtCore.QPointF(265.0, -69.0), points=4
2025-03-18 14:51:29,247 - CircuitSimulator - DEBUG - 更新导线路径: start=PyQt6.QtCore.QPointF(125.0, -80.0), end=PyQt6.QtCore.QPointF(264.0, -69.0), points=4
2025-03-18 14:51:29,261 - CircuitSimulator - DEBUG - 更新导线路径: start=PyQt6.QtCore.QPointF(125.0, -80.0), end=PyQt6.QtCore.QPointF(263.0, -69.0), points=4
2025-03-18 14:51:29,268 - CircuitSimulator - DEBUG - 更新导线路径: start=PyQt6.QtCore.QPointF(125.0, -80.0), end=PyQt6.QtCore.QPointF(263.0, -69.0), points=4
2025-03-18 14:51:29,274 - CircuitSimulator - DEBUG - 更新导线路径: start=PyQt6.QtCore.QPointF(125.0, -80.0), end=PyQt6.QtCore.QPointF(262.0, -69.0), points=4
2025-03-18 14:51:29,295 - CircuitSimulator - DEBUG - 更新导线路径: start=PyQt6.QtCore.QPointF(125.0, -80.0), end=PyQt6.QtCore.QPointF(261.0, -69.0), points=4
2025-03-18 14:51:29,308 - CircuitSimulator - DEBUG - 更新导线路径: start=PyQt6.QtCore.QPointF(125.0, -80.0), end=PyQt6.QtCore.QPointF(260.0, -69.0), points=4
2025-03-18 14:51:29,315 - CircuitSimulator - DEBUG - 更新导线路径: start=PyQt6.QtCore.QPointF(125.0, -80.0), end=PyQt6.QtCore.QPointF(259.0, -69.0), points=4
2025-03-18 14:51:29,330 - CircuitSimulator - DEBUG - 更新导线路径: start=PyQt6.QtCore.QPointF(125.0, -80.0), end=PyQt6.QtCore.QPointF(259.0, -69.0), points=4
2025-03-18 14:51:29,337 - CircuitSimulator - DEBUG - 更新导线路径: start=PyQt6.QtCore.QPointF(125.0, -80.0), end=PyQt6.QtCore.QPointF(259.0, -68.0), points=4
2025-03-18 14:51:29,346 - CircuitSimulator - DEBUG - 更新导线路径: start=PyQt6.QtCore.QPointF(125.0, -80.0), end=PyQt6.QtCore.QPointF(258.0, -68.0), points=4
2025-03-18 14:51:29,378 - CircuitSimulator - DEBUG - 更新导线路径: start=PyQt6.QtCore.QPointF(125.0, -80.0), end=PyQt6.QtCore.QPointF(257.0, -68.0), points=4
2025-03-18 14:51:29,378 - CircuitSimulator - DEBUG - 更新导线路径: start=PyQt6.QtCore.QPointF(125.0, -80.0), end=PyQt6.QtCore.QPointF(255.0, -60.0), points=4
2025-03-18 14:51:29,382 - CircuitSimulator - DEBUG - 更新导线路径: start=PyQt6.QtCore.QPointF(125.0, -80.0), end=PyQt6.QtCore.QPointF(255.0, -60.0), points=4
2025-03-18 14:51:29,392 - CircuitSimulator - DEBUG - 更新导线路径: start=PyQt6.QtCore.QPointF(125.0, -80.0), end=PyQt6.QtCore.QPointF(255.0, -60.0), points=4
2025-03-18 14:51:29,425 - CircuitSimulator - DEBUG - 更新导线路径: start=PyQt6.QtCore.QPointF(125.0, -80.0), end=PyQt6.QtCore.QPointF(255.0, -60.0), points=4
2025-03-18 14:51:29,445 - CircuitSimulator - DEBUG - 更新导线路径: start=PyQt6.QtCore.QPointF(125.0, -80.0), end=PyQt6.QtCore.QPointF(255.0, -60.0), points=4
2025-03-18 14:51:29,458 - CircuitSimulator - DEBUG - 更新导线路径: start=PyQt6.QtCore.QPointF(125.0, -80.0), end=PyQt6.QtCore.QPointF(255.0, -60.0), points=4
2025-03-18 14:51:29,476 - CircuitSimulator - DEBUG - 更新导线路径: start=PyQt6.QtCore.QPointF(125.0, -80.0), end=PyQt6.QtCore.QPointF(255.0, -60.0), points=4
2025-03-18 14:51:29,486 - CircuitSimulator - DEBUG - 更新导线路径: start=PyQt6.QtCore.QPointF(125.0, -80.0), end=PyQt6.QtCore.QPointF(255.0, -60.0), points=4
2025-03-18 14:51:29,628 - CircuitSimulator - DEBUG - 更新导线路径: start=PyQt6.QtCore.QPointF(125.0, -80.0), end=PyQt6.QtCore.QPointF(255.0, -60.0), points=4
2025-03-18 14:51:29,754 - CircuitSimulator - DEBUG - 更新导线路径: start=PyQt6.QtCore.QPointF(125.0, -80.0), end=PyQt6.QtCore.QPointF(255.0, -60.0), points=4
2025-03-18 14:51:29,781 - CircuitSimulator - DEBUG - 更新导线路径: start=PyQt6.QtCore.QPointF(125.0, -80.0), end=PyQt6.QtCore.QPointF(255.0, -60.0), points=4
2025-03-18 14:51:29,812 - CircuitSimulator - DEBUG - 更新导线路径: start=PyQt6.QtCore.QPointF(125.0, -80.0), end=PyQt6.QtCore.QPointF(255.0, -60.0), points=4
2025-03-18 14:51:29,851 - CircuitSimulator - DEBUG - 更新导线路径: start=PyQt6.QtCore.QPointF(125.0, -80.0), end=PyQt6.QtCore.QPointF(255.0, -60.0), points=4
2025-03-18 14:51:29,869 - CircuitSimulator - DEBUG - 更新导线路径: start=PyQt6.QtCore.QPointF(125.0, -80.0), end=PyQt6.QtCore.QPointF(255.0, -60.0), points=4
2025-03-18 14:51:29,910 - CircuitSimulator - DEBUG - 更新导线路径: start=PyQt6.QtCore.QPointF(125.0, -80.0), end=PyQt6.QtCore.QPointF(255.0, -60.0), points=4
2025-03-18 14:51:29,942 - CircuitSimulator - DEBUG - 更新导线路径: start=PyQt6.QtCore.QPointF(125.0, -80.0), end=PyQt6.QtCore.QPointF(255.0, -60.0), points=4
2025-03-18 14:51:30,025 - CircuitSimulator - DEBUG - 更新导线路径: start=PyQt6.QtCore.QPointF(125.0, -80.0), end=PyQt6.QtCore.QPointF(255.0, -60.0), points=4
2025-03-18 14:51:30,026 - CircuitSimulator - DEBUG - 导线终点连接到: 开关
