2025-03-13 17:12:03,174 - CircuitSimulator - DEBUG - WorkArea 初始化完成
2025-03-13 17:12:13,529 - CircuitSimulator - DEBUG - 鼠标按下事件: pos=PyQt6.QtCore.QPointF(-112.0, -139.0)
2025-03-13 17:12:13,529 - CircuitSimulator - DEBUG - 点击项类型: <class 'components.ConnectionPoint'>
2025-03-13 17:12:13,529 - CircuitSimulator - DEBUG - 更新导线路径: start=PyQt6.QtCore.QPointF(-115.0, -140.0), end=PyQt6.QtCore.QPointF(-115.0, -140.0)
2025-03-13 17:12:13,529 - CircuitSimulator - DEBUG - 创建新导线: start_pos=PyQt6.QtCore.QPointF(-115.0, -140.0)
2025-03-13 17:12:13,531 - CircuitSimulator - DEBUG - 开始绘制导线: start_pos=PyQt6.QtCore.QPointF(-115.0, -140.0)
2025-03-13 17:12:13,640 - CircuitSimulator - DEBUG - 更新导线路径: start=PyQt6.QtCore.QPointF(-115.0, -140.0), end=PyQt6.QtCore.QPointF(-111.0, -139.0)
2025-03-13 17:12:13,640 - CircuitSimulator - DEBUG - 导线绘制跟随鼠标: pos=PyQt6.QtCore.QPointF(-111.0, -139.0)
2025-03-13 17:12:13,648 - CircuitSimulator - DEBUG - 更新导线路径: start=PyQt6.QtCore.QPointF(-115.0, -140.0), end=PyQt6.QtCore.QPointF(-111.0, -138.0)
2025-03-13 17:12:13,649 - CircuitSimulator - DEBUG - 导线绘制跟随鼠标: pos=PyQt6.QtCore.QPointF(-111.0, -138.0)
2025-03-13 17:12:13,663 - CircuitSimulator - DEBUG - 更新导线路径: start=PyQt6.QtCore.QPointF(-115.0, -140.0), end=PyQt6.QtCore.QPointF(-109.0, -138.0)
2025-03-13 17:12:13,663 - CircuitSimulator - DEBUG - 导线绘制跟随鼠标: pos=PyQt6.QtCore.QPointF(-109.0, -138.0)
2025-03-13 17:12:13,670 - CircuitSimulator - DEBUG - 更新导线路径: start=PyQt6.QtCore.QPointF(-115.0, -140.0), end=PyQt6.QtCore.QPointF(-108.0, -137.0)
2025-03-13 17:12:13,670 - CircuitSimulator - DEBUG - 导线绘制跟随鼠标: pos=PyQt6.QtCore.QPointF(-108.0, -137.0)
2025-03-13 17:12:13,680 - CircuitSimulator - DEBUG - 更新导线路径: start=PyQt6.QtCore.QPointF(-115.0, -140.0), end=PyQt6.QtCore.QPointF(-102.0, -137.0)
2025-03-13 17:12:13,680 - CircuitSimulator - DEBUG - 导线绘制跟随鼠标: pos=PyQt6.QtCore.QPointF(-102.0, -137.0)
2025-03-13 17:12:13,680 - CircuitSimulator - DEBUG - 更新导线路径: start=PyQt6.QtCore.QPointF(-115.0, -140.0), end=PyQt6.QtCore.QPointF(-98.0, -136.0)
2025-03-13 17:12:13,680 - CircuitSimulator - DEBUG - 导线绘制跟随鼠标: pos=PyQt6.QtCore.QPointF(-98.0, -136.0)
2025-03-13 17:12:13,686 - CircuitSimulator - DEBUG - 更新导线路径: start=PyQt6.QtCore.QPointF(-115.0, -140.0), end=PyQt6.QtCore.QPointF(-92.0, -135.0)
2025-03-13 17:12:13,686 - CircuitSimulator - DEBUG - 导线绘制跟随鼠标: pos=PyQt6.QtCore.QPointF(-92.0, -135.0)
2025-03-13 17:12:13,693 - CircuitSimulator - DEBUG - 更新导线路径: start=PyQt6.QtCore.QPointF(-115.0, -140.0), end=PyQt6.QtCore.QPointF(-78.0, -133.0)
2025-03-13 17:12:13,693 - CircuitSimulator - DEBUG - 导线绘制跟随鼠标: pos=PyQt6.QtCore.QPointF(-78.0, -133.0)
2025-03-13 17:12:13,701 - CircuitSimulator - DEBUG - 更新导线路径: start=PyQt6.QtCore.QPointF(-115.0, -140.0), end=PyQt6.QtCore.QPointF(-63.0, -131.0)
2025-03-13 17:12:13,701 - CircuitSimulator - DEBUG - 导线绘制跟随鼠标: pos=PyQt6.QtCore.QPointF(-63.0, -131.0)
2025-03-13 17:12:13,705 - CircuitSimulator - DEBUG - 更新导线路径: start=PyQt6.QtCore.QPointF(-115.0, -140.0), end=PyQt6.QtCore.QPointF(-57.0, -131.0)
2025-03-13 17:12:13,705 - CircuitSimulator - DEBUG - 导线绘制跟随鼠标: pos=PyQt6.QtCore.QPointF(-57.0, -131.0)
2025-03-13 17:12:13,712 - CircuitSimulator - DEBUG - 更新导线路径: start=PyQt6.QtCore.QPointF(-115.0, -140.0), end=PyQt6.QtCore.QPointF(-47.0, -129.0)
2025-03-13 17:12:13,712 - CircuitSimulator - DEBUG - 导线绘制跟随鼠标: pos=PyQt6.QtCore.QPointF(-47.0, -129.0)
2025-03-13 17:12:13,719 - CircuitSimulator - DEBUG - 更新导线路径: start=PyQt6.QtCore.QPointF(-115.0, -140.0), end=PyQt6.QtCore.QPointF(-43.0, -129.0)
2025-03-13 17:12:13,719 - CircuitSimulator - DEBUG - 导线绘制跟随鼠标: pos=PyQt6.QtCore.QPointF(-43.0, -129.0)
2025-03-13 17:12:13,726 - CircuitSimulator - DEBUG - 更新导线路径: start=PyQt6.QtCore.QPointF(-115.0, -140.0), end=PyQt6.QtCore.QPointF(-41.0, -128.0)
2025-03-13 17:12:13,726 - CircuitSimulator - DEBUG - 导线绘制跟随鼠标: pos=PyQt6.QtCore.QPointF(-41.0, -128.0)
2025-03-13 17:12:13,735 - CircuitSimulator - DEBUG - 更新导线路径: start=PyQt6.QtCore.QPointF(-115.0, -140.0), end=PyQt6.QtCore.QPointF(-38.0, -128.0)
2025-03-13 17:12:13,735 - CircuitSimulator - DEBUG - 导线绘制跟随鼠标: pos=PyQt6.QtCore.QPointF(-38.0, -128.0)
2025-03-13 17:12:13,735 - CircuitSimulator - DEBUG - 更新导线路径: start=PyQt6.QtCore.QPointF(-115.0, -140.0), end=PyQt6.QtCore.QPointF(-37.0, -128.0)
2025-03-13 17:12:13,735 - CircuitSimulator - DEBUG - 导线绘制跟随鼠标: pos=PyQt6.QtCore.QPointF(-37.0, -128.0)
2025-03-13 17:12:13,741 - CircuitSimulator - DEBUG - 更新导线路径: start=PyQt6.QtCore.QPointF(-115.0, -140.0), end=PyQt6.QtCore.QPointF(-37.0, -128.0)
2025-03-13 17:12:13,741 - CircuitSimulator - DEBUG - 导线绘制跟随鼠标: pos=PyQt6.QtCore.QPointF(-37.0, -128.0)
2025-03-13 17:12:13,903 - CircuitSimulator - DEBUG - 更新导线路径: start=PyQt6.QtCore.QPointF(-115.0, -140.0), end=PyQt6.QtCore.QPointF(-37.0, -128.0)
2025-03-13 17:12:13,904 - CircuitSimulator - DEBUG - 导线绘制跟随鼠标: pos=PyQt6.QtCore.QPointF(-37.0, -128.0)
2025-03-13 17:12:13,907 - CircuitSimulator - DEBUG - 更新导线路径: start=PyQt6.QtCore.QPointF(-115.0, -140.0), end=PyQt6.QtCore.QPointF(-38.0, -128.0)
2025-03-13 17:12:13,907 - CircuitSimulator - DEBUG - 导线绘制跟随鼠标: pos=PyQt6.QtCore.QPointF(-38.0, -128.0)
2025-03-13 17:12:13,913 - CircuitSimulator - DEBUG - 更新导线路径: start=PyQt6.QtCore.QPointF(-115.0, -140.0), end=PyQt6.QtCore.QPointF(-39.0, -129.0)
2025-03-13 17:12:13,913 - CircuitSimulator - DEBUG - 导线绘制跟随鼠标: pos=PyQt6.QtCore.QPointF(-39.0, -129.0)
2025-03-13 17:12:13,924 - CircuitSimulator - DEBUG - 更新导线路径: start=PyQt6.QtCore.QPointF(-115.0, -140.0), end=PyQt6.QtCore.QPointF(-40.0, -129.0)
2025-03-13 17:12:13,924 - CircuitSimulator - DEBUG - 导线绘制跟随鼠标: pos=PyQt6.QtCore.QPointF(-40.0, -129.0)
2025-03-13 17:12:13,933 - CircuitSimulator - DEBUG - 更新导线路径: start=PyQt6.QtCore.QPointF(-115.0, -140.0), end=PyQt6.QtCore.QPointF(-41.0, -129.0)
2025-03-13 17:12:13,933 - CircuitSimulator - DEBUG - 导线绘制跟随鼠标: pos=PyQt6.QtCore.QPointF(-41.0, -129.0)
2025-03-13 17:12:13,948 - CircuitSimulator - DEBUG - 更新导线路径: start=PyQt6.QtCore.QPointF(-115.0, -140.0), end=PyQt6.QtCore.QPointF(-41.0, -129.0)
2025-03-13 17:12:13,948 - CircuitSimulator - DEBUG - 导线绘制跟随鼠标: pos=PyQt6.QtCore.QPointF(-41.0, -129.0)
2025-03-13 17:12:13,951 - CircuitSimulator - DEBUG - 更新导线路径: start=PyQt6.QtCore.QPointF(-115.0, -140.0), end=PyQt6.QtCore.QPointF(-42.0, -129.0)
2025-03-13 17:12:13,952 - CircuitSimulator - DEBUG - 导线绘制跟随鼠标: pos=PyQt6.QtCore.QPointF(-42.0, -129.0)
2025-03-13 17:12:13,961 - CircuitSimulator - DEBUG - 更新导线路径: start=PyQt6.QtCore.QPointF(-115.0, -140.0), end=PyQt6.QtCore.QPointF(-43.0, -130.0)
2025-03-13 17:12:13,961 - CircuitSimulator - DEBUG - 导线绘制跟随鼠标: pos=PyQt6.QtCore.QPointF(-43.0, -130.0)
2025-03-13 17:12:13,970 - CircuitSimulator - DEBUG - 更新导线路径: start=PyQt6.QtCore.QPointF(-115.0, -140.0), end=PyQt6.QtCore.QPointF(-45.0, -131.0)
2025-03-13 17:12:13,970 - CircuitSimulator - DEBUG - 导线绘制跟随鼠标: pos=PyQt6.QtCore.QPointF(-45.0, -131.0)
2025-03-13 17:12:13,977 - CircuitSimulator - DEBUG - 更新导线路径: start=PyQt6.QtCore.QPointF(-115.0, -140.0), end=PyQt6.QtCore.QPointF(-46.0, -131.0)
2025-03-13 17:12:13,978 - CircuitSimulator - DEBUG - 导线绘制跟随鼠标: pos=PyQt6.QtCore.QPointF(-46.0, -131.0)
2025-03-13 17:12:13,985 - CircuitSimulator - DEBUG - 更新导线路径: start=PyQt6.QtCore.QPointF(-115.0, -140.0), end=PyQt6.QtCore.QPointF(-47.0, -131.0)
2025-03-13 17:12:13,985 - CircuitSimulator - DEBUG - 导线绘制跟随鼠标: pos=PyQt6.QtCore.QPointF(-47.0, -131.0)
2025-03-13 17:12:13,997 - CircuitSimulator - DEBUG - 更新导线路径: start=PyQt6.QtCore.QPointF(-115.0, -140.0), end=PyQt6.QtCore.QPointF(-51.0, -133.0)
2025-03-13 17:12:13,997 - CircuitSimulator - DEBUG - 导线绘制跟随鼠标: pos=PyQt6.QtCore.QPointF(-51.0, -133.0)
2025-03-13 17:12:14,004 - CircuitSimulator - DEBUG - 更新导线路径: start=PyQt6.QtCore.QPointF(-115.0, -140.0), end=PyQt6.QtCore.QPointF(-55.0, -134.0)
2025-03-13 17:12:14,004 - CircuitSimulator - DEBUG - 导线绘制跟随鼠标: pos=PyQt6.QtCore.QPointF(-55.0, -134.0)
2025-03-13 17:12:14,020 - CircuitSimulator - DEBUG - 更新导线路径: start=PyQt6.QtCore.QPointF(-115.0, -140.0), end=PyQt6.QtCore.QPointF(-57.0, -135.0)
2025-03-13 17:12:14,020 - CircuitSimulator - DEBUG - 导线绘制跟随鼠标: pos=PyQt6.QtCore.QPointF(-57.0, -135.0)
2025-03-13 17:12:14,020 - CircuitSimulator - DEBUG - 更新导线路径: start=PyQt6.QtCore.QPointF(-115.0, -140.0), end=PyQt6.QtCore.QPointF(-58.0, -135.0)
2025-03-13 17:12:14,020 - CircuitSimulator - DEBUG - 导线绘制跟随鼠标: pos=PyQt6.QtCore.QPointF(-58.0, -135.0)
2025-03-13 17:12:14,028 - CircuitSimulator - DEBUG - 更新导线路径: start=PyQt6.QtCore.QPointF(-115.0, -140.0), end=PyQt6.QtCore.QPointF(-65.0, -140.0)
2025-03-13 17:12:14,029 - CircuitSimulator - DEBUG - 导线绘制吸附到连接点: pos=PyQt6.QtCore.QPointF(-65.0, -140.0)
2025-03-13 17:12:14,037 - CircuitSimulator - DEBUG - 更新导线路径: start=PyQt6.QtCore.QPointF(-115.0, -140.0), end=PyQt6.QtCore.QPointF(-65.0, -140.0)
2025-03-13 17:12:14,038 - CircuitSimulator - DEBUG - 导线绘制吸附到连接点: pos=PyQt6.QtCore.QPointF(-65.0, -140.0)
2025-03-13 17:12:14,039 - CircuitSimulator - DEBUG - 更新导线路径: start=PyQt6.QtCore.QPointF(-115.0, -140.0), end=PyQt6.QtCore.QPointF(-65.0, -140.0)
2025-03-13 17:12:14,039 - CircuitSimulator - DEBUG - 导线绘制吸附到连接点: pos=PyQt6.QtCore.QPointF(-65.0, -140.0)
2025-03-13 17:12:14,039 - CircuitSimulator - DEBUG - 更新导线路径: start=PyQt6.QtCore.QPointF(-115.0, -140.0), end=PyQt6.QtCore.QPointF(-65.0, -140.0)
2025-03-13 17:12:14,040 - CircuitSimulator - DEBUG - 导线绘制吸附到连接点: pos=PyQt6.QtCore.QPointF(-65.0, -140.0)
2025-03-13 17:12:14,043 - CircuitSimulator - DEBUG - 更新导线路径: start=PyQt6.QtCore.QPointF(-115.0, -140.0), end=PyQt6.QtCore.QPointF(-65.0, -140.0)
2025-03-13 17:12:14,043 - CircuitSimulator - DEBUG - 导线绘制吸附到连接点: pos=PyQt6.QtCore.QPointF(-65.0, -140.0)
2025-03-13 17:12:14,047 - CircuitSimulator - DEBUG - 更新导线路径: start=PyQt6.QtCore.QPointF(-115.0, -140.0), end=PyQt6.QtCore.QPointF(-65.0, -140.0)
2025-03-13 17:12:14,047 - CircuitSimulator - DEBUG - 导线绘制吸附到连接点: pos=PyQt6.QtCore.QPointF(-65.0, -140.0)
2025-03-13 17:12:14,051 - CircuitSimulator - DEBUG - 更新导线路径: start=PyQt6.QtCore.QPointF(-115.0, -140.0), end=PyQt6.QtCore.QPointF(-65.0, -140.0)
2025-03-13 17:12:14,051 - CircuitSimulator - DEBUG - 导线绘制吸附到连接点: pos=PyQt6.QtCore.QPointF(-65.0, -140.0)
2025-03-13 17:12:14,059 - CircuitSimulator - DEBUG - 更新导线路径: start=PyQt6.QtCore.QPointF(-115.0, -140.0), end=PyQt6.QtCore.QPointF(-65.0, -140.0)
2025-03-13 17:12:14,059 - CircuitSimulator - DEBUG - 导线绘制吸附到连接点: pos=PyQt6.QtCore.QPointF(-65.0, -140.0)
2025-03-13 17:12:14,067 - CircuitSimulator - DEBUG - 更新导线路径: start=PyQt6.QtCore.QPointF(-115.0, -140.0), end=PyQt6.QtCore.QPointF(-65.0, -140.0)
2025-03-13 17:12:14,067 - CircuitSimulator - DEBUG - 导线绘制吸附到连接点: pos=PyQt6.QtCore.QPointF(-65.0, -140.0)
2025-03-13 17:12:14,075 - CircuitSimulator - DEBUG - 更新导线路径: start=PyQt6.QtCore.QPointF(-115.0, -140.0), end=PyQt6.QtCore.QPointF(-65.0, -140.0)
2025-03-13 17:12:14,075 - CircuitSimulator - DEBUG - 导线绘制吸附到连接点: pos=PyQt6.QtCore.QPointF(-65.0, -140.0)
2025-03-13 17:12:14,107 - CircuitSimulator - DEBUG - 更新导线路径: start=PyQt6.QtCore.QPointF(-115.0, -140.0), end=PyQt6.QtCore.QPointF(-65.0, -140.0)
2025-03-13 17:12:14,107 - CircuitSimulator - DEBUG - 导线绘制吸附到连接点: pos=PyQt6.QtCore.QPointF(-65.0, -140.0)
2025-03-13 17:12:14,140 - CircuitSimulator - DEBUG - 更新导线路径: start=PyQt6.QtCore.QPointF(-115.0, -140.0), end=PyQt6.QtCore.QPointF(-65.0, -140.0)
2025-03-13 17:12:14,140 - CircuitSimulator - DEBUG - 导线绘制吸附到连接点: pos=PyQt6.QtCore.QPointF(-65.0, -140.0)
2025-03-13 17:12:14,144 - CircuitSimulator - DEBUG - 更新导线路径: start=PyQt6.QtCore.QPointF(-115.0, -140.0), end=PyQt6.QtCore.QPointF(-65.0, -140.0)
2025-03-13 17:12:14,144 - CircuitSimulator - DEBUG - 导线绘制吸附到连接点: pos=PyQt6.QtCore.QPointF(-65.0, -140.0)
2025-03-13 17:12:14,147 - CircuitSimulator - DEBUG - 更新导线路径: start=PyQt6.QtCore.QPointF(-115.0, -140.0), end=PyQt6.QtCore.QPointF(-65.0, -140.0)
2025-03-13 17:12:14,147 - CircuitSimulator - DEBUG - 导线绘制吸附到连接点: pos=PyQt6.QtCore.QPointF(-65.0, -140.0)
2025-03-13 17:12:14,151 - CircuitSimulator - DEBUG - 更新导线路径: start=PyQt6.QtCore.QPointF(-115.0, -140.0), end=PyQt6.QtCore.QPointF(-65.0, -140.0)
2025-03-13 17:12:14,151 - CircuitSimulator - DEBUG - 导线绘制吸附到连接点: pos=PyQt6.QtCore.QPointF(-65.0, -140.0)
2025-03-13 17:12:14,155 - CircuitSimulator - DEBUG - 更新导线路径: start=PyQt6.QtCore.QPointF(-115.0, -140.0), end=PyQt6.QtCore.QPointF(-65.0, -140.0)
2025-03-13 17:12:14,155 - CircuitSimulator - DEBUG - 导线绘制吸附到连接点: pos=PyQt6.QtCore.QPointF(-65.0, -140.0)
2025-03-13 17:12:14,159 - CircuitSimulator - DEBUG - 更新导线路径: start=PyQt6.QtCore.QPointF(-115.0, -140.0), end=PyQt6.QtCore.QPointF(-74.0, -139.0)
2025-03-13 17:12:14,159 - CircuitSimulator - DEBUG - 导线绘制跟随鼠标: pos=PyQt6.QtCore.QPointF(-74.0, -139.0)
2025-03-13 17:12:14,169 - CircuitSimulator - DEBUG - 更新导线路径: start=PyQt6.QtCore.QPointF(-115.0, -140.0), end=PyQt6.QtCore.QPointF(-75.0, -139.0)
2025-03-13 17:12:14,169 - CircuitSimulator - DEBUG - 导线绘制跟随鼠标: pos=PyQt6.QtCore.QPointF(-75.0, -139.0)
2025-03-13 17:12:14,271 - CircuitSimulator - DEBUG - 更新导线路径: start=PyQt6.QtCore.QPointF(-115.0, -140.0), end=PyQt6.QtCore.QPointF(-76.0, -139.0)
2025-03-13 17:12:14,271 - CircuitSimulator - DEBUG - 导线绘制跟随鼠标: pos=PyQt6.QtCore.QPointF(-76.0, -139.0)
2025-03-13 17:12:14,288 - CircuitSimulator - DEBUG - 更新导线路径: start=PyQt6.QtCore.QPointF(-115.0, -140.0), end=PyQt6.QtCore.QPointF(-76.0, -140.0)
2025-03-13 17:12:14,288 - CircuitSimulator - DEBUG - 导线绘制跟随鼠标: pos=PyQt6.QtCore.QPointF(-76.0, -140.0)
2025-03-13 17:12:14,495 - CircuitSimulator - DEBUG - 更新导线路径: start=PyQt6.QtCore.QPointF(-115.0, -140.0), end=PyQt6.QtCore.QPointF(-76.0, -141.0)
2025-03-13 17:12:14,495 - CircuitSimulator - DEBUG - 导线绘制跟随鼠标: pos=PyQt6.QtCore.QPointF(-76.0, -141.0)
2025-03-13 17:12:14,507 - CircuitSimulator - DEBUG - 更新导线路径: start=PyQt6.QtCore.QPointF(-115.0, -140.0), end=PyQt6.QtCore.QPointF(-76.0, -141.0)
2025-03-13 17:12:14,507 - CircuitSimulator - DEBUG - 导线绘制跟随鼠标: pos=PyQt6.QtCore.QPointF(-76.0, -141.0)
2025-03-13 17:12:14,511 - CircuitSimulator - DEBUG - 更新导线路径: start=PyQt6.QtCore.QPointF(-115.0, -140.0), end=PyQt6.QtCore.QPointF(-75.0, -141.0)
2025-03-13 17:12:14,511 - CircuitSimulator - DEBUG - 导线绘制跟随鼠标: pos=PyQt6.QtCore.QPointF(-75.0, -141.0)
2025-03-13 17:12:14,539 - CircuitSimulator - DEBUG - 更新导线路径: start=PyQt6.QtCore.QPointF(-115.0, -140.0), end=PyQt6.QtCore.QPointF(-75.0, -141.0)
2025-03-13 17:12:14,539 - CircuitSimulator - DEBUG - 导线绘制跟随鼠标: pos=PyQt6.QtCore.QPointF(-75.0, -141.0)
2025-03-13 17:12:14,659 - CircuitSimulator - DEBUG - 更新导线路径: start=PyQt6.QtCore.QPointF(-115.0, -140.0), end=PyQt6.QtCore.QPointF(-74.0, -141.0)
2025-03-13 17:12:14,660 - CircuitSimulator - DEBUG - 导线绘制跟随鼠标: pos=PyQt6.QtCore.QPointF(-74.0, -141.0)
2025-03-13 17:12:14,813 - CircuitSimulator - DEBUG - 更新导线路径: start=PyQt6.QtCore.QPointF(-115.0, -140.0), end=PyQt6.QtCore.QPointF(-65.0, -140.0)
2025-03-13 17:12:14,813 - CircuitSimulator - DEBUG - 导线绘制吸附到连接点: pos=PyQt6.QtCore.QPointF(-65.0, -140.0)
2025-03-13 17:12:14,843 - CircuitSimulator - DEBUG - 更新导线路径: start=PyQt6.QtCore.QPointF(-115.0, -140.0), end=PyQt6.QtCore.QPointF(-65.0, -140.0)
2025-03-13 17:12:14,843 - CircuitSimulator - DEBUG - 导线绘制吸附到连接点: pos=PyQt6.QtCore.QPointF(-65.0, -140.0)
2025-03-13 17:12:14,847 - CircuitSimulator - DEBUG - 更新导线路径: start=PyQt6.QtCore.QPointF(-115.0, -140.0), end=PyQt6.QtCore.QPointF(-65.0, -140.0)
2025-03-13 17:12:14,847 - CircuitSimulator - DEBUG - 导线绘制吸附到连接点: pos=PyQt6.QtCore.QPointF(-65.0, -140.0)
2025-03-13 17:12:14,851 - CircuitSimulator - DEBUG - 更新导线路径: start=PyQt6.QtCore.QPointF(-115.0, -140.0), end=PyQt6.QtCore.QPointF(-65.0, -140.0)
2025-03-13 17:12:14,851 - CircuitSimulator - DEBUG - 导线绘制吸附到连接点: pos=PyQt6.QtCore.QPointF(-65.0, -140.0)
2025-03-13 17:12:14,855 - CircuitSimulator - DEBUG - 更新导线路径: start=PyQt6.QtCore.QPointF(-115.0, -140.0), end=PyQt6.QtCore.QPointF(-65.0, -140.0)
2025-03-13 17:12:14,855 - CircuitSimulator - DEBUG - 导线绘制吸附到连接点: pos=PyQt6.QtCore.QPointF(-65.0, -140.0)
2025-03-13 17:12:14,859 - CircuitSimulator - DEBUG - 更新导线路径: start=PyQt6.QtCore.QPointF(-115.0, -140.0), end=PyQt6.QtCore.QPointF(-65.0, -140.0)
2025-03-13 17:12:14,859 - CircuitSimulator - DEBUG - 导线绘制吸附到连接点: pos=PyQt6.QtCore.QPointF(-65.0, -140.0)
2025-03-13 17:12:14,862 - CircuitSimulator - DEBUG - 更新导线路径: start=PyQt6.QtCore.QPointF(-115.0, -140.0), end=PyQt6.QtCore.QPointF(-65.0, -140.0)
2025-03-13 17:12:14,862 - CircuitSimulator - DEBUG - 导线绘制吸附到连接点: pos=PyQt6.QtCore.QPointF(-65.0, -140.0)
2025-03-13 17:12:14,867 - CircuitSimulator - DEBUG - 更新导线路径: start=PyQt6.QtCore.QPointF(-115.0, -140.0), end=PyQt6.QtCore.QPointF(-65.0, -140.0)
2025-03-13 17:12:14,867 - CircuitSimulator - DEBUG - 导线绘制吸附到连接点: pos=PyQt6.QtCore.QPointF(-65.0, -140.0)
2025-03-13 17:12:14,875 - CircuitSimulator - DEBUG - 更新导线路径: start=PyQt6.QtCore.QPointF(-115.0, -140.0), end=PyQt6.QtCore.QPointF(-65.0, -140.0)
2025-03-13 17:12:14,875 - CircuitSimulator - DEBUG - 导线绘制吸附到连接点: pos=PyQt6.QtCore.QPointF(-65.0, -140.0)
2025-03-13 17:12:14,895 - CircuitSimulator - DEBUG - 更新导线路径: start=PyQt6.QtCore.QPointF(-115.0, -140.0), end=PyQt6.QtCore.QPointF(-65.0, -140.0)
2025-03-13 17:12:14,896 - CircuitSimulator - DEBUG - 导线绘制吸附到连接点: pos=PyQt6.QtCore.QPointF(-65.0, -140.0)
2025-03-13 17:12:14,952 - CircuitSimulator - DEBUG - 更新导线路径: start=PyQt6.QtCore.QPointF(-115.0, -140.0), end=PyQt6.QtCore.QPointF(-65.0, -140.0)
2025-03-13 17:12:14,953 - CircuitSimulator - DEBUG - 导线绘制吸附到连接点: pos=PyQt6.QtCore.QPointF(-65.0, -140.0)
2025-03-13 17:12:15,205 - CircuitSimulator - DEBUG - 释放导线: pos=PyQt6.QtCore.QPointF(-67.0, -140.0), 找到目标点=True
2025-03-13 17:12:15,205 - CircuitSimulator - DEBUG - 更新导线路径: start=PyQt6.QtCore.QPointF(-115.0, -140.0), end=PyQt6.QtCore.QPointF(-65.0, -140.0)
2025-03-13 17:12:15,205 - CircuitSimulator - DEBUG - 导线连接完成
2025-03-13 17:12:17,023 - CircuitSimulator - DEBUG - 鼠标按下事件: pos=PyQt6.QtCore.QPointF(-13.0, 61.0)
2025-03-13 17:12:17,024 - CircuitSimulator - DEBUG - 点击项类型: <class 'components.Component'>
2025-03-13 17:12:17,024 - CircuitSimulator - DEBUG - 点击组件
2025-03-13 17:12:19,130 - CircuitSimulator - DEBUG - 鼠标按下事件: pos=PyQt6.QtCore.QPointF(-291.0, -166.0)
2025-03-13 17:12:19,130 - CircuitSimulator - DEBUG - 点击项类型: <class 'components.Component'>
2025-03-13 17:12:19,130 - CircuitSimulator - DEBUG - 点击组件
2025-03-13 17:12:20,730 - CircuitSimulator - DEBUG - 鼠标按下事件: pos=PyQt6.QtCore.QPointF(164.0, -161.0)
2025-03-13 17:12:20,731 - CircuitSimulator - DEBUG - 点击项类型: <class 'components.Component'>
2025-03-13 17:12:20,731 - CircuitSimulator - DEBUG - 点击组件
2025-03-13 17:12:22,325 - CircuitSimulator - DEBUG - 鼠标按下事件: pos=PyQt6.QtCore.QPointF(-14.0, -140.0)
2025-03-13 17:12:22,325 - CircuitSimulator - DEBUG - 点击项类型: <class 'components.ConnectionPoint'>
2025-03-13 17:12:22,325 - CircuitSimulator - DEBUG - 更新导线路径: start=PyQt6.QtCore.QPointF(-15.0, -140.0), end=PyQt6.QtCore.QPointF(-15.0, -140.0)
2025-03-13 17:12:22,325 - CircuitSimulator - DEBUG - 创建新导线: start_pos=PyQt6.QtCore.QPointF(-15.0, -140.0)
2025-03-13 17:12:22,325 - CircuitSimulator - DEBUG - 开始绘制导线: start_pos=PyQt6.QtCore.QPointF(-15.0, -140.0)
2025-03-13 17:12:22,431 - CircuitSimulator - DEBUG - 更新导线路径: start=PyQt6.QtCore.QPointF(-15.0, -140.0), end=PyQt6.QtCore.QPointF(-14.0, -140.0)
2025-03-13 17:12:22,431 - CircuitSimulator - DEBUG - 导线绘制跟随鼠标: pos=PyQt6.QtCore.QPointF(-14.0, -140.0)
2025-03-13 17:12:22,437 - CircuitSimulator - DEBUG - 更新导线路径: start=PyQt6.QtCore.QPointF(-15.0, -140.0), end=PyQt6.QtCore.QPointF(-13.0, -140.0)
2025-03-13 17:12:22,437 - CircuitSimulator - DEBUG - 导线绘制跟随鼠标: pos=PyQt6.QtCore.QPointF(-13.0, -140.0)
2025-03-13 17:12:22,447 - CircuitSimulator - DEBUG - 更新导线路径: start=PyQt6.QtCore.QPointF(-15.0, -140.0), end=PyQt6.QtCore.QPointF(-12.0, -140.0)
2025-03-13 17:12:22,447 - CircuitSimulator - DEBUG - 导线绘制跟随鼠标: pos=PyQt6.QtCore.QPointF(-12.0, -140.0)
2025-03-13 17:12:22,447 - CircuitSimulator - DEBUG - 更新导线路径: start=PyQt6.QtCore.QPointF(-15.0, -140.0), end=PyQt6.QtCore.QPointF(-10.0, -140.0)
2025-03-13 17:12:22,448 - CircuitSimulator - DEBUG - 导线绘制跟随鼠标: pos=PyQt6.QtCore.QPointF(-10.0, -140.0)
2025-03-13 17:12:22,454 - CircuitSimulator - DEBUG - 更新导线路径: start=PyQt6.QtCore.QPointF(-15.0, -140.0), end=PyQt6.QtCore.QPointF(-3.0, -140.0)
2025-03-13 17:12:22,454 - CircuitSimulator - DEBUG - 导线绘制跟随鼠标: pos=PyQt6.QtCore.QPointF(-3.0, -140.0)
2025-03-13 17:12:22,462 - CircuitSimulator - DEBUG - 更新导线路径: start=PyQt6.QtCore.QPointF(-15.0, -140.0), end=PyQt6.QtCore.QPointF(1.0, -140.0)
2025-03-13 17:12:22,463 - CircuitSimulator - DEBUG - 导线绘制跟随鼠标: pos=PyQt6.QtCore.QPointF(1.0, -140.0)
2025-03-13 17:12:22,463 - CircuitSimulator - DEBUG - 更新导线路径: start=PyQt6.QtCore.QPointF(-15.0, -140.0), end=PyQt6.QtCore.QPointF(5.0, -138.0)
2025-03-13 17:12:22,463 - CircuitSimulator - DEBUG - 导线绘制跟随鼠标: pos=PyQt6.QtCore.QPointF(5.0, -138.0)
2025-03-13 17:12:22,471 - CircuitSimulator - DEBUG - 更新导线路径: start=PyQt6.QtCore.QPointF(-15.0, -140.0), end=PyQt6.QtCore.QPointF(17.0, -138.0)
2025-03-13 17:12:22,471 - CircuitSimulator - DEBUG - 导线绘制跟随鼠标: pos=PyQt6.QtCore.QPointF(17.0, -138.0)
2025-03-13 17:12:22,480 - CircuitSimulator - DEBUG - 更新导线路径: start=PyQt6.QtCore.QPointF(-15.0, -140.0), end=PyQt6.QtCore.QPointF(24.0, -137.0)
2025-03-13 17:12:22,480 - CircuitSimulator - DEBUG - 导线绘制跟随鼠标: pos=PyQt6.QtCore.QPointF(24.0, -137.0)
2025-03-13 17:12:22,480 - CircuitSimulator - DEBUG - 更新导线路径: start=PyQt6.QtCore.QPointF(-15.0, -140.0), end=PyQt6.QtCore.QPointF(30.0, -136.0)
2025-03-13 17:12:22,480 - CircuitSimulator - DEBUG - 导线绘制跟随鼠标: pos=PyQt6.QtCore.QPointF(30.0, -136.0)
2025-03-13 17:12:22,485 - CircuitSimulator - DEBUG - 更新导线路径: start=PyQt6.QtCore.QPointF(-15.0, -140.0), end=PyQt6.QtCore.QPointF(46.0, -134.0)
2025-03-13 17:12:22,485 - CircuitSimulator - DEBUG - 导线绘制跟随鼠标: pos=PyQt6.QtCore.QPointF(46.0, -134.0)
2025-03-13 17:12:22,495 - CircuitSimulator - DEBUG - 更新导线路径: start=PyQt6.QtCore.QPointF(-15.0, -140.0), end=PyQt6.QtCore.QPointF(57.0, -133.0)
2025-03-13 17:12:22,495 - CircuitSimulator - DEBUG - 导线绘制跟随鼠标: pos=PyQt6.QtCore.QPointF(57.0, -133.0)
2025-03-13 17:12:22,495 - CircuitSimulator - DEBUG - 更新导线路径: start=PyQt6.QtCore.QPointF(-15.0, -140.0), end=PyQt6.QtCore.QPointF(67.0, -132.0)
2025-03-13 17:12:22,495 - CircuitSimulator - DEBUG - 导线绘制跟随鼠标: pos=PyQt6.QtCore.QPointF(67.0, -132.0)
2025-03-13 17:12:22,501 - CircuitSimulator - DEBUG - 更新导线路径: start=PyQt6.QtCore.QPointF(-15.0, -140.0), end=PyQt6.QtCore.QPointF(79.0, -131.0)
2025-03-13 17:12:22,501 - CircuitSimulator - DEBUG - 导线绘制跟随鼠标: pos=PyQt6.QtCore.QPointF(79.0, -131.0)
2025-03-13 17:12:22,506 - CircuitSimulator - DEBUG - 更新导线路径: start=PyQt6.QtCore.QPointF(-15.0, -140.0), end=PyQt6.QtCore.QPointF(90.0, -130.0)
2025-03-13 17:12:22,506 - CircuitSimulator - DEBUG - 导线绘制跟随鼠标: pos=PyQt6.QtCore.QPointF(90.0, -130.0)
2025-03-13 17:12:22,514 - CircuitSimulator - DEBUG - 更新导线路径: start=PyQt6.QtCore.QPointF(-15.0, -140.0), end=PyQt6.QtCore.QPointF(101.0, -129.0)
2025-03-13 17:12:22,514 - CircuitSimulator - DEBUG - 导线绘制跟随鼠标: pos=PyQt6.QtCore.QPointF(101.0, -129.0)
2025-03-13 17:12:22,519 - CircuitSimulator - DEBUG - 更新导线路径: start=PyQt6.QtCore.QPointF(-15.0, -140.0), end=PyQt6.QtCore.QPointF(118.0, -128.0)
2025-03-13 17:12:22,520 - CircuitSimulator - DEBUG - 导线绘制跟随鼠标: pos=PyQt6.QtCore.QPointF(118.0, -128.0)
2025-03-13 17:12:22,527 - CircuitSimulator - DEBUG - 更新导线路径: start=PyQt6.QtCore.QPointF(-15.0, -140.0), end=PyQt6.QtCore.QPointF(128.0, -130.0)
2025-03-13 17:12:22,527 - CircuitSimulator - DEBUG - 导线绘制吸附到连接点: pos=PyQt6.QtCore.QPointF(128.0, -130.0)
2025-03-13 17:12:22,534 - CircuitSimulator - DEBUG - 更新导线路径: start=PyQt6.QtCore.QPointF(-15.0, -140.0), end=PyQt6.QtCore.QPointF(128.0, -130.0)
2025-03-13 17:12:22,534 - CircuitSimulator - DEBUG - 导线绘制吸附到连接点: pos=PyQt6.QtCore.QPointF(128.0, -130.0)
2025-03-13 17:12:22,534 - CircuitSimulator - DEBUG - 更新导线路径: start=PyQt6.QtCore.QPointF(-15.0, -140.0), end=PyQt6.QtCore.QPointF(128.0, -130.0)
2025-03-13 17:12:22,534 - CircuitSimulator - DEBUG - 导线绘制吸附到连接点: pos=PyQt6.QtCore.QPointF(128.0, -130.0)
2025-03-13 17:12:22,544 - CircuitSimulator - DEBUG - 更新导线路径: start=PyQt6.QtCore.QPointF(-15.0, -140.0), end=PyQt6.QtCore.QPointF(128.0, -130.0)
2025-03-13 17:12:22,544 - CircuitSimulator - DEBUG - 导线绘制吸附到连接点: pos=PyQt6.QtCore.QPointF(128.0, -130.0)
2025-03-13 17:12:22,667 - CircuitSimulator - DEBUG - 更新导线路径: start=PyQt6.QtCore.QPointF(-15.0, -140.0), end=PyQt6.QtCore.QPointF(135.0, -127.0)
2025-03-13 17:12:22,667 - CircuitSimulator - DEBUG - 导线绘制跟随鼠标: pos=PyQt6.QtCore.QPointF(135.0, -127.0)
2025-03-13 17:12:22,677 - CircuitSimulator - DEBUG - 更新导线路径: start=PyQt6.QtCore.QPointF(-15.0, -140.0), end=PyQt6.QtCore.QPointF(135.0, -126.0)
2025-03-13 17:12:22,679 - CircuitSimulator - DEBUG - 导线绘制跟随鼠标: pos=PyQt6.QtCore.QPointF(135.0, -126.0)
2025-03-13 17:12:22,685 - CircuitSimulator - DEBUG - 更新导线路径: start=PyQt6.QtCore.QPointF(-15.0, -140.0), end=PyQt6.QtCore.QPointF(134.0, -126.0)
2025-03-13 17:12:22,685 - CircuitSimulator - DEBUG - 导线绘制跟随鼠标: pos=PyQt6.QtCore.QPointF(134.0, -126.0)
2025-03-13 17:12:22,690 - CircuitSimulator - DEBUG - 更新导线路径: start=PyQt6.QtCore.QPointF(-15.0, -140.0), end=PyQt6.QtCore.QPointF(134.0, -126.0)
2025-03-13 17:12:22,690 - CircuitSimulator - DEBUG - 导线绘制跟随鼠标: pos=PyQt6.QtCore.QPointF(134.0, -126.0)
2025-03-13 17:12:22,721 - CircuitSimulator - DEBUG - 更新导线路径: start=PyQt6.QtCore.QPointF(-15.0, -140.0), end=PyQt6.QtCore.QPointF(128.0, -130.0)
2025-03-13 17:12:22,721 - CircuitSimulator - DEBUG - 导线绘制吸附到连接点: pos=PyQt6.QtCore.QPointF(128.0, -130.0)
2025-03-13 17:12:22,741 - CircuitSimulator - DEBUG - 更新导线路径: start=PyQt6.QtCore.QPointF(-15.0, -140.0), end=PyQt6.QtCore.QPointF(128.0, -130.0)
2025-03-13 17:12:22,741 - CircuitSimulator - DEBUG - 导线绘制吸附到连接点: pos=PyQt6.QtCore.QPointF(128.0, -130.0)
2025-03-13 17:12:22,750 - CircuitSimulator - DEBUG - 更新导线路径: start=PyQt6.QtCore.QPointF(-15.0, -140.0), end=PyQt6.QtCore.QPointF(128.0, -130.0)
2025-03-13 17:12:22,750 - CircuitSimulator - DEBUG - 导线绘制吸附到连接点: pos=PyQt6.QtCore.QPointF(128.0, -130.0)
2025-03-13 17:12:22,872 - CircuitSimulator - DEBUG - 更新导线路径: start=PyQt6.QtCore.QPointF(-15.0, -140.0), end=PyQt6.QtCore.QPointF(128.0, -130.0)
2025-03-13 17:12:22,873 - CircuitSimulator - DEBUG - 导线绘制吸附到连接点: pos=PyQt6.QtCore.QPointF(128.0, -130.0)
2025-03-13 17:12:22,973 - CircuitSimulator - DEBUG - 更新导线路径: start=PyQt6.QtCore.QPointF(-15.0, -140.0), end=PyQt6.QtCore.QPointF(128.0, -130.0)
2025-03-13 17:12:22,973 - CircuitSimulator - DEBUG - 导线绘制吸附到连接点: pos=PyQt6.QtCore.QPointF(128.0, -130.0)
2025-03-13 17:12:23,065 - CircuitSimulator - DEBUG - 释放导线: pos=PyQt6.QtCore.QPointF(131.0, -126.0), 找到目标点=True
2025-03-13 17:12:23,065 - CircuitSimulator - DEBUG - 更新导线路径: start=PyQt6.QtCore.QPointF(-15.0, -140.0), end=PyQt6.QtCore.QPointF(128.0, -130.0)
2025-03-13 17:12:23,065 - CircuitSimulator - DEBUG - 导线连接完成
2025-03-13 17:12:31,992 - CircuitSimulator - DEBUG - 鼠标按下事件: pos=PyQt6.QtCore.QPointF(179.0, -133.0)
2025-03-13 17:12:31,992 - CircuitSimulator - DEBUG - 点击项类型: <class 'components.ConnectionPoint'>
2025-03-13 17:12:31,992 - CircuitSimulator - DEBUG - 更新导线路径: start=PyQt6.QtCore.QPointF(178.0, -130.0), end=PyQt6.QtCore.QPointF(178.0, -130.0)
2025-03-13 17:12:31,992 - CircuitSimulator - DEBUG - 创建新导线: start_pos=PyQt6.QtCore.QPointF(178.0, -130.0)
2025-03-13 17:12:31,992 - CircuitSimulator - DEBUG - 开始绘制导线: start_pos=PyQt6.QtCore.QPointF(178.0, -130.0)
2025-03-13 17:12:32,180 - CircuitSimulator - DEBUG - 更新导线路径: start=PyQt6.QtCore.QPointF(178.0, -130.0), end=PyQt6.QtCore.QPointF(180.0, -134.0)
2025-03-13 17:12:32,180 - CircuitSimulator - DEBUG - 导线绘制跟随鼠标: pos=PyQt6.QtCore.QPointF(180.0, -134.0)
2025-03-13 17:12:32,190 - CircuitSimulator - DEBUG - 更新导线路径: start=PyQt6.QtCore.QPointF(178.0, -130.0), end=PyQt6.QtCore.QPointF(181.0, -136.0)
2025-03-13 17:12:32,190 - CircuitSimulator - DEBUG - 导线绘制跟随鼠标: pos=PyQt6.QtCore.QPointF(181.0, -136.0)
2025-03-13 17:12:32,197 - CircuitSimulator - DEBUG - 更新导线路径: start=PyQt6.QtCore.QPointF(178.0, -130.0), end=PyQt6.QtCore.QPointF(184.0, -137.0)
2025-03-13 17:12:32,197 - CircuitSimulator - DEBUG - 导线绘制跟随鼠标: pos=PyQt6.QtCore.QPointF(184.0, -137.0)
2025-03-13 17:12:32,210 - CircuitSimulator - DEBUG - 更新导线路径: start=PyQt6.QtCore.QPointF(178.0, -130.0), end=PyQt6.QtCore.QPointF(189.0, -140.0)
2025-03-13 17:12:32,210 - CircuitSimulator - DEBUG - 导线绘制跟随鼠标: pos=PyQt6.QtCore.QPointF(189.0, -140.0)
2025-03-13 17:12:32,219 - CircuitSimulator - DEBUG - 更新导线路径: start=PyQt6.QtCore.QPointF(178.0, -130.0), end=PyQt6.QtCore.QPointF(193.0, -143.0)
2025-03-13 17:12:32,219 - CircuitSimulator - DEBUG - 导线绘制跟随鼠标: pos=PyQt6.QtCore.QPointF(193.0, -143.0)
2025-03-13 17:12:32,232 - CircuitSimulator - DEBUG - 更新导线路径: start=PyQt6.QtCore.QPointF(178.0, -130.0), end=PyQt6.QtCore.QPointF(196.0, -144.0)
2025-03-13 17:12:32,232 - CircuitSimulator - DEBUG - 导线绘制跟随鼠标: pos=PyQt6.QtCore.QPointF(196.0, -144.0)
2025-03-13 17:12:32,242 - CircuitSimulator - DEBUG - 更新导线路径: start=PyQt6.QtCore.QPointF(178.0, -130.0), end=PyQt6.QtCore.QPointF(203.0, -148.0)
2025-03-13 17:12:32,242 - CircuitSimulator - DEBUG - 导线绘制跟随鼠标: pos=PyQt6.QtCore.QPointF(203.0, -148.0)
2025-03-13 17:12:32,256 - CircuitSimulator - DEBUG - 更新导线路径: start=PyQt6.QtCore.QPointF(178.0, -130.0), end=PyQt6.QtCore.QPointF(207.0, -150.0)
2025-03-13 17:12:32,256 - CircuitSimulator - DEBUG - 导线绘制跟随鼠标: pos=PyQt6.QtCore.QPointF(207.0, -150.0)
2025-03-13 17:12:32,256 - CircuitSimulator - DEBUG - 更新导线路径: start=PyQt6.QtCore.QPointF(178.0, -130.0), end=PyQt6.QtCore.QPointF(209.0, -152.0)
2025-03-13 17:12:32,256 - CircuitSimulator - DEBUG - 导线绘制跟随鼠标: pos=PyQt6.QtCore.QPointF(209.0, -152.0)
2025-03-13 17:12:32,266 - CircuitSimulator - DEBUG - 更新导线路径: start=PyQt6.QtCore.QPointF(178.0, -130.0), end=PyQt6.QtCore.QPointF(212.0, -154.0)
2025-03-13 17:12:32,266 - CircuitSimulator - DEBUG - 导线绘制跟随鼠标: pos=PyQt6.QtCore.QPointF(212.0, -154.0)
2025-03-13 17:12:32,274 - CircuitSimulator - DEBUG - 更新导线路径: start=PyQt6.QtCore.QPointF(178.0, -130.0), end=PyQt6.QtCore.QPointF(214.0, -156.0)
2025-03-13 17:12:32,274 - CircuitSimulator - DEBUG - 导线绘制跟随鼠标: pos=PyQt6.QtCore.QPointF(214.0, -156.0)
2025-03-13 17:12:32,285 - CircuitSimulator - DEBUG - 更新导线路径: start=PyQt6.QtCore.QPointF(178.0, -130.0), end=PyQt6.QtCore.QPointF(215.0, -156.0)
2025-03-13 17:12:32,285 - CircuitSimulator - DEBUG - 导线绘制跟随鼠标: pos=PyQt6.QtCore.QPointF(215.0, -156.0)
2025-03-13 17:12:32,285 - CircuitSimulator - DEBUG - 更新导线路径: start=PyQt6.QtCore.QPointF(178.0, -130.0), end=PyQt6.QtCore.QPointF(215.0, -156.0)
2025-03-13 17:12:32,285 - CircuitSimulator - DEBUG - 导线绘制跟随鼠标: pos=PyQt6.QtCore.QPointF(215.0, -156.0)
2025-03-13 17:12:32,293 - CircuitSimulator - DEBUG - 更新导线路径: start=PyQt6.QtCore.QPointF(178.0, -130.0), end=PyQt6.QtCore.QPointF(217.0, -158.0)
2025-03-13 17:12:32,294 - CircuitSimulator - DEBUG - 导线绘制跟随鼠标: pos=PyQt6.QtCore.QPointF(217.0, -158.0)
2025-03-13 17:12:32,302 - CircuitSimulator - DEBUG - 更新导线路径: start=PyQt6.QtCore.QPointF(178.0, -130.0), end=PyQt6.QtCore.QPointF(218.0, -159.0)
2025-03-13 17:12:32,302 - CircuitSimulator - DEBUG - 导线绘制跟随鼠标: pos=PyQt6.QtCore.QPointF(218.0, -159.0)
2025-03-13 17:12:32,310 - CircuitSimulator - DEBUG - 更新导线路径: start=PyQt6.QtCore.QPointF(178.0, -130.0), end=PyQt6.QtCore.QPointF(220.0, -160.0)
2025-03-13 17:12:32,310 - CircuitSimulator - DEBUG - 导线绘制跟随鼠标: pos=PyQt6.QtCore.QPointF(220.0, -160.0)
2025-03-13 17:12:32,316 - CircuitSimulator - DEBUG - 更新导线路径: start=PyQt6.QtCore.QPointF(178.0, -130.0), end=PyQt6.QtCore.QPointF(221.0, -162.0)
2025-03-13 17:12:32,316 - CircuitSimulator - DEBUG - 导线绘制跟随鼠标: pos=PyQt6.QtCore.QPointF(221.0, -162.0)
2025-03-13 17:12:32,322 - CircuitSimulator - DEBUG - 更新导线路径: start=PyQt6.QtCore.QPointF(178.0, -130.0), end=PyQt6.QtCore.QPointF(223.0, -163.0)
2025-03-13 17:12:32,322 - CircuitSimulator - DEBUG - 导线绘制跟随鼠标: pos=PyQt6.QtCore.QPointF(223.0, -163.0)
2025-03-13 17:12:32,330 - CircuitSimulator - DEBUG - 更新导线路径: start=PyQt6.QtCore.QPointF(178.0, -130.0), end=PyQt6.QtCore.QPointF(223.0, -164.0)
2025-03-13 17:12:32,330 - CircuitSimulator - DEBUG - 导线绘制跟随鼠标: pos=PyQt6.QtCore.QPointF(223.0, -164.0)
2025-03-13 17:12:32,330 - CircuitSimulator - DEBUG - 更新导线路径: start=PyQt6.QtCore.QPointF(178.0, -130.0), end=PyQt6.QtCore.QPointF(224.0, -164.0)
2025-03-13 17:12:32,330 - CircuitSimulator - DEBUG - 导线绘制跟随鼠标: pos=PyQt6.QtCore.QPointF(224.0, -164.0)
2025-03-13 17:12:32,336 - CircuitSimulator - DEBUG - 更新导线路径: start=PyQt6.QtCore.QPointF(178.0, -130.0), end=PyQt6.QtCore.QPointF(225.0, -165.0)
2025-03-13 17:12:32,336 - CircuitSimulator - DEBUG - 导线绘制跟随鼠标: pos=PyQt6.QtCore.QPointF(225.0, -165.0)
2025-03-13 17:12:32,346 - CircuitSimulator - DEBUG - 更新导线路径: start=PyQt6.QtCore.QPointF(178.0, -130.0), end=PyQt6.QtCore.QPointF(226.0, -166.0)
2025-03-13 17:12:32,346 - CircuitSimulator - DEBUG - 导线绘制跟随鼠标: pos=PyQt6.QtCore.QPointF(226.0, -166.0)
2025-03-13 17:12:32,352 - CircuitSimulator - DEBUG - 更新导线路径: start=PyQt6.QtCore.QPointF(178.0, -130.0), end=PyQt6.QtCore.QPointF(228.0, -166.0)
2025-03-13 17:12:32,352 - CircuitSimulator - DEBUG - 导线绘制跟随鼠标: pos=PyQt6.QtCore.QPointF(228.0, -166.0)
2025-03-13 17:12:32,360 - CircuitSimulator - DEBUG - 更新导线路径: start=PyQt6.QtCore.QPointF(178.0, -130.0), end=PyQt6.QtCore.QPointF(229.0, -167.0)
2025-03-13 17:12:32,360 - CircuitSimulator - DEBUG - 导线绘制跟随鼠标: pos=PyQt6.QtCore.QPointF(229.0, -167.0)
2025-03-13 17:12:32,391 - CircuitSimulator - DEBUG - 更新导线路径: start=PyQt6.QtCore.QPointF(178.0, -130.0), end=PyQt6.QtCore.QPointF(229.0, -167.0)
2025-03-13 17:12:32,391 - CircuitSimulator - DEBUG - 导线绘制跟随鼠标: pos=PyQt6.QtCore.QPointF(229.0, -167.0)
2025-03-13 17:12:32,395 - CircuitSimulator - DEBUG - 更新导线路径: start=PyQt6.QtCore.QPointF(178.0, -130.0), end=PyQt6.QtCore.QPointF(230.0, -167.0)
2025-03-13 17:12:32,395 - CircuitSimulator - DEBUG - 导线绘制跟随鼠标: pos=PyQt6.QtCore.QPointF(230.0, -167.0)
2025-03-13 17:12:32,403 - CircuitSimulator - DEBUG - 更新导线路径: start=PyQt6.QtCore.QPointF(178.0, -130.0), end=PyQt6.QtCore.QPointF(231.0, -167.0)
2025-03-13 17:12:32,403 - CircuitSimulator - DEBUG - 导线绘制跟随鼠标: pos=PyQt6.QtCore.QPointF(231.0, -167.0)
2025-03-13 17:12:32,408 - CircuitSimulator - DEBUG - 更新导线路径: start=PyQt6.QtCore.QPointF(178.0, -130.0), end=PyQt6.QtCore.QPointF(233.0, -167.0)
2025-03-13 17:12:32,408 - CircuitSimulator - DEBUG - 导线绘制跟随鼠标: pos=PyQt6.QtCore.QPointF(233.0, -167.0)
2025-03-13 17:12:32,416 - CircuitSimulator - DEBUG - 更新导线路径: start=PyQt6.QtCore.QPointF(178.0, -130.0), end=PyQt6.QtCore.QPointF(235.0, -167.0)
2025-03-13 17:12:32,416 - CircuitSimulator - DEBUG - 导线绘制跟随鼠标: pos=PyQt6.QtCore.QPointF(235.0, -167.0)
2025-03-13 17:12:32,429 - CircuitSimulator - DEBUG - 更新导线路径: start=PyQt6.QtCore.QPointF(178.0, -130.0), end=PyQt6.QtCore.QPointF(237.0, -167.0)
2025-03-13 17:12:32,429 - CircuitSimulator - DEBUG - 导线绘制跟随鼠标: pos=PyQt6.QtCore.QPointF(237.0, -167.0)
2025-03-13 17:12:32,439 - CircuitSimulator - DEBUG - 更新导线路径: start=PyQt6.QtCore.QPointF(178.0, -130.0), end=PyQt6.QtCore.QPointF(243.0, -167.0)
2025-03-13 17:12:32,439 - CircuitSimulator - DEBUG - 导线绘制跟随鼠标: pos=PyQt6.QtCore.QPointF(243.0, -167.0)
2025-03-13 17:12:32,450 - CircuitSimulator - DEBUG - 更新导线路径: start=PyQt6.QtCore.QPointF(178.0, -130.0), end=PyQt6.QtCore.QPointF(248.0, -167.0)
2025-03-13 17:12:32,450 - CircuitSimulator - DEBUG - 导线绘制跟随鼠标: pos=PyQt6.QtCore.QPointF(248.0, -167.0)
2025-03-13 17:12:32,457 - CircuitSimulator - DEBUG - 更新导线路径: start=PyQt6.QtCore.QPointF(178.0, -130.0), end=PyQt6.QtCore.QPointF(251.0, -167.0)
2025-03-13 17:12:32,458 - CircuitSimulator - DEBUG - 导线绘制跟随鼠标: pos=PyQt6.QtCore.QPointF(251.0, -167.0)
2025-03-13 17:12:32,471 - CircuitSimulator - DEBUG - 更新导线路径: start=PyQt6.QtCore.QPointF(178.0, -130.0), end=PyQt6.QtCore.QPointF(251.0, -167.0)
2025-03-13 17:12:32,471 - CircuitSimulator - DEBUG - 导线绘制跟随鼠标: pos=PyQt6.QtCore.QPointF(251.0, -167.0)
2025-03-13 17:12:32,471 - CircuitSimulator - DEBUG - 更新导线路径: start=PyQt6.QtCore.QPointF(178.0, -130.0), end=PyQt6.QtCore.QPointF(252.0, -167.0)
2025-03-13 17:12:32,471 - CircuitSimulator - DEBUG - 导线绘制跟随鼠标: pos=PyQt6.QtCore.QPointF(252.0, -167.0)
2025-03-13 17:12:32,531 - CircuitSimulator - DEBUG - 更新导线路径: start=PyQt6.QtCore.QPointF(178.0, -130.0), end=PyQt6.QtCore.QPointF(253.0, -167.0)
2025-03-13 17:12:32,531 - CircuitSimulator - DEBUG - 导线绘制跟随鼠标: pos=PyQt6.QtCore.QPointF(253.0, -167.0)
2025-03-13 17:12:32,543 - CircuitSimulator - DEBUG - 更新导线路径: start=PyQt6.QtCore.QPointF(178.0, -130.0), end=PyQt6.QtCore.QPointF(254.0, -167.0)
2025-03-13 17:12:32,543 - CircuitSimulator - DEBUG - 导线绘制跟随鼠标: pos=PyQt6.QtCore.QPointF(254.0, -167.0)
2025-03-13 17:12:32,549 - CircuitSimulator - DEBUG - 更新导线路径: start=PyQt6.QtCore.QPointF(178.0, -130.0), end=PyQt6.QtCore.QPointF(255.0, -167.0)
2025-03-13 17:12:32,549 - CircuitSimulator - DEBUG - 导线绘制跟随鼠标: pos=PyQt6.QtCore.QPointF(255.0, -167.0)
2025-03-13 17:12:32,556 - CircuitSimulator - DEBUG - 更新导线路径: start=PyQt6.QtCore.QPointF(178.0, -130.0), end=PyQt6.QtCore.QPointF(257.0, -167.0)
2025-03-13 17:12:32,556 - CircuitSimulator - DEBUG - 导线绘制跟随鼠标: pos=PyQt6.QtCore.QPointF(257.0, -167.0)
2025-03-13 17:12:32,563 - CircuitSimulator - DEBUG - 更新导线路径: start=PyQt6.QtCore.QPointF(178.0, -130.0), end=PyQt6.QtCore.QPointF(258.0, -166.0)
2025-03-13 17:12:32,563 - CircuitSimulator - DEBUG - 导线绘制跟随鼠标: pos=PyQt6.QtCore.QPointF(258.0, -166.0)
2025-03-13 17:12:32,570 - CircuitSimulator - DEBUG - 更新导线路径: start=PyQt6.QtCore.QPointF(178.0, -130.0), end=PyQt6.QtCore.QPointF(259.0, -166.0)
2025-03-13 17:12:32,570 - CircuitSimulator - DEBUG - 导线绘制跟随鼠标: pos=PyQt6.QtCore.QPointF(259.0, -166.0)
2025-03-13 17:12:32,580 - CircuitSimulator - DEBUG - 更新导线路径: start=PyQt6.QtCore.QPointF(178.0, -130.0), end=PyQt6.QtCore.QPointF(259.0, -166.0)
2025-03-13 17:12:32,580 - CircuitSimulator - DEBUG - 导线绘制跟随鼠标: pos=PyQt6.QtCore.QPointF(259.0, -166.0)
2025-03-13 17:12:32,607 - CircuitSimulator - DEBUG - 更新导线路径: start=PyQt6.QtCore.QPointF(178.0, -130.0), end=PyQt6.QtCore.QPointF(260.0, -166.0)
2025-03-13 17:12:32,607 - CircuitSimulator - DEBUG - 导线绘制跟随鼠标: pos=PyQt6.QtCore.QPointF(260.0, -166.0)
2025-03-13 17:12:32,613 - CircuitSimulator - DEBUG - 更新导线路径: start=PyQt6.QtCore.QPointF(178.0, -130.0), end=PyQt6.QtCore.QPointF(261.0, -165.0)
2025-03-13 17:12:32,613 - CircuitSimulator - DEBUG - 导线绘制跟随鼠标: pos=PyQt6.QtCore.QPointF(261.0, -165.0)
2025-03-13 17:12:32,624 - CircuitSimulator - DEBUG - 更新导线路径: start=PyQt6.QtCore.QPointF(178.0, -130.0), end=PyQt6.QtCore.QPointF(261.0, -164.0)
2025-03-13 17:12:32,624 - CircuitSimulator - DEBUG - 导线绘制跟随鼠标: pos=PyQt6.QtCore.QPointF(261.0, -164.0)
2025-03-13 17:12:32,633 - CircuitSimulator - DEBUG - 更新导线路径: start=PyQt6.QtCore.QPointF(178.0, -130.0), end=PyQt6.QtCore.QPointF(262.0, -164.0)
2025-03-13 17:12:32,633 - CircuitSimulator - DEBUG - 导线绘制跟随鼠标: pos=PyQt6.QtCore.QPointF(262.0, -164.0)
2025-03-13 17:12:32,642 - CircuitSimulator - DEBUG - 更新导线路径: start=PyQt6.QtCore.QPointF(178.0, -130.0), end=PyQt6.QtCore.QPointF(263.0, -162.0)
2025-03-13 17:12:32,642 - CircuitSimulator - DEBUG - 导线绘制跟随鼠标: pos=PyQt6.QtCore.QPointF(263.0, -162.0)
2025-03-13 17:12:32,650 - CircuitSimulator - DEBUG - 更新导线路径: start=PyQt6.QtCore.QPointF(178.0, -130.0), end=PyQt6.QtCore.QPointF(264.0, -161.0)
2025-03-13 17:12:32,650 - CircuitSimulator - DEBUG - 导线绘制跟随鼠标: pos=PyQt6.QtCore.QPointF(264.0, -161.0)
2025-03-13 17:12:32,658 - CircuitSimulator - DEBUG - 更新导线路径: start=PyQt6.QtCore.QPointF(178.0, -130.0), end=PyQt6.QtCore.QPointF(267.0, -160.0)
2025-03-13 17:12:32,658 - CircuitSimulator - DEBUG - 导线绘制跟随鼠标: pos=PyQt6.QtCore.QPointF(267.0, -160.0)
2025-03-13 17:12:32,670 - CircuitSimulator - DEBUG - 更新导线路径: start=PyQt6.QtCore.QPointF(178.0, -130.0), end=PyQt6.QtCore.QPointF(268.0, -158.0)
2025-03-13 17:12:32,670 - CircuitSimulator - DEBUG - 导线绘制跟随鼠标: pos=PyQt6.QtCore.QPointF(268.0, -158.0)
2025-03-13 17:12:32,670 - CircuitSimulator - DEBUG - 更新导线路径: start=PyQt6.QtCore.QPointF(178.0, -130.0), end=PyQt6.QtCore.QPointF(269.0, -157.0)
2025-03-13 17:12:32,670 - CircuitSimulator - DEBUG - 导线绘制跟随鼠标: pos=PyQt6.QtCore.QPointF(269.0, -157.0)
2025-03-13 17:12:32,689 - CircuitSimulator - DEBUG - 更新导线路径: start=PyQt6.QtCore.QPointF(178.0, -130.0), end=PyQt6.QtCore.QPointF(273.0, -154.0)
2025-03-13 17:12:32,690 - CircuitSimulator - DEBUG - 导线绘制跟随鼠标: pos=PyQt6.QtCore.QPointF(273.0, -154.0)
2025-03-13 17:12:32,690 - CircuitSimulator - DEBUG - 更新导线路径: start=PyQt6.QtCore.QPointF(178.0, -130.0), end=PyQt6.QtCore.QPointF(273.0, -153.0)
2025-03-13 17:12:32,690 - CircuitSimulator - DEBUG - 导线绘制跟随鼠标: pos=PyQt6.QtCore.QPointF(273.0, -153.0)
2025-03-13 17:12:32,704 - CircuitSimulator - DEBUG - 更新导线路径: start=PyQt6.QtCore.QPointF(178.0, -130.0), end=PyQt6.QtCore.QPointF(276.0, -150.0)
2025-03-13 17:12:32,704 - CircuitSimulator - DEBUG - 导线绘制跟随鼠标: pos=PyQt6.QtCore.QPointF(276.0, -150.0)
2025-03-13 17:12:32,720 - CircuitSimulator - DEBUG - 更新导线路径: start=PyQt6.QtCore.QPointF(178.0, -130.0), end=PyQt6.QtCore.QPointF(276.0, -148.0)
2025-03-13 17:12:32,721 - CircuitSimulator - DEBUG - 导线绘制跟随鼠标: pos=PyQt6.QtCore.QPointF(276.0, -148.0)
2025-03-13 17:12:32,721 - CircuitSimulator - DEBUG - 更新导线路径: start=PyQt6.QtCore.QPointF(178.0, -130.0), end=PyQt6.QtCore.QPointF(276.0, -147.0)
2025-03-13 17:12:32,721 - CircuitSimulator - DEBUG - 导线绘制跟随鼠标: pos=PyQt6.QtCore.QPointF(276.0, -147.0)
2025-03-13 17:12:32,731 - CircuitSimulator - DEBUG - 更新导线路径: start=PyQt6.QtCore.QPointF(178.0, -130.0), end=PyQt6.QtCore.QPointF(280.0, -140.0)
2025-03-13 17:12:32,732 - CircuitSimulator - DEBUG - 导线绘制吸附到连接点: pos=PyQt6.QtCore.QPointF(280.0, -140.0)
2025-03-13 17:12:32,743 - CircuitSimulator - DEBUG - 更新导线路径: start=PyQt6.QtCore.QPointF(178.0, -130.0), end=PyQt6.QtCore.QPointF(280.0, -140.0)
2025-03-13 17:12:32,743 - CircuitSimulator - DEBUG - 导线绘制吸附到连接点: pos=PyQt6.QtCore.QPointF(280.0, -140.0)
2025-03-13 17:12:32,911 - CircuitSimulator - DEBUG - 更新导线路径: start=PyQt6.QtCore.QPointF(178.0, -130.0), end=PyQt6.QtCore.QPointF(280.0, -140.0)
2025-03-13 17:12:32,911 - CircuitSimulator - DEBUG - 导线绘制吸附到连接点: pos=PyQt6.QtCore.QPointF(280.0, -140.0)
2025-03-13 17:12:32,919 - CircuitSimulator - DEBUG - 更新导线路径: start=PyQt6.QtCore.QPointF(178.0, -130.0), end=PyQt6.QtCore.QPointF(280.0, -140.0)
2025-03-13 17:12:32,919 - CircuitSimulator - DEBUG - 导线绘制吸附到连接点: pos=PyQt6.QtCore.QPointF(280.0, -140.0)
2025-03-13 17:12:32,923 - CircuitSimulator - DEBUG - 更新导线路径: start=PyQt6.QtCore.QPointF(178.0, -130.0), end=PyQt6.QtCore.QPointF(280.0, -140.0)
2025-03-13 17:12:32,923 - CircuitSimulator - DEBUG - 导线绘制吸附到连接点: pos=PyQt6.QtCore.QPointF(280.0, -140.0)
2025-03-13 17:12:32,932 - CircuitSimulator - DEBUG - 更新导线路径: start=PyQt6.QtCore.QPointF(178.0, -130.0), end=PyQt6.QtCore.QPointF(280.0, -140.0)
2025-03-13 17:12:32,932 - CircuitSimulator - DEBUG - 导线绘制吸附到连接点: pos=PyQt6.QtCore.QPointF(280.0, -140.0)
2025-03-13 17:12:32,939 - CircuitSimulator - DEBUG - 更新导线路径: start=PyQt6.QtCore.QPointF(178.0, -130.0), end=PyQt6.QtCore.QPointF(280.0, -140.0)
2025-03-13 17:12:32,939 - CircuitSimulator - DEBUG - 导线绘制吸附到连接点: pos=PyQt6.QtCore.QPointF(280.0, -140.0)
2025-03-13 17:12:32,955 - CircuitSimulator - DEBUG - 更新导线路径: start=PyQt6.QtCore.QPointF(178.0, -130.0), end=PyQt6.QtCore.QPointF(280.0, -140.0)
2025-03-13 17:12:32,955 - CircuitSimulator - DEBUG - 导线绘制吸附到连接点: pos=PyQt6.QtCore.QPointF(280.0, -140.0)
2025-03-13 17:12:33,244 - CircuitSimulator - DEBUG - 释放导线: pos=PyQt6.QtCore.QPointF(279.0, -142.0), 找到目标点=True
2025-03-13 17:12:33,244 - CircuitSimulator - DEBUG - 更新导线路径: start=PyQt6.QtCore.QPointF(178.0, -130.0), end=PyQt6.QtCore.QPointF(280.0, -140.0)
2025-03-13 17:12:33,244 - CircuitSimulator - DEBUG - 导线连接完成
2025-03-13 17:12:35,965 - CircuitSimulator - DEBUG - 鼠标按下事件: pos=PyQt6.QtCore.QPointF(-215.0, -61.0)
2025-03-13 17:12:35,966 - CircuitSimulator - DEBUG - 点击项类型: <class 'components.Component'>
2025-03-13 17:12:35,966 - CircuitSimulator - DEBUG - 点击组件
2025-03-13 17:12:37,013 - CircuitSimulator - DEBUG - 鼠标按下事件: pos=PyQt6.QtCore.QPointF(-107.0, 56.0)
2025-03-13 17:12:39,024 - CircuitSimulator - DEBUG - 鼠标按下事件: pos=PyQt6.QtCore.QPointF(-109.0, 52.0)
2025-03-13 17:12:39,024 - CircuitSimulator - DEBUG - 点击项类型: <class 'components.Component'>
2025-03-13 17:12:39,024 - CircuitSimulator - DEBUG - 点击组件
2025-03-13 17:12:41,069 - CircuitSimulator - DEBUG - 鼠标按下事件: pos=PyQt6.QtCore.QPointF(-41.0, -139.0)
2025-03-13 17:12:42,575 - CircuitSimulator - DEBUG - 鼠标按下事件: pos=PyQt6.QtCore.QPointF(-46.0, -136.0)
2025-03-13 17:12:42,575 - CircuitSimulator - DEBUG - 点击项类型: <class 'components.Component'>
2025-03-13 17:12:42,575 - CircuitSimulator - DEBUG - 点击组件
2025-03-13 17:12:43,101 - CircuitSimulator - DEBUG - 鼠标按下事件: pos=PyQt6.QtCore.QPointF(-45.0, -137.0)
2025-03-13 17:12:47,533 - CircuitSimulator - DEBUG - 鼠标按下事件: pos=PyQt6.QtCore.QPointF(160.0, -158.0)
2025-03-13 17:12:47,533 - CircuitSimulator - DEBUG - 点击项类型: <class 'NoneType'>
2025-03-13 17:12:48,235 - CircuitSimulator - DEBUG - 鼠标按下事件: pos=PyQt6.QtCore.QPointF(152.0, -143.0)
2025-03-13 17:12:48,235 - CircuitSimulator - DEBUG - 点击项类型: <class 'components.Component'>
2025-03-13 17:12:48,235 - CircuitSimulator - DEBUG - 点击组件
2025-03-13 17:12:48,839 - CircuitSimulator - DEBUG - 鼠标按下事件: pos=PyQt6.QtCore.QPointF(152.0, -143.0)
2025-03-13 17:12:48,839 - CircuitSimulator - DEBUG - 点击项类型: <class 'components.Component'>
2025-03-13 17:12:48,839 - CircuitSimulator - DEBUG - 点击组件
2025-03-13 17:12:49,717 - CircuitSimulator - DEBUG - 鼠标按下事件: pos=PyQt6.QtCore.QPointF(158.0, -165.0)
2025-03-13 17:12:49,717 - CircuitSimulator - DEBUG - 点击项类型: <class 'NoneType'>
2025-03-13 17:12:50,352 - CircuitSimulator - DEBUG - 鼠标按下事件: pos=PyQt6.QtCore.QPointF(151.0, -139.0)
2025-03-13 17:12:50,352 - CircuitSimulator - DEBUG - 点击项类型: <class 'components.Component'>
2025-03-13 17:12:50,352 - CircuitSimulator - DEBUG - 点击组件
2025-03-13 17:12:50,657 - CircuitSimulator - DEBUG - 鼠标按下事件: pos=PyQt6.QtCore.QPointF(151.0, -139.0)
2025-03-13 17:12:50,657 - CircuitSimulator - DEBUG - 点击项类型: <class 'components.Component'>
2025-03-13 17:12:50,657 - CircuitSimulator - DEBUG - 点击组件
2025-03-13 17:12:51,161 - CircuitSimulator - DEBUG - 鼠标按下事件: pos=PyQt6.QtCore.QPointF(151.0, -139.0)
2025-03-13 17:12:55,652 - CircuitSimulator - DEBUG - 鼠标按下事件: pos=PyQt6.QtCore.QPointF(-549.0, 129.0)
2025-03-13 17:12:55,652 - CircuitSimulator - DEBUG - 点击项类型: <class 'components.Component'>
2025-03-13 17:12:55,652 - CircuitSimulator - DEBUG - 点击组件
2025-03-13 17:12:57,723 - CircuitSimulator - DEBUG - 鼠标按下事件: pos=PyQt6.QtCore.QPointF(72.0, 82.0)
2025-03-13 17:12:57,723 - CircuitSimulator - DEBUG - 点击项类型: <class 'NoneType'>
2025-03-13 17:12:58,839 - CircuitSimulator - DEBUG - 鼠标按下事件: pos=PyQt6.QtCore.QPointF(210.0, -27.0)
2025-03-13 17:12:58,839 - CircuitSimulator - DEBUG - 点击项类型: <class 'NoneType'>
2025-03-13 17:12:59,998 - CircuitSimulator - DEBUG - 鼠标按下事件: pos=PyQt6.QtCore.QPointF(114.0, -48.0)
2025-03-13 17:12:59,999 - CircuitSimulator - DEBUG - 点击项类型: <class 'NoneType'>
2025-03-13 17:13:01,080 - CircuitSimulator - DEBUG - 鼠标按下事件: pos=PyQt6.QtCore.QPointF(-58.0, -144.0)
2025-03-13 17:13:01,080 - CircuitSimulator - DEBUG - 点击项类型: <class 'components.Component'>
2025-03-13 17:13:01,080 - CircuitSimulator - DEBUG - 点击组件
2025-03-13 17:13:01,688 - CircuitSimulator - DEBUG - 鼠标按下事件: pos=PyQt6.QtCore.QPointF(-44.0, -142.0)
2025-03-13 17:13:01,688 - CircuitSimulator - DEBUG - 点击项类型: <class 'components.Component'>
2025-03-13 17:13:01,688 - CircuitSimulator - DEBUG - 点击组件
2025-03-13 17:13:02,128 - CircuitSimulator - DEBUG - 鼠标按下事件: pos=PyQt6.QtCore.QPointF(141.0, 41.0)
2025-03-13 17:13:02,128 - CircuitSimulator - DEBUG - 点击项类型: <class 'NoneType'>
